Log file open, 11/02/20 13:32:04
LogInit: Display: Running engine for game: HOMEWORK3
LogPlatformFile: Not using cached read wrapper
LogTaskGraph: Started task graph with 5 named threads and 47 total threads with 3 sets of task threads.
LogStats: Stats thread started at 0.099124
LogD3D11RHI: Loaded GFSDK_Aftermath_Lib.x64.dll
LogICUInternationalization: ICU TimeZone Detection - Raw Offset: +8:00, Platform Override: ''
LogPluginManager: Mounting plugin Paper2D
LogPluginManager: Mounting plugin AISupport
LogPluginManager: Mounting plugin LightPropagationVolume
LogPluginManager: Mounting plugin CameraShakePreviewer
LogPluginManager: Mounting plugin ActorLayerUtilities
LogPluginManager: Mounting plugin AnimationSharing
LogPluginManager: Mounting plugin CLionSourceCodeAccess
LogPluginManager: Mounting plugin CodeLiteSourceCodeAccess
LogPluginManager: Mounting plugin GitSourceControl
LogPluginManager: Mounting plugin KDevelopSourceCodeAccess
LogPluginManager: Mounting plugin NullSourceCodeAccess
LogPluginManager: Mounting plugin PerforceSourceControl
LogPluginManager: Mounting plugin PlasticSourceControl
LogPluginManager: Mounting plugin RiderSourceCodeAccess
LogPluginManager: Mounting plugin SubversionSourceControl
LogPluginManager: Mounting plugin UObjectPlugin
LogPluginManager: Mounting plugin VisualStudioCodeSourceCodeAccess
LogPluginManager: Mounting plugin VisualStudioSourceCodeAccess
LogPluginManager: Mounting plugin XCodeSourceCodeAccess
LogPluginManager: Mounting plugin AssetManagerEditor
LogPluginManager: Mounting plugin CryptoKeys
LogPluginManager: Mounting plugin CurveEditorTools
LogPluginManager: Mounting plugin DataValidation
LogPluginManager: Mounting plugin EditorScriptingUtilities
LogPluginManager: Mounting plugin FacialAnimation
LogPluginManager: Mounting plugin GameplayTagsEditor
LogPluginManager: Mounting plugin GeometryMode
LogPluginManager: Mounting plugin MacGraphicsSwitching
LogPluginManager: Mounting plugin MaterialAnalyzer
LogPluginManager: Mounting plugin MobileLauncherProfileWizard
LogPluginManager: Mounting plugin PluginBrowser
LogPluginManager: Mounting plugin SpeedTreeImporter
LogPluginManager: Mounting plugin DatasmithContent
LogPluginManager: Mounting plugin VariantManagerContent
LogPluginManager: Mounting plugin AlembicImporter
LogPluginManager: Mounting plugin AutomationUtils
LogPluginManager: Mounting plugin BackChannel
LogPluginManager: Mounting plugin ChaosCloth
LogPluginManager: Mounting plugin ChaosClothEditor
LogPluginManager: Mounting plugin ChaosEditor
LogPluginManager: Mounting plugin ChaosNiagara
LogPluginManager: Mounting plugin ChaosSolverPlugin
LogPluginManager: Mounting plugin CharacterAI
LogPluginManager: Mounting plugin GeometryCache
LogPluginManager: Mounting plugin GeometryCollectionPlugin
LogPluginManager: Mounting plugin GeometryProcessing
LogPluginManager: Mounting plugin PlanarCut
LogPluginManager: Mounting plugin PlatformCrypto
LogPluginManager: Mounting plugin ProxyLODPlugin
LogPluginManager: Mounting plugin SkeletalReduction
LogPluginManager: Mounting plugin Niagara
LogPluginManager: Mounting plugin MagicLeap
LogPluginManager: Mounting plugin MagicLeapLightEstimation
LogPluginManager: Mounting plugin MagicLeapMedia
LogPluginManager: Mounting plugin MagicLeapPassableWorld
LogPluginManager: Mounting plugin MLSDK
LogPluginManager: Mounting plugin AndroidMedia
LogPluginManager: Mounting plugin AvfMedia
LogPluginManager: Mounting plugin ImgMedia
LogPluginManager: Mounting plugin MediaCompositing
LogPluginManager: Mounting plugin MediaPlayerEditor
LogPluginManager: Mounting plugin WebMMedia
LogPluginManager: Mounting plugin WmfMedia
LogPluginManager: Mounting plugin MeshPainting
LogPluginManager: Mounting plugin TcpMessaging
LogPluginManager: Mounting plugin UdpMessaging
LogPluginManager: Mounting plugin ActorSequence
LogPluginManager: Mounting plugin LevelSequenceEditor
LogPluginManager: Mounting plugin MatineeToLevelSequence
LogPluginManager: Mounting plugin MovieRenderPipeline
LogPluginManager: Mounting plugin TemplateSequence
LogPluginManager: Mounting plugin NetcodeUnitTest
LogPluginManager: Mounting plugin NUTUnrealEngine4
LogPluginManager: Mounting plugin OnlineSubsystemGooglePlay
LogPluginManager: Mounting plugin OnlineSubsystemIOS
LogPluginManager: Mounting plugin OnlineSubsystem
LogPluginManager: Mounting plugin OnlineSubsystemNull
LogPluginManager: Mounting plugin OnlineSubsystemUtils
LogPluginManager: Mounting plugin LauncherChunkInstaller
LogPluginManager: Mounting plugin AndroidDeviceProfileSelector
LogPluginManager: Mounting plugin AndroidMoviePlayer
LogPluginManager: Mounting plugin AndroidPermission
LogPluginManager: Mounting plugin AppleImageUtils
LogPluginManager: Mounting plugin AppleMoviePlayer
LogPluginManager: Mounting plugin ArchVisCharacter
LogPluginManager: Mounting plugin AssetTags
LogPluginManager: Mounting plugin AudioCapture
LogPluginManager: Mounting plugin CableComponent
LogPluginManager: Mounting plugin CustomMeshComponent
LogPluginManager: Mounting plugin EditableMesh
LogPluginManager: Mounting plugin ExampleDeviceProfileSelector
LogPluginManager: Mounting plugin GoogleCloudMessaging
LogPluginManager: Mounting plugin GooglePAD
LogPluginManager: Mounting plugin IOSDeviceProfileSelector
LogPluginManager: Mounting plugin LinuxDeviceProfileSelector
LogPluginManager: Mounting plugin LocationServicesBPLibrary
LogPluginManager: Mounting plugin MobilePatchingUtils
LogPluginManager: Mounting plugin OculusVR
LogPluginManager: Mounting plugin PhysXVehicles
LogPluginManager: Mounting plugin PostSplashScreen
LogPluginManager: Mounting plugin ProceduralMeshComponent
LogPluginManager: Mounting plugin RuntimePhysXCooking
LogPluginManager: Mounting plugin SignificanceManager
LogPluginManager: Mounting plugin SoundFields
LogPluginManager: Mounting plugin SteamVR
LogPluginManager: Mounting plugin Synthesis
LogPluginManager: Mounting plugin WebMMoviePlayer
LogPluginManager: Mounting plugin WindowsMoviePlayer
LogPluginManager: Mounting plugin ScreenshotTools
LogInit: Using libcurl 7.55.1-DEV
LogInit:  - built for x86_64-pc-win32
LogInit:  - supports SSL with OpenSSL/1.1.1
LogInit:  - supports HTTP deflate (compression) using libz 1.2.8
LogInit:  - other features:
LogInit:      CURL_VERSION_SSL
LogInit:      CURL_VERSION_LIBZ
LogInit:      CURL_VERSION_IPV6
LogInit:      CURL_VERSION_ASYNCHDNS
LogInit:      CURL_VERSION_LARGEFILE
LogInit:      CURL_VERSION_IDN
LogInit:  CurlRequestOptions (configurable via config and command line):
LogInit:  - bVerifyPeer = true  - Libcurl will verify peer certificate
LogInit:  - bUseHttpProxy = true  - Libcurl will use HTTP proxy
LogInit:  - HttpProxyAddress = '127.0.0.1:4780'
LogInit:  - bDontReuseConnections = false  - Libcurl will reuse connections
LogInit:  - MaxHostConnections = 16  - Libcurl will limit the number of connections to a host
LogInit:  - LocalHostAddr = Default
LogInit:  - BufferSize = 65536
LogOnline: OSS: Creating online subsystem instance for: NULL
LogInit: WinSock: version 1.1 (2.2), MaxSocks=32767, MaxUdp=65467
LogOnline: OSS: TryLoadSubsystemAndSetDefault: Loaded subsystem for module [NULL]
LogInit: Build: ++UE4+Release-4.25-CL-0
LogInit: Engine Version: 4.25.3-0+++UE4+Release-4.25
LogInit: Compatible Engine Version: 4.25.0-0+++UE4+Release-4.25
LogInit: Net CL: 0
LogInit: OS: Windows 10 (Release 1909) (), CPU: AMD Ryzen 7 4800H with Radeon Graphics         , GPU: NVIDIA GeForce RTX 2060
LogInit: Compiled (64-bit): Oct 24 2020 15:55:50
LogInit: Compiled with Visual C++: 19.27.29111.00
LogInit: Build Configuration: Development
LogInit: Branch Name: ++UE4+Release-4.25
LogInit: Command Line: 
LogInit: Base Directory: E:/TencentGameDevelop/UnrealEngine/Engine/Binaries/Win64/
LogInit: Allocator: TBB
LogInit: Installed Engine Build: 0
LogDevObjectVersion: Number of dev versions registered: 26
LogDevObjectVersion:   Dev-Blueprints (B0D832E4-1F89-4F0D-ACCF-7EB736FD4AA2): 10
LogDevObjectVersion:   Dev-Build (E1C64328-A22C-4D53-A36C-8E866417BD8C): 0
LogDevObjectVersion:   Dev-Core (375EC13C-06E4-48FB-B500-84F0262A717E): 4
LogDevObjectVersion:   Dev-Editor (E4B068ED-F494-42E9-A231-DA0B2E46BB41): 38
LogDevObjectVersion:   Dev-Framework (CFFC743F-43B0-4480-9391-14DF171D2073): 37
LogDevObjectVersion:   Dev-Mobile (B02B49B5-BB20-44E9-A304-32B752E40360): 2
LogDevObjectVersion:   Dev-Networking (A4E4105C-59A1-49B5-A7C5-40C4547EDFEE): 0
LogDevObjectVersion:   Dev-Online (39C831C9-5AE6-47DC-9A44-9C173E1C8E7C): 0
LogDevObjectVersion:   Dev-Physics (78F01B33-EBEA-4F98-B9B4-84EACCB95AA2): 4
LogDevObjectVersion:   Dev-Platform (6631380F-2D4D-43E0-8009-CF276956A95A): 0
LogDevObjectVersion:   Dev-Rendering (12F88B9F-8875-4AFC-A67C-D90C383ABD29): 43
LogDevObjectVersion:   Dev-Sequencer (7B5AE74C-D270-4C10-A958-57980B212A5A): 12
LogDevObjectVersion:   Dev-VR (D7296918-1DD6-4BDD-9DE2-64A83CC13884): 3
LogDevObjectVersion:   Dev-LoadTimes (C2A15278-BFE7-4AFE-6C17-90FF531DF755): 1
LogDevObjectVersion:   Private-Geometry (6EACA3D4-40EC-4CC1-B786-8BED09428FC5): 3
LogDevObjectVersion:   Dev-AnimPhys (29E575DD-E0A3-4627-9D10-D276232CDCEA): 17
LogDevObjectVersion:   Dev-Anim (AF43A65D-7FD3-4947-9873-3E8ED9C1BB05): 7
LogDevObjectVersion:   Dev-ReflectionCapture (6B266CEC-1EC7-4B8F-A30B-E4D90942FC07): 1
LogDevObjectVersion:   Dev-Automation (0DF73D61-A23F-47EA-B727-89E90C41499A): 1
LogDevObjectVersion:   FortniteMain (601D1886-AC64-4F84-AA16-D3DE0DEAC7D6): 31
LogDevObjectVersion:   Dev-Enterprise (9DFFBCD6-494F-0158-E221-12823C92A888): 10
LogDevObjectVersion:   Dev-Niagara (F2AED0AC-9AFE-416F-8664-AA7FFA26D6FC): 1
LogDevObjectVersion:   Dev-Destruction (174F1F0B-B4C6-45A5-B13F-2EE8D0FB917D): 10
LogDevObjectVersion:   Dev-Physics-Ext (35F94A83-E258-406C-A318-09F59610247C): 37
LogDevObjectVersion:   Dev-PhysicsMaterial-Chaos (B68FC16E-8B1B-42E2-B453-215C058844FE): 1
LogDevObjectVersion:   Dev-CineCamera (B2E18506-4273-CFC2-A54E-F4BB758BBA07): 1
LogInit: Presizing for max 25165824 objects, including 0 objects not considered by GC, pre-allocating 0 bytes for permanent pool.
LogConfig: Applying CVar settings from Section [/Script/Engine.StreamingSettings] File [E:/TencentGameDevelop/TencentGameDevelop/HOMEWORK3/Saved/Config/Windows/Engine.ini]
LogConfig: Setting CVar [[s.MinBulkDataSizeForAsyncLoading:131072]]
LogConfig: Setting CVar [[s.AsyncLoadingThreadEnabled:0]]
LogConfig: Setting CVar [[s.EventDrivenLoaderEnabled:1]]
LogConfig: Setting CVar [[s.WarnIfTimeLimitExceeded:0]]
LogConfig: Setting CVar [[s.TimeLimitExceededMultiplier:1.5]]
LogConfig: Setting CVar [[s.TimeLimitExceededMinTime:0.005]]
LogConfig: Setting CVar [[s.UseBackgroundLevelStreaming:1]]
LogConfig: Setting CVar [[s.PriorityAsyncLoadingExtraTime:15.0]]
LogConfig: Setting CVar [[s.LevelStreamingActorsUpdateTimeLimit:5.0]]
LogConfig: Setting CVar [[s.PriorityLevelStreamingActorsUpdateExtraTime:5.0]]
LogConfig: Setting CVar [[s.LevelStreamingComponentsRegistrationGranularity:10]]
LogConfig: Setting CVar [[s.UnregisterComponentsTimeLimit:1.0]]
LogConfig: Setting CVar [[s.LevelStreamingComponentsUnregistrationGranularity:5]]
LogConfig: Setting CVar [[s.FlushStreamingOnExit:1]]
LogInit: Object subsystem initialized
LogConfig: Setting CVar [[con.DebugEarlyDefault:1]]
LogConfig: Setting CVar [[r.setres:1280x720]]
[2020.11.02-05.32.05:156][  0]LogConfig: Setting CVar [[r.VSync:0]]
[2020.11.02-05.32.05:156][  0]LogConfig: Setting CVar [[r.RHICmdBypass:0]]
[2020.11.02-05.32.05:156][  0]LogConfig: Applying CVar settings from Section [/Script/Engine.RendererSettings] File [E:/TencentGameDevelop/TencentGameDevelop/HOMEWORK3/Saved/Config/Windows/Engine.ini]
[2020.11.02-05.32.05:156][  0]LogConfig: Setting CVar [[r.GPUCrashDebugging:0]]
[2020.11.02-05.32.05:156][  0]LogConfig: Setting CVar [[r.Mobile.DisableVertexFog:1]]
[2020.11.02-05.32.05:156][  0]LogConfig: Setting CVar [[r.Shadow.CSM.MaxMobileCascades:2]]
[2020.11.02-05.32.05:156][  0]LogConfig: Setting CVar [[r.MobileMSAA:1]]
[2020.11.02-05.32.05:156][  0]LogConfig: Setting CVar [[r.Mobile.UseLegacyShadingModel:0]]
[2020.11.02-05.32.05:156][  0]LogConfig: Setting CVar [[r.Mobile.AllowDitheredLODTransition:0]]
[2020.11.02-05.32.05:156][  0]LogConfig: Setting CVar [[r.Mobile.AllowSoftwareOcclusion:0]]
[2020.11.02-05.32.05:156][  0]LogConfig: Setting CVar [[r.Mobile.VirtualTextures:0]]
[2020.11.02-05.32.05:156][  0]LogConfig: Setting CVar [[r.DiscardUnusedQuality:0]]
[2020.11.02-05.32.05:156][  0]LogConfig: Setting CVar [[r.AllowOcclusionQueries:1]]
[2020.11.02-05.32.05:156][  0]LogConfig: Setting CVar [[r.MinScreenRadiusForLights:0.030000]]
[2020.11.02-05.32.05:156][  0]LogConfig: Setting CVar [[r.MinScreenRadiusForDepthPrepass:0.030000]]
[2020.11.02-05.32.05:156][  0]LogConfig: Setting CVar [[r.MinScreenRadiusForCSMDepth:0.010000]]
[2020.11.02-05.32.05:156][  0]LogConfig: Setting CVar [[r.PrecomputedVisibilityWarning:0]]
[2020.11.02-05.32.05:156][  0]LogConfig: Setting CVar [[r.TextureStreaming:1]]
[2020.11.02-05.32.05:156][  0]LogConfig: Setting CVar [[Compat.UseDXT5NormalMaps:0]]
[2020.11.02-05.32.05:156][  0]LogConfig: Setting CVar [[r.VirtualTextures:0]]
[2020.11.02-05.32.05:156][  0]LogConfig: Setting CVar [[r.VirtualTexturedLightmaps:0]]
[2020.11.02-05.32.05:156][  0]LogConfig: Setting CVar [[r.VT.TileSize:128]]
[2020.11.02-05.32.05:156][  0]LogConfig: Setting CVar [[r.VT.TileBorderSize:4]]
[2020.11.02-05.32.05:157][  0]LogConfig: Setting CVar [[r.vt.FeedbackFactor:16]]
[2020.11.02-05.32.05:157][  0]LogConfig: Setting CVar [[r.VT.EnableCompressZlib:1]]
[2020.11.02-05.32.05:157][  0]LogConfig: Setting CVar [[r.VT.EnableCompressCrunch:0]]
[2020.11.02-05.32.05:157][  0]LogConfig: Setting CVar [[r.ClearCoatNormal:0]]
[2020.11.02-05.32.05:157][  0]LogConfig: Setting CVar [[r.AnisotropicBRDF:0]]
[2020.11.02-05.32.05:157][  0]LogConfig: Setting CVar [[r.ReflectionCaptureResolution:128]]
[2020.11.02-05.32.05:157][  0]LogConfig: Setting CVar [[r.ReflectionEnvironmentLightmapMixBasedOnRoughness:1]]
[2020.11.02-05.32.05:157][  0]LogConfig: Setting CVar [[r.ForwardShading:0]]
[2020.11.02-05.32.05:157][  0]LogConfig: Setting CVar [[r.VertexFoggingForOpaque:1]]
[2020.11.02-05.32.05:157][  0]LogConfig: Setting CVar [[r.AllowStaticLighting:1]]
[2020.11.02-05.32.05:157][  0]LogConfig: Setting CVar [[r.NormalMapsForStaticLighting:0]]
[2020.11.02-05.32.05:157][  0]LogConfig: Setting CVar [[r.GenerateMeshDistanceFields:0]]
[2020.11.02-05.32.05:157][  0]LogConfig: Setting CVar [[r.DistanceFieldBuild.EightBit:0]]
[2020.11.02-05.32.05:157][  0]LogConfig: Setting CVar [[r.GenerateLandscapeGIData:0]]
[2020.11.02-05.32.05:157][  0]LogConfig: Setting CVar [[r.DistanceFieldBuild.Compress:0]]
[2020.11.02-05.32.05:157][  0]LogConfig: Setting CVar [[r.TessellationAdaptivePixelsPerTriangle:48.000000]]
[2020.11.02-05.32.05:157][  0]LogConfig: Setting CVar [[r.SeparateTranslucency:0]]
[2020.11.02-05.32.05:157][  0]LogConfig: Setting CVar [[r.TranslucentSortPolicy:0]]
[2020.11.02-05.32.05:157][  0]LogConfig: Setting CVar [[r.CustomDepth:1]]
[2020.11.02-05.32.05:157][  0]LogConfig: Setting CVar [[r.CustomDepthTemporalAAJitter:1]]
[2020.11.02-05.32.05:157][  0]LogConfig: Setting CVar [[r.PostProcessing.PropagateAlpha:0]]
[2020.11.02-05.32.05:157][  0]LogConfig: Setting CVar [[r.DefaultFeature.Bloom:0]]
[2020.11.02-05.32.05:157][  0]LogConfig: Setting CVar [[r.DefaultFeature.AmbientOcclusion:0]]
[2020.11.02-05.32.05:157][  0]LogConfig: Setting CVar [[r.DefaultFeature.AmbientOcclusionStaticFraction:1]]
[2020.11.02-05.32.05:157][  0]LogConfig: Setting CVar [[r.DefaultFeature.AutoExposure:0]]
[2020.11.02-05.32.05:157][  0]LogConfig: Setting CVar [[r.DefaultFeature.AutoExposure.Method:0]]
[2020.11.02-05.32.05:157][  0]LogConfig: Setting CVar [[r.DefaultFeature.AutoExposure.Bias:1.000000]]
[2020.11.02-05.32.05:157][  0]LogConfig: Setting CVar [[r.DefaultFeature.AutoExposure.ExtendDefaultLuminanceRange:0]]
[2020.11.02-05.32.05:157][  0]LogConfig: Setting CVar [[r.UsePreExposure:1]]
[2020.11.02-05.32.05:157][  0]LogConfig: Setting CVar [[r.EyeAdaptation.EditorOnly:0]]
[2020.11.02-05.32.05:157][  0]LogConfig: Setting CVar [[r.DefaultFeature.MotionBlur:0]]
[2020.11.02-05.32.05:157][  0]LogConfig: Setting CVar [[r.DefaultFeature.LensFlare:0]]
[2020.11.02-05.32.05:157][  0]LogConfig: Setting CVar [[r.TemporalAA.Upsampling:0]]
[2020.11.02-05.32.05:157][  0]LogConfig: Setting CVar [[r.SSGI.Enable:0]]
[2020.11.02-05.32.05:157][  0]LogConfig: Setting CVar [[r.DefaultFeature.AntiAliasing:0]]
[2020.11.02-05.32.05:157][  0]LogConfig: Setting CVar [[r.DefaultFeature.LightUnits:1]]
[2020.11.02-05.32.05:157][  0]LogConfig: Setting CVar [[r.DefaultBackBufferPixelFormat:4]]
[2020.11.02-05.32.05:157][  0]LogConfig: Setting CVar [[r.Shadow.UnbuiltPreviewInGame:1]]
[2020.11.02-05.32.05:157][  0]LogConfig: Setting CVar [[r.StencilForLODDither:0]]
[2020.11.02-05.32.05:157][  0]LogConfig: Setting CVar [[r.EarlyZPass:3]]
[2020.11.02-05.32.05:157][  0]LogConfig: Setting CVar [[r.EarlyZPassOnlyMaterialMasking:0]]
[2020.11.02-05.32.05:157][  0]LogConfig: Setting CVar [[r.DBuffer:1]]
[2020.11.02-05.32.05:157][  0]LogConfig: Setting CVar [[r.ClearSceneMethod:1]]
[2020.11.02-05.32.05:157][  0]LogConfig: Setting CVar [[r.BasePassOutputsVelocity:0]]
[2020.11.02-05.32.05:157][  0]LogConfig: Setting CVar [[r.VertexDeformationOutputsVelocity:0]]
[2020.11.02-05.32.05:157][  0]LogConfig: Setting CVar [[r.SelectiveBasePassOutputs:0]]
[2020.11.02-05.32.05:157][  0]LogConfig: Setting CVar [[fx.GPUSimulationTextureSizeX:1024]]
[2020.11.02-05.32.05:157][  0]LogConfig: Setting CVar [[fx.GPUSimulationTextureSizeY:1024]]
[2020.11.02-05.32.05:157][  0]LogConfig: Setting CVar [[r.AllowGlobalClipPlane:0]]
[2020.11.02-05.32.05:157][  0]LogConfig: Setting CVar [[r.GBufferFormat:1]]
[2020.11.02-05.32.05:157][  0]LogConfig: Setting CVar [[r.MorphTarget.Mode:1]]
[2020.11.02-05.32.05:157][  0]LogConfig: Setting CVar [[vr.InstancedStereo:0]]
[2020.11.02-05.32.05:157][  0]LogConfig: Setting CVar [[r.MobileHDR:1]]
[2020.11.02-05.32.05:157][  0]LogConfig: Setting CVar [[vr.MobileMultiView:0]]
[2020.11.02-05.32.05:157][  0]LogConfig: Setting CVar [[r.Mobile.UseHWsRGBEncoding:0]]
[2020.11.02-05.32.05:157][  0]LogConfig: Setting CVar [[vr.RoundRobinOcclusion:0]]
[2020.11.02-05.32.05:157][  0]LogConfig: Setting CVar [[vr.ODSCapture:0]]
[2020.11.02-05.32.05:157][  0]LogConfig: Setting CVar [[r.MeshStreaming:0]]
[2020.11.02-05.32.05:157][  0]LogConfig: Setting CVar [[r.WireframeCullThreshold:5.000000]]
[2020.11.02-05.32.05:157][  0]LogConfig: Setting CVar [[r.RayTracing:0]]
[2020.11.02-05.32.05:157][  0]LogConfig: Setting CVar [[r.RayTracing.UseTextureLod:0]]
[2020.11.02-05.32.05:157][  0]LogConfig: Setting CVar [[r.SupportStationarySkylight:1]]
[2020.11.02-05.32.05:157][  0]LogConfig: Setting CVar [[r.SupportLowQualityLightmaps:1]]
[2020.11.02-05.32.05:157][  0]LogConfig: Setting CVar [[r.SupportPointLightWholeSceneShadows:1]]
[2020.11.02-05.32.05:157][  0]LogConfig: Setting CVar [[r.SupportAtmosphericFog:1]]
[2020.11.02-05.32.05:157][  0]LogConfig: Setting CVar [[r.SupportSkyAtmosphere:1]]
[2020.11.02-05.32.05:157][  0]LogConfig: Setting CVar [[r.SupportSkyAtmosphereAffectsHeightFog:0]]
[2020.11.02-05.32.05:157][  0]LogConfig: Setting CVar [[r.SkinCache.CompileShaders:0]]
[2020.11.02-05.32.05:157][  0]LogConfig: Setting CVar [[r.SkinCache.DefaultBehavior:1]]
[2020.11.02-05.32.05:157][  0]LogConfig: Setting CVar [[r.SkinCache.SceneMemoryLimitInMB:128.000000]]
[2020.11.02-05.32.05:157][  0]LogConfig: Setting CVar [[r.Mobile.EnableStaticAndCSMShadowReceivers:1]]
[2020.11.02-05.32.05:157][  0]LogConfig: Setting CVar [[r.Mobile.EnableMovableLightCSMShaderCulling:1]]
[2020.11.02-05.32.05:157][  0]LogConfig: Setting CVar [[r.Mobile.AllowDistanceFieldShadows:1]]
[2020.11.02-05.32.05:157][  0]LogConfig: Setting CVar [[r.Mobile.AllowMovableDirectionalLights:1]]
[2020.11.02-05.32.05:157][  0]LogConfig: Setting CVar [[r.MobileNumDynamicPointLights:4]]
[2020.11.02-05.32.05:157][  0]LogConfig: Setting CVar [[r.MobileDynamicPointLightsUseStaticBranch:1]]
[2020.11.02-05.32.05:157][  0]LogConfig: Setting CVar [[r.Mobile.EnableMovableSpotlights:0]]
[2020.11.02-05.32.05:157][  0]LogConfig: Setting CVar [[r.GPUSkin.Support16BitBoneIndex:0]]
[2020.11.02-05.32.05:157][  0]LogConfig: Setting CVar [[r.GPUSkin.Limit2BoneInfluences:0]]
[2020.11.02-05.32.05:158][  0]LogConfig: Setting CVar [[r.SupportDepthOnlyIndexBuffers:1]]
[2020.11.02-05.32.05:158][  0]LogConfig: Setting CVar [[r.SupportReversedIndexBuffers:1]]
[2020.11.02-05.32.05:158][  0]LogConfig: Setting CVar [[r.SupportMaterialLayers:0]]
[2020.11.02-05.32.05:158][  0]LogConfig: Setting CVar [[r.LightPropagationVolume:0]]
[2020.11.02-05.32.05:158][  0]LogConfig: Applying CVar settings from Section [/Script/Engine.RendererOverrideSettings] File [E:/TencentGameDevelop/TencentGameDevelop/HOMEWORK3/Saved/Config/Windows/Engine.ini]
[2020.11.02-05.32.05:158][  0]LogConfig: Applying CVar settings from Section [/Script/Engine.StreamingSettings] File [E:/TencentGameDevelop/TencentGameDevelop/HOMEWORK3/Saved/Config/Windows/Engine.ini]
[2020.11.02-05.32.05:158][  0]LogConfig: Setting CVar [[s.MinBulkDataSizeForAsyncLoading:131072]]
[2020.11.02-05.32.05:158][  0]LogConfig: Setting CVar [[s.AsyncLoadingThreadEnabled:0]]
[2020.11.02-05.32.05:158][  0]LogConfig: Setting CVar [[s.EventDrivenLoaderEnabled:1]]
[2020.11.02-05.32.05:158][  0]LogConfig: Setting CVar [[s.WarnIfTimeLimitExceeded:0]]
[2020.11.02-05.32.05:158][  0]LogConfig: Setting CVar [[s.TimeLimitExceededMultiplier:1.5]]
[2020.11.02-05.32.05:158][  0]LogConfig: Setting CVar [[s.TimeLimitExceededMinTime:0.005]]
[2020.11.02-05.32.05:158][  0]LogConfig: Setting CVar [[s.UseBackgroundLevelStreaming:1]]
[2020.11.02-05.32.05:158][  0]LogConfig: Setting CVar [[s.PriorityAsyncLoadingExtraTime:15.0]]
[2020.11.02-05.32.05:158][  0]LogConfig: Setting CVar [[s.LevelStreamingActorsUpdateTimeLimit:5.0]]
[2020.11.02-05.32.05:158][  0]LogConfig: Setting CVar [[s.PriorityLevelStreamingActorsUpdateExtraTime:5.0]]
[2020.11.02-05.32.05:158][  0]LogConfig: Setting CVar [[s.LevelStreamingComponentsRegistrationGranularity:10]]
[2020.11.02-05.32.05:158][  0]LogConfig: Setting CVar [[s.UnregisterComponentsTimeLimit:1.0]]
[2020.11.02-05.32.05:158][  0]LogConfig: Setting CVar [[s.LevelStreamingComponentsUnregistrationGranularity:5]]
[2020.11.02-05.32.05:158][  0]LogConfig: Setting CVar [[s.FlushStreamingOnExit:1]]
[2020.11.02-05.32.05:158][  0]LogConfig: Applying CVar settings from Section [/Script/Engine.GarbageCollectionSettings] File [E:/TencentGameDevelop/TencentGameDevelop/HOMEWORK3/Saved/Config/Windows/Engine.ini]
[2020.11.02-05.32.05:158][  0]LogConfig: Setting CVar [[gc.MaxObjectsNotConsideredByGC:1]]
[2020.11.02-05.32.05:158][  0]LogConfig: Setting CVar [[gc.SizeOfPermanentObjectPool:0]]
[2020.11.02-05.32.05:158][  0]LogConfig: Setting CVar [[gc.FlushStreamingOnGC:0]]
[2020.11.02-05.32.05:158][  0]LogConfig: Setting CVar [[gc.NumRetriesBeforeForcingGC:10]]
[2020.11.02-05.32.05:158][  0]LogConfig: Setting CVar [[gc.AllowParallelGC:1]]
[2020.11.02-05.32.05:158][  0]LogConfig: Setting CVar [[gc.TimeBetweenPurgingPendingKillObjects:61.1]]
[2020.11.02-05.32.05:158][  0]LogConfig: Setting CVar [[gc.MaxObjectsInEditor:25165824]]
[2020.11.02-05.32.05:158][  0]LogConfig: Setting CVar [[gc.IncrementalBeginDestroyEnabled:1]]
[2020.11.02-05.32.05:158][  0]LogConfig: Setting CVar [[gc.CreateGCClusters:1]]
[2020.11.02-05.32.05:158][  0]LogConfig: Setting CVar [[gc.MinGCClusterSize:5]]
[2020.11.02-05.32.05:158][  0]LogConfig: Setting CVar [[gc.ActorClusteringEnabled:0]]
[2020.11.02-05.32.05:158][  0]LogConfig: Setting CVar [[gc.BlueprintClusteringEnabled:0]]
[2020.11.02-05.32.05:158][  0]LogConfig: Setting CVar [[gc.UseDisregardForGCOnDedicatedServers:0]]
[2020.11.02-05.32.05:158][  0]LogConfig: Applying CVar settings from Section [/Script/Engine.NetworkSettings] File [E:/TencentGameDevelop/TencentGameDevelop/HOMEWORK3/Saved/Config/Windows/Engine.ini]
[2020.11.02-05.32.05:158][  0]LogConfig: Applying CVar settings from Section [/Script/UnrealEd.CookerSettings] File [E:/TencentGameDevelop/TencentGameDevelop/HOMEWORK3/Saved/Config/Windows/Engine.ini]
[2020.11.02-05.32.05:160][  0]LogConfig: Applying CVar settings from Section [ViewDistanceQuality@3] File [E:/TencentGameDevelop/TencentGameDevelop/HOMEWORK3/Saved/Config/Windows/Scalability.ini]
[2020.11.02-05.32.05:160][  0]LogConfig: Setting CVar [[r.SkeletalMeshLODBias:0]]
[2020.11.02-05.32.05:160][  0]LogConfig: Setting CVar [[r.ViewDistanceScale:1.0]]
[2020.11.02-05.32.05:160][  0]LogConfig: Applying CVar settings from Section [AntiAliasingQuality@3] File [E:/TencentGameDevelop/TencentGameDevelop/HOMEWORK3/Saved/Config/Windows/Scalability.ini]
[2020.11.02-05.32.05:160][  0]LogConfig: Setting CVar [[r.PostProcessAAQuality:4]]
[2020.11.02-05.32.05:160][  0]LogConfig: Applying CVar settings from Section [ShadowQuality@3] File [E:/TencentGameDevelop/TencentGameDevelop/HOMEWORK3/Saved/Config/Windows/Scalability.ini]
[2020.11.02-05.32.05:160][  0]LogConfig: Setting CVar [[r.LightFunctionQuality:1]]
[2020.11.02-05.32.05:160][  0]LogConfig: Setting CVar [[r.ShadowQuality:5]]
[2020.11.02-05.32.05:160][  0]LogConfig: Setting CVar [[r.Shadow.CSM.MaxCascades:10]]
[2020.11.02-05.32.05:160][  0]LogConfig: Setting CVar [[r.Shadow.MaxResolution:2048]]
[2020.11.02-05.32.05:160][  0]LogConfig: Setting CVar [[r.Shadow.MaxCSMResolution:2048]]
[2020.11.02-05.32.05:160][  0]LogConfig: Setting CVar [[r.Shadow.RadiusThreshold:0.01]]
[2020.11.02-05.32.05:160][  0]LogConfig: Setting CVar [[r.Shadow.DistanceScale:1.0]]
[2020.11.02-05.32.05:160][  0]LogConfig: Setting CVar [[r.Shadow.CSM.TransitionScale:1.0]]
[2020.11.02-05.32.05:160][  0]LogConfig: Setting CVar [[r.Shadow.PreShadowResolutionFactor:1.0]]
[2020.11.02-05.32.05:160][  0]LogConfig: Setting CVar [[r.DistanceFieldShadowing:1]]
[2020.11.02-05.32.05:160][  0]LogConfig: Setting CVar [[r.DistanceFieldAO:1]]
[2020.11.02-05.32.05:160][  0]LogConfig: Setting CVar [[r.AOQuality:2]]
[2020.11.02-05.32.05:160][  0]LogConfig: Setting CVar [[r.VolumetricFog:1]]
[2020.11.02-05.32.05:160][  0]LogConfig: Setting CVar [[r.VolumetricFog.GridPixelSize:8]]
[2020.11.02-05.32.05:160][  0]LogConfig: Setting CVar [[r.VolumetricFog.GridSizeZ:128]]
[2020.11.02-05.32.05:160][  0]LogConfig: Setting CVar [[r.VolumetricFog.HistoryMissSupersampleCount:4]]
[2020.11.02-05.32.05:160][  0]LogConfig: Setting CVar [[r.LightMaxDrawDistanceScale:1]]
[2020.11.02-05.32.05:160][  0]LogConfig: Setting CVar [[r.CapsuleShadows:1]]
[2020.11.02-05.32.05:160][  0]LogConfig: Applying CVar settings from Section [PostProcessQuality@3] File [E:/TencentGameDevelop/TencentGameDevelop/HOMEWORK3/Saved/Config/Windows/Scalability.ini]
[2020.11.02-05.32.05:160][  0]LogConfig: Setting CVar [[r.MotionBlurQuality:4]]
[2020.11.02-05.32.05:160][  0]LogConfig: Setting CVar [[r.AmbientOcclusionMipLevelFactor:0.4]]
[2020.11.02-05.32.05:160][  0]LogConfig: Setting CVar [[r.AmbientOcclusionMaxQuality:100]]
[2020.11.02-05.32.05:160][  0]LogConfig: Setting CVar [[r.AmbientOcclusionLevels:-1]]
[2020.11.02-05.32.05:160][  0]LogConfig: Setting CVar [[r.AmbientOcclusionRadiusScale:1.0]]
[2020.11.02-05.32.05:160][  0]LogConfig: Setting CVar [[r.DepthOfFieldQuality:2]]
[2020.11.02-05.32.05:160][  0]LogConfig: Setting CVar [[r.RenderTargetPoolMin:400]]
[2020.11.02-05.32.05:160][  0]LogConfig: Setting CVar [[r.LensFlareQuality:2]]
[2020.11.02-05.32.05:160][  0]LogConfig: Setting CVar [[r.SceneColorFringeQuality:1]]
[2020.11.02-05.32.05:160][  0]LogConfig: Setting CVar [[r.EyeAdaptationQuality:2]]
[2020.11.02-05.32.05:160][  0]LogConfig: Setting CVar [[r.BloomQuality:5]]
[2020.11.02-05.32.05:160][  0]LogConfig: Setting CVar [[r.FastBlurThreshold:100]]
[2020.11.02-05.32.05:160][  0]LogConfig: Setting CVar [[r.Upscale.Quality:3]]
[2020.11.02-05.32.05:160][  0]LogConfig: Setting CVar [[r.Tonemapper.GrainQuantization:1]]
[2020.11.02-05.32.05:160][  0]LogConfig: Setting CVar [[r.LightShaftQuality:1]]
[2020.11.02-05.32.05:160][  0]LogConfig: Setting CVar [[r.Filter.SizeScale:1]]
[2020.11.02-05.32.05:160][  0]LogConfig: Setting CVar [[r.Tonemapper.Quality:5]]
[2020.11.02-05.32.05:160][  0]LogConfig: Setting CVar [[r.DOF.Gather.AccumulatorQuality:1        ; higher gathering accumulator quality]]
[2020.11.02-05.32.05:160][  0]LogConfig: Setting CVar [[r.DOF.Gather.PostfilterMethod:1          ; Median3x3 postfilering method]]
[2020.11.02-05.32.05:160][  0]LogConfig: Setting CVar [[r.DOF.Gather.EnableBokehSettings:0       ; no bokeh simulation when gathering]]
[2020.11.02-05.32.05:160][  0]LogConfig: Setting CVar [[r.DOF.Gather.RingCount:4                 ; medium number of samples when gathering]]
[2020.11.02-05.32.05:160][  0]LogConfig: Setting CVar [[r.DOF.Scatter.ForegroundCompositing:1    ; additive foreground scattering]]
[2020.11.02-05.32.05:160][  0]LogConfig: Setting CVar [[r.DOF.Scatter.BackgroundCompositing:2    ; additive background scattering]]
[2020.11.02-05.32.05:160][  0]LogConfig: Setting CVar [[r.DOF.Scatter.EnableBokehSettings:1      ; bokeh simulation when scattering]]
[2020.11.02-05.32.05:160][  0]LogConfig: Setting CVar [[r.DOF.Scatter.MaxSpriteRatio:0.1         ; only a maximum of 10% of scattered bokeh]]
[2020.11.02-05.32.05:160][  0]LogConfig: Setting CVar [[r.DOF.Recombine.Quality:1                ; cheap slight out of focus]]
[2020.11.02-05.32.05:160][  0]LogConfig: Setting CVar [[r.DOF.Recombine.EnableBokehSettings:0    ; no bokeh simulation on slight out of focus]]
[2020.11.02-05.32.05:160][  0]LogConfig: Setting CVar [[r.DOF.TemporalAAQuality:1                ; more stable temporal accumulation]]
[2020.11.02-05.32.05:161][  0]LogConfig: Setting CVar [[r.DOF.Kernel.MaxForegroundRadius:0.025]]
[2020.11.02-05.32.05:161][  0]LogConfig: Setting CVar [[r.DOF.Kernel.MaxBackgroundRadius:0.025]]
[2020.11.02-05.32.05:161][  0]LogConfig: Applying CVar settings from Section [TextureQuality@3] File [E:/TencentGameDevelop/TencentGameDevelop/HOMEWORK3/Saved/Config/Windows/Scalability.ini]
[2020.11.02-05.32.05:161][  0]LogConfig: Setting CVar [[r.Streaming.MipBias:0]]
[2020.11.02-05.32.05:161][  0]LogConfig: Setting CVar [[r.Streaming.AmortizeCPUToGPUCopy:0]]
[2020.11.02-05.32.05:161][  0]LogConfig: Setting CVar [[r.Streaming.MaxNumTexturesToStreamPerFrame:0]]
[2020.11.02-05.32.05:161][  0]LogConfig: Setting CVar [[r.Streaming.Boost:1]]
[2020.11.02-05.32.05:161][  0]LogConfig: Setting CVar [[r.MaxAnisotropy:8]]
[2020.11.02-05.32.05:161][  0]LogConfig: Setting CVar [[r.VT.MaxAnisotropy:8]]
[2020.11.02-05.32.05:161][  0]LogConfig: Setting CVar [[r.Streaming.LimitPoolSizeToVRAM:0]]
[2020.11.02-05.32.05:161][  0]LogConfig: Setting CVar [[r.Streaming.PoolSize:1000]]
[2020.11.02-05.32.05:161][  0]LogConfig: Setting CVar [[r.Streaming.MaxEffectiveScreenSize:0]]
[2020.11.02-05.32.05:161][  0]LogConfig: Applying CVar settings from Section [EffectsQuality@3] File [E:/TencentGameDevelop/TencentGameDevelop/HOMEWORK3/Saved/Config/Windows/Scalability.ini]
[2020.11.02-05.32.05:161][  0]LogConfig: Setting CVar [[r.TranslucencyLightingVolumeDim:64]]
[2020.11.02-05.32.05:161][  0]LogConfig: Setting CVar [[r.RefractionQuality:2]]
[2020.11.02-05.32.05:161][  0]LogConfig: Setting CVar [[r.SSR.Quality:3]]
[2020.11.02-05.32.05:161][  0]LogConfig: Setting CVar [[r.SSR.HalfResSceneColor:0]]
[2020.11.02-05.32.05:161][  0]LogConfig: Setting CVar [[r.SceneColorFormat:4]]
[2020.11.02-05.32.05:161][  0]LogConfig: Setting CVar [[r.DetailMode:2]]
[2020.11.02-05.32.05:161][  0]LogConfig: Setting CVar [[r.TranslucencyVolumeBlur:1]]
[2020.11.02-05.32.05:161][  0]LogConfig: Setting CVar [[r.MaterialQualityLevel:1 ; High quality]]
[2020.11.02-05.32.05:161][  0]LogConfig: Setting CVar [[r.SSS.Scale:1]]
[2020.11.02-05.32.05:161][  0]LogConfig: Setting CVar [[r.SSS.SampleSet:2]]
[2020.11.02-05.32.05:161][  0]LogConfig: Setting CVar [[r.SSS.Quality:1]]
[2020.11.02-05.32.05:161][  0]LogConfig: Setting CVar [[r.SSS.HalfRes:0]]
[2020.11.02-05.32.05:161][  0]LogConfig: Setting CVar [[r.SSGI.Quality:3]]
[2020.11.02-05.32.05:161][  0]LogConfig: Setting CVar [[r.EmitterSpawnRateScale:1.0]]
[2020.11.02-05.32.05:161][  0]LogConfig: Setting CVar [[r.ParticleLightQuality:2]]
[2020.11.02-05.32.05:161][  0]LogConfig: Setting CVar [[r.SkyAtmosphere.AerialPerspectiveLUT.FastApplyOnOpaque:1 ; Always have FastSkyLUT 1 in this case to avoid wrong sky]]
[2020.11.02-05.32.05:161][  0]LogConfig: Setting CVar [[r.SkyAtmosphere.AerialPerspectiveLUT.SampleCountPerSlice:1]]
[2020.11.02-05.32.05:161][  0]LogConfig: Setting CVar [[r.SkyAtmosphere.AerialPerspectiveLUT.DepthResolution:16.0]]
[2020.11.02-05.32.05:161][  0]LogConfig: Setting CVar [[r.SkyAtmosphere.FastSkyLUT:1]]
[2020.11.02-05.32.05:161][  0]LogConfig: Setting CVar [[r.SkyAtmosphere.FastSkyLUT.SampleCountMin:4.0]]
[2020.11.02-05.32.05:161][  0]LogConfig: Setting CVar [[r.SkyAtmosphere.FastSkyLUT.SampleCountMax:32.0]]
[2020.11.02-05.32.05:161][  0]LogConfig: Setting CVar [[r.SkyAtmosphere.SampleCountMin:4.0]]
[2020.11.02-05.32.05:161][  0]LogConfig: Setting CVar [[r.SkyAtmosphere.SampleCountMax:32.0]]
[2020.11.02-05.32.05:161][  0]LogConfig: Setting CVar [[r.SkyAtmosphere.TransmittanceLUT.UseSmallFormat:0]]
[2020.11.02-05.32.05:161][  0]LogConfig: Setting CVar [[r.SkyAtmosphere.TransmittanceLUT.SampleCount:10.0]]
[2020.11.02-05.32.05:161][  0]LogConfig: Setting CVar [[r.SkyAtmosphere.MultiScatteringLUT.SampleCount:15.0]]
[2020.11.02-05.32.05:161][  0]LogConfig: Applying CVar settings from Section [FoliageQuality@3] File [E:/TencentGameDevelop/TencentGameDevelop/HOMEWORK3/Saved/Config/Windows/Scalability.ini]
[2020.11.02-05.32.05:161][  0]LogConfig: Setting CVar [[foliage.DensityScale:1.0]]
[2020.11.02-05.32.05:161][  0]LogConfig: Setting CVar [[grass.DensityScale:1.0]]
[2020.11.02-05.32.05:161][  0]LogConfig: Applying CVar settings from Section [ShadingQuality@3] File [E:/TencentGameDevelop/TencentGameDevelop/HOMEWORK3/Saved/Config/Windows/Scalability.ini]
[2020.11.02-05.32.05:161][  0]LogConfig: Setting CVar [[r.HairStrands.SkyLighting.SampleCount:16]]
[2020.11.02-05.32.05:161][  0]LogConfig: Setting CVar [[r.HairStrands.SkyLighting.JitterIntegration:0]]
[2020.11.02-05.32.05:161][  0]LogConfig: Setting CVar [[r.HairStrands.SkyAO.SampleCount:16]]
[2020.11.02-05.32.05:161][  0]LogConfig: Setting CVar [[r.HairStrands.DeepShadow.SuperSampling:0]]
[2020.11.02-05.32.05:161][  0]LogConfig: Setting CVar [[r.HairStrands.VisibilityPPLL:0]]
[2020.11.02-05.32.05:161][  0]LogConfig: Setting CVar [[r.HairStrands.RasterizationScale:0.5]]
[2020.11.02-05.32.05:161][  0]LogConfig: Setting CVar [[r.HairStrands.VelocityRasterizationScale:1]]
[2020.11.02-05.32.05:161][  0]LogInit: Selected Device Profile: [Windows]
[2020.11.02-05.32.05:161][  0]LogInit: Applying CVar settings loaded from the selected device profile: [Windows]
[2020.11.02-05.32.05:161][  0]LogHAL: Display: Platform has ~ 16 GB [17042837504 / 17179869184 / 16], which maps to Larger [LargestMinGB=32, LargerMinGB=12, DefaultMinGB=8, SmallerMinGB=6, SmallestMinGB=0)
[2020.11.02-05.32.05:161][  0]LogInit: Going up to parent DeviceProfile []
[2020.11.02-05.32.05:161][  0]LogConfig: Applying CVar settings from Section [ViewDistanceQuality@3] File [E:/TencentGameDevelop/TencentGameDevelop/HOMEWORK3/Saved/Config/Windows/Scalability.ini]
[2020.11.02-05.32.05:161][  0]LogConfig: Setting CVar [[r.SkeletalMeshLODBias:0]]
[2020.11.02-05.32.05:161][  0]LogConfig: Setting CVar [[r.ViewDistanceScale:1.0]]
[2020.11.02-05.32.05:161][  0]LogConfig: Applying CVar settings from Section [AntiAliasingQuality@3] File [E:/TencentGameDevelop/TencentGameDevelop/HOMEWORK3/Saved/Config/Windows/Scalability.ini]
[2020.11.02-05.32.05:161][  0]LogConfig: Setting CVar [[r.PostProcessAAQuality:4]]
[2020.11.02-05.32.05:161][  0]LogConfig: Applying CVar settings from Section [ShadowQuality@3] File [E:/TencentGameDevelop/TencentGameDevelop/HOMEWORK3/Saved/Config/Windows/Scalability.ini]
[2020.11.02-05.32.05:161][  0]LogConfig: Setting CVar [[r.LightFunctionQuality:1]]
[2020.11.02-05.32.05:161][  0]LogConfig: Setting CVar [[r.ShadowQuality:5]]
[2020.11.02-05.32.05:161][  0]LogConfig: Setting CVar [[r.Shadow.CSM.MaxCascades:10]]
[2020.11.02-05.32.05:161][  0]LogConfig: Setting CVar [[r.Shadow.MaxResolution:2048]]
[2020.11.02-05.32.05:161][  0]LogConfig: Setting CVar [[r.Shadow.MaxCSMResolution:2048]]
[2020.11.02-05.32.05:161][  0]LogConfig: Setting CVar [[r.Shadow.RadiusThreshold:0.01]]
[2020.11.02-05.32.05:161][  0]LogConfig: Setting CVar [[r.Shadow.DistanceScale:1.0]]
[2020.11.02-05.32.05:161][  0]LogConfig: Setting CVar [[r.Shadow.CSM.TransitionScale:1.0]]
[2020.11.02-05.32.05:161][  0]LogConfig: Setting CVar [[r.Shadow.PreShadowResolutionFactor:1.0]]
[2020.11.02-05.32.05:161][  0]LogConfig: Setting CVar [[r.DistanceFieldShadowing:1]]
[2020.11.02-05.32.05:161][  0]LogConfig: Setting CVar [[r.DistanceFieldAO:1]]
[2020.11.02-05.32.05:161][  0]LogConfig: Setting CVar [[r.AOQuality:2]]
[2020.11.02-05.32.05:161][  0]LogConfig: Setting CVar [[r.VolumetricFog:1]]
[2020.11.02-05.32.05:161][  0]LogConfig: Setting CVar [[r.VolumetricFog.GridPixelSize:8]]
[2020.11.02-05.32.05:161][  0]LogConfig: Setting CVar [[r.VolumetricFog.GridSizeZ:128]]
[2020.11.02-05.32.05:161][  0]LogConfig: Setting CVar [[r.VolumetricFog.HistoryMissSupersampleCount:4]]
[2020.11.02-05.32.05:161][  0]LogConfig: Setting CVar [[r.LightMaxDrawDistanceScale:1]]
[2020.11.02-05.32.05:161][  0]LogConfig: Setting CVar [[r.CapsuleShadows:1]]
[2020.11.02-05.32.05:161][  0]LogConfig: Applying CVar settings from Section [PostProcessQuality@3] File [E:/TencentGameDevelop/TencentGameDevelop/HOMEWORK3/Saved/Config/Windows/Scalability.ini]
[2020.11.02-05.32.05:161][  0]LogConfig: Setting CVar [[r.MotionBlurQuality:4]]
[2020.11.02-05.32.05:161][  0]LogConfig: Setting CVar [[r.AmbientOcclusionMipLevelFactor:0.4]]
[2020.11.02-05.32.05:161][  0]LogConfig: Setting CVar [[r.AmbientOcclusionMaxQuality:100]]
[2020.11.02-05.32.05:161][  0]LogConfig: Setting CVar [[r.AmbientOcclusionLevels:-1]]
[2020.11.02-05.32.05:161][  0]LogConfig: Setting CVar [[r.AmbientOcclusionRadiusScale:1.0]]
[2020.11.02-05.32.05:161][  0]LogConfig: Setting CVar [[r.DepthOfFieldQuality:2]]
[2020.11.02-05.32.05:161][  0]LogConfig: Setting CVar [[r.RenderTargetPoolMin:400]]
[2020.11.02-05.32.05:161][  0]LogConfig: Setting CVar [[r.LensFlareQuality:2]]
[2020.11.02-05.32.05:161][  0]LogConfig: Setting CVar [[r.SceneColorFringeQuality:1]]
[2020.11.02-05.32.05:161][  0]LogConfig: Setting CVar [[r.EyeAdaptationQuality:2]]
[2020.11.02-05.32.05:161][  0]LogConfig: Setting CVar [[r.BloomQuality:5]]
[2020.11.02-05.32.05:162][  0]LogConfig: Setting CVar [[r.FastBlurThreshold:100]]
[2020.11.02-05.32.05:162][  0]LogConfig: Setting CVar [[r.Upscale.Quality:3]]
[2020.11.02-05.32.05:162][  0]LogConfig: Setting CVar [[r.Tonemapper.GrainQuantization:1]]
[2020.11.02-05.32.05:162][  0]LogConfig: Setting CVar [[r.LightShaftQuality:1]]
[2020.11.02-05.32.05:162][  0]LogConfig: Setting CVar [[r.Filter.SizeScale:1]]
[2020.11.02-05.32.05:162][  0]LogConfig: Setting CVar [[r.Tonemapper.Quality:5]]
[2020.11.02-05.32.05:162][  0]LogConfig: Setting CVar [[r.DOF.Gather.AccumulatorQuality:1        ; higher gathering accumulator quality]]
[2020.11.02-05.32.05:162][  0]LogConfig: Setting CVar [[r.DOF.Gather.PostfilterMethod:1          ; Median3x3 postfilering method]]
[2020.11.02-05.32.05:162][  0]LogConfig: Setting CVar [[r.DOF.Gather.EnableBokehSettings:0       ; no bokeh simulation when gathering]]
[2020.11.02-05.32.05:162][  0]LogConfig: Setting CVar [[r.DOF.Gather.RingCount:4                 ; medium number of samples when gathering]]
[2020.11.02-05.32.05:162][  0]LogConfig: Setting CVar [[r.DOF.Scatter.ForegroundCompositing:1    ; additive foreground scattering]]
[2020.11.02-05.32.05:162][  0]LogConfig: Setting CVar [[r.DOF.Scatter.BackgroundCompositing:2    ; additive background scattering]]
[2020.11.02-05.32.05:162][  0]LogConfig: Setting CVar [[r.DOF.Scatter.EnableBokehSettings:1      ; bokeh simulation when scattering]]
[2020.11.02-05.32.05:162][  0]LogConfig: Setting CVar [[r.DOF.Scatter.MaxSpriteRatio:0.1         ; only a maximum of 10% of scattered bokeh]]
[2020.11.02-05.32.05:162][  0]LogConfig: Setting CVar [[r.DOF.Recombine.Quality:1                ; cheap slight out of focus]]
[2020.11.02-05.32.05:162][  0]LogConfig: Setting CVar [[r.DOF.Recombine.EnableBokehSettings:0    ; no bokeh simulation on slight out of focus]]
[2020.11.02-05.32.05:162][  0]LogConfig: Setting CVar [[r.DOF.TemporalAAQuality:1                ; more stable temporal accumulation]]
[2020.11.02-05.32.05:162][  0]LogConfig: Setting CVar [[r.DOF.Kernel.MaxForegroundRadius:0.025]]
[2020.11.02-05.32.05:162][  0]LogConfig: Setting CVar [[r.DOF.Kernel.MaxBackgroundRadius:0.025]]
[2020.11.02-05.32.05:162][  0]LogConfig: Applying CVar settings from Section [TextureQuality@3] File [E:/TencentGameDevelop/TencentGameDevelop/HOMEWORK3/Saved/Config/Windows/Scalability.ini]
[2020.11.02-05.32.05:162][  0]LogConfig: Setting CVar [[r.Streaming.MipBias:0]]
[2020.11.02-05.32.05:162][  0]LogConfig: Setting CVar [[r.Streaming.AmortizeCPUToGPUCopy:0]]
[2020.11.02-05.32.05:162][  0]LogConfig: Setting CVar [[r.Streaming.MaxNumTexturesToStreamPerFrame:0]]
[2020.11.02-05.32.05:162][  0]LogConfig: Setting CVar [[r.Streaming.Boost:1]]
[2020.11.02-05.32.05:162][  0]LogConfig: Setting CVar [[r.MaxAnisotropy:8]]
[2020.11.02-05.32.05:162][  0]LogConfig: Setting CVar [[r.VT.MaxAnisotropy:8]]
[2020.11.02-05.32.05:162][  0]LogConfig: Setting CVar [[r.Streaming.LimitPoolSizeToVRAM:0]]
[2020.11.02-05.32.05:162][  0]LogConfig: Setting CVar [[r.Streaming.PoolSize:1000]]
[2020.11.02-05.32.05:162][  0]LogConfig: Setting CVar [[r.Streaming.MaxEffectiveScreenSize:0]]
[2020.11.02-05.32.05:162][  0]LogConfig: Applying CVar settings from Section [EffectsQuality@3] File [E:/TencentGameDevelop/TencentGameDevelop/HOMEWORK3/Saved/Config/Windows/Scalability.ini]
[2020.11.02-05.32.05:162][  0]LogConfig: Setting CVar [[r.TranslucencyLightingVolumeDim:64]]
[2020.11.02-05.32.05:162][  0]LogConfig: Setting CVar [[r.RefractionQuality:2]]
[2020.11.02-05.32.05:162][  0]LogConfig: Setting CVar [[r.SSR.Quality:3]]
[2020.11.02-05.32.05:162][  0]LogConfig: Setting CVar [[r.SSR.HalfResSceneColor:0]]
[2020.11.02-05.32.05:162][  0]LogConfig: Setting CVar [[r.SceneColorFormat:4]]
[2020.11.02-05.32.05:162][  0]LogConfig: Setting CVar [[r.DetailMode:2]]
[2020.11.02-05.32.05:162][  0]LogConfig: Setting CVar [[r.TranslucencyVolumeBlur:1]]
[2020.11.02-05.32.05:162][  0]LogConfig: Setting CVar [[r.MaterialQualityLevel:1 ; High quality]]
[2020.11.02-05.32.05:162][  0]LogConfig: Setting CVar [[r.SSS.Scale:1]]
[2020.11.02-05.32.05:162][  0]LogConfig: Setting CVar [[r.SSS.SampleSet:2]]
[2020.11.02-05.32.05:162][  0]LogConfig: Setting CVar [[r.SSS.Quality:1]]
[2020.11.02-05.32.05:162][  0]LogConfig: Setting CVar [[r.SSS.HalfRes:0]]
[2020.11.02-05.32.05:162][  0]LogConfig: Setting CVar [[r.SSGI.Quality:3]]
[2020.11.02-05.32.05:162][  0]LogConfig: Setting CVar [[r.EmitterSpawnRateScale:1.0]]
[2020.11.02-05.32.05:162][  0]LogConfig: Setting CVar [[r.ParticleLightQuality:2]]
[2020.11.02-05.32.05:162][  0]LogConfig: Setting CVar [[r.SkyAtmosphere.AerialPerspectiveLUT.FastApplyOnOpaque:1 ; Always have FastSkyLUT 1 in this case to avoid wrong sky]]
[2020.11.02-05.32.05:162][  0]LogConfig: Setting CVar [[r.SkyAtmosphere.AerialPerspectiveLUT.SampleCountPerSlice:1]]
[2020.11.02-05.32.05:162][  0]LogConfig: Setting CVar [[r.SkyAtmosphere.AerialPerspectiveLUT.DepthResolution:16.0]]
[2020.11.02-05.32.05:162][  0]LogConfig: Setting CVar [[r.SkyAtmosphere.FastSkyLUT:1]]
[2020.11.02-05.32.05:162][  0]LogConfig: Setting CVar [[r.SkyAtmosphere.FastSkyLUT.SampleCountMin:4.0]]
[2020.11.02-05.32.05:162][  0]LogConfig: Setting CVar [[r.SkyAtmosphere.FastSkyLUT.SampleCountMax:32.0]]
[2020.11.02-05.32.05:162][  0]LogConfig: Setting CVar [[r.SkyAtmosphere.SampleCountMin:4.0]]
[2020.11.02-05.32.05:162][  0]LogConfig: Setting CVar [[r.SkyAtmosphere.SampleCountMax:32.0]]
[2020.11.02-05.32.05:162][  0]LogConfig: Setting CVar [[r.SkyAtmosphere.TransmittanceLUT.UseSmallFormat:0]]
[2020.11.02-05.32.05:162][  0]LogConfig: Setting CVar [[r.SkyAtmosphere.TransmittanceLUT.SampleCount:10.0]]
[2020.11.02-05.32.05:162][  0]LogConfig: Setting CVar [[r.SkyAtmosphere.MultiScatteringLUT.SampleCount:15.0]]
[2020.11.02-05.32.05:162][  0]LogConfig: Applying CVar settings from Section [FoliageQuality@3] File [E:/TencentGameDevelop/TencentGameDevelop/HOMEWORK3/Saved/Config/Windows/Scalability.ini]
[2020.11.02-05.32.05:162][  0]LogConfig: Setting CVar [[foliage.DensityScale:1.0]]
[2020.11.02-05.32.05:162][  0]LogConfig: Setting CVar [[grass.DensityScale:1.0]]
[2020.11.02-05.32.05:162][  0]LogConfig: Applying CVar settings from Section [ShadingQuality@3] File [E:/TencentGameDevelop/TencentGameDevelop/HOMEWORK3/Saved/Config/Windows/Scalability.ini]
[2020.11.02-05.32.05:162][  0]LogConfig: Setting CVar [[r.HairStrands.SkyLighting.SampleCount:16]]
[2020.11.02-05.32.05:162][  0]LogConfig: Setting CVar [[r.HairStrands.SkyLighting.JitterIntegration:0]]
[2020.11.02-05.32.05:162][  0]LogConfig: Setting CVar [[r.HairStrands.SkyAO.SampleCount:16]]
[2020.11.02-05.32.05:162][  0]LogConfig: Setting CVar [[r.HairStrands.DeepShadow.SuperSampling:0]]
[2020.11.02-05.32.05:162][  0]LogConfig: Setting CVar [[r.HairStrands.VisibilityPPLL:0]]
[2020.11.02-05.32.05:162][  0]LogConfig: Setting CVar [[r.HairStrands.RasterizationScale:0.5]]
[2020.11.02-05.32.05:162][  0]LogConfig: Setting CVar [[r.HairStrands.VelocityRasterizationScale:1]]
[2020.11.02-05.32.05:162][  0]LogConfig: Applying CVar settings from Section [Startup] File [../../../Engine/Config/ConsoleVariables.ini]
[2020.11.02-05.32.05:162][  0]LogConfig: Setting CVar [[net.UseAdaptiveNetUpdateFrequency:0]]
[2020.11.02-05.32.05:162][  0]LogConfig: Setting CVar [[p.chaos.AllowCreatePhysxBodies:1]]
[2020.11.02-05.32.05:162][  0]LogConfig: Setting CVar [[fx.SkipVectorVMBackendOptimizations:1]]
[2020.11.02-05.32.05:162][  0]LogConfig: Applying CVar settings from Section [ConsoleVariables] File [E:/TencentGameDevelop/TencentGameDevelop/HOMEWORK3/Saved/Config/Windows/Engine.ini]
[2020.11.02-05.32.05:163][  0]LogInit: Computer: LAPTOP-F0438F8C
[2020.11.02-05.32.05:163][  0]LogInit: User: melos
[2020.11.02-05.32.05:163][  0]LogInit: CPU Page size=4096, Cores=8
[2020.11.02-05.32.05:163][  0]LogInit: High frequency timer resolution =10.000000 MHz
[2020.11.02-05.32.05:163][  0]LogMemory: Memory total: Physical=15.9GB (16GB approx)
[2020.11.02-05.32.05:163][  0]LogMemory: Platform Memory Stats for Windows
[2020.11.02-05.32.05:163][  0]LogMemory: Process Physical Memory: 107.45 MB used, 107.45 MB peak
[2020.11.02-05.32.05:163][  0]LogMemory: Process Virtual Memory: 89.33 MB used, 89.33 MB peak
[2020.11.02-05.32.05:163][  0]LogMemory: Physical Memory: 6930.71 MB used,  9322.61 MB free, 16253.32 MB total
[2020.11.02-05.32.05:163][  0]LogMemory: Virtual Memory: 5173.13 MB used,  134212552.00 MB free, 134217728.00 MB total
[2020.11.02-05.32.05:173][  0]LogWindows: WindowsPlatformFeatures enabled
[2020.11.02-05.32.05:216][  0]LogInit: Physics initialised using underlying interface: PhysX
[2020.11.02-05.32.05:217][  0]LogInit: Using OS detected language (zh-CN).
[2020.11.02-05.32.05:217][  0]LogInit: Using OS detected locale (zh-CN).
[2020.11.02-05.32.05:219][  0]LogTextLocalizationManager: No specific localization for 'zh-CN' exists, so the 'zh-Hans' localization will be used.
[2020.11.02-05.32.05:321][  0]LogTextLocalizationResource: LocRes '../../../Engine/Content/Localization/Editor/zh/Editor.locres' could not be opened for reading!
[2020.11.02-05.32.05:321][  0]LogTextLocalizationResource: LocRes '../../../Engine/Content/Localization/EditorTutorials/zh/EditorTutorials.locres' could not be opened for reading!
[2020.11.02-05.32.05:321][  0]LogTextLocalizationResource: LocRes '../../../Engine/Content/Localization/Keywords/zh/Keywords.locres' could not be opened for reading!
[2020.11.02-05.32.05:321][  0]LogTextLocalizationResource: LocRes '../../../Engine/Content/Localization/Category/zh/Category.locres' could not be opened for reading!
[2020.11.02-05.32.05:322][  0]LogTextLocalizationResource: LocRes '../../../Engine/Content/Localization/ToolTips/zh/ToolTips.locres' could not be opened for reading!
[2020.11.02-05.32.05:322][  0]LogTextLocalizationResource: LocRes '../../../Engine/Content/Localization/PropertyNames/zh/PropertyNames.locres' could not be opened for reading!
[2020.11.02-05.32.05:322][  0]LogTextLocalizationResource: LocRes '../../../Engine/Content/Localization/Engine/zh/Engine.locres' could not be opened for reading!
[2020.11.02-05.32.05:322][  0]LogTextLocalizationResource: LocRes '../../../Engine/Plugins/Online/Android/OnlineSubsystemGooglePlay/Content/Localization/OnlineSubsystemGooglePlay/zh/OnlineSubsystemGooglePlay.locres' could not be opened for reading!
[2020.11.02-05.32.05:322][  0]LogTextLocalizationResource: LocRes '../../../Engine/Plugins/Online/IOS/OnlineSubsystemIOS/Content/Localization/OnlineSubsystemIOS/zh/OnlineSubsystemIOS.locres' could not be opened for reading!
[2020.11.02-05.32.05:322][  0]LogTextLocalizationResource: LocRes '../../../Engine/Plugins/Online/OnlineSubsystem/Content/Localization/OnlineSubsystem/zh/OnlineSubsystem.locres' could not be opened for reading!
[2020.11.02-05.32.05:322][  0]LogTextLocalizationResource: LocRes '../../../Engine/Plugins/Online/OnlineSubsystemUtils/Content/Localization/OnlineSubsystemUtils/zh/OnlineSubsystemUtils.locres' could not be opened for reading!
[2020.11.02-05.32.05:386][  0]LogInit: Setting process to per monitor DPI aware
[2020.11.02-05.32.05:458][  0]LogSlate: New Slate User Created.  User Index 0, Is Virtual User: 0
[2020.11.02-05.32.05:458][  0]LogSlate: Slate User Registered.  User Index 0, Is Virtual User: 0
[2020.11.02-05.32.05:641][  0]LogHMD: Failed to initialize OpenVR with code 110
[2020.11.02-05.32.05:641][  0]LogD3D11RHI: D3D11 min allowed feature level: 11_0
[2020.11.02-05.32.05:641][  0]LogD3D11RHI: D3D11 max allowed feature level: 11_0
[2020.11.02-05.32.05:641][  0]LogD3D11RHI: D3D11 adapters:
[2020.11.02-05.32.05:731][  0]LogD3D11RHI:    0. 'NVIDIA GeForce RTX 2060' (Feature Level 11_0)
[2020.11.02-05.32.05:731][  0]LogD3D11RHI:       5980/0/8126 MB DedicatedVideo/DedicatedSystem/SharedSystem, Outputs:1, VendorId:0x10de
[2020.11.02-05.32.05:733][  0]LogD3D11RHI:    1. 'Microsoft Basic Render Driver' (Feature Level 11_0)
[2020.11.02-05.32.05:733][  0]LogD3D11RHI:       0/0/8126 MB DedicatedVideo/DedicatedSystem/SharedSystem, Outputs:0, VendorId:0x1414
[2020.11.02-05.32.05:733][  0]LogD3D11RHI: Chosen D3D11 Adapter: 0
[2020.11.02-05.32.05:742][  0]LogD3D11RHI: Creating new Direct3DDevice
[2020.11.02-05.32.05:742][  0]LogD3D11RHI:     GPU DeviceId: 0x1f15 (for the marketing name, search the web for "GPU Device Id")
[2020.11.02-05.32.05:742][  0]LogWindows: EnumDisplayDevices:
[2020.11.02-05.32.05:742][  0]LogWindows:    0. 'NVIDIA GeForce RTX 2060' (P:1 D:1)
[2020.11.02-05.32.05:743][  0]LogWindows:    1. 'NVIDIA GeForce RTX 2060' (P:0 D:0)
[2020.11.02-05.32.05:743][  0]LogWindows:    2. 'NVIDIA GeForce RTX 2060' (P:0 D:0)
[2020.11.02-05.32.05:744][  0]LogWindows:    3. 'NVIDIA GeForce RTX 2060' (P:0 D:0)
[2020.11.02-05.32.05:744][  0]LogWindows: DebugString: FoundDriverCount:4 
[2020.11.02-05.32.05:744][  0]LogD3D11RHI:     Adapter Name: NVIDIA GeForce RTX 2060
[2020.11.02-05.32.05:744][  0]LogD3D11RHI:   Driver Version: 451.91 (internal:27.21.14.5191, unified:451.91)
[2020.11.02-05.32.05:744][  0]LogD3D11RHI:      Driver Date: 8-2-2020
[2020.11.02-05.32.05:744][  0]LogRHI: Texture pool is 4186 MB (70% of 5980 MB)
[2020.11.02-05.32.05:796][  0]LogD3D11RHI: RHI has support for 64 bit atomics
[2020.11.02-05.32.05:798][  0]LogD3D11RHI: [Aftermath] Enabled and primed
[2020.11.02-05.32.05:798][  0]LogD3D11RHI: Async texture creation enabled
[2020.11.02-05.32.05:798][  0]LogD3D11RHI: Array index from any shader is supported
[2020.11.02-05.32.05:823][  0]LogD3D11RHI: GPU Timing Frequency: 1000.000000 (Debug: 2 2)
[2020.11.02-05.32.06:033][  0]LogTargetPlatformManager: Display: Loaded TargetPlatform 'AllDesktop'
[2020.11.02-05.32.06:053][  0]LogTargetPlatformManager: Display: Loaded TargetPlatform 'Android'
[2020.11.02-05.32.06:053][  0]LogTargetPlatformManager: Display: Loaded TargetPlatform 'Android_ASTC'
[2020.11.02-05.32.06:053][  0]LogTargetPlatformManager: Display: Loaded TargetPlatform 'Android_DXT'
[2020.11.02-05.32.06:053][  0]LogTargetPlatformManager: Display: Loaded TargetPlatform 'Android_ETC2'
[2020.11.02-05.32.06:053][  0]LogTargetPlatformManager: Display: Loaded TargetPlatform 'AndroidClient'
[2020.11.02-05.32.06:053][  0]LogTargetPlatformManager: Display: Loaded TargetPlatform 'Android_ASTCClient'
[2020.11.02-05.32.06:053][  0]LogTargetPlatformManager: Display: Loaded TargetPlatform 'Android_DXTClient'
[2020.11.02-05.32.06:053][  0]LogTargetPlatformManager: Display: Loaded TargetPlatform 'Android_ETC2Client'
[2020.11.02-05.32.06:053][  0]LogTargetPlatformManager: Display: Loaded TargetPlatform 'Android_Multi'
[2020.11.02-05.32.06:053][  0]LogTargetPlatformManager: Display: Loaded TargetPlatform 'Android_MultiClient'
[2020.11.02-05.32.06:078][  0]LogTargetPlatformManager: Display: Loaded TargetPlatform 'IOSClient'
[2020.11.02-05.32.06:078][  0]LogTargetPlatformManager: Display: Loaded TargetPlatform 'IOS'
[2020.11.02-05.32.06:104][  0]LogTargetPlatformManager: Display: Loaded TargetPlatform 'Lumin'
[2020.11.02-05.32.06:104][  0]LogTargetPlatformManager: Display: Loaded TargetPlatform 'LuminClient'
[2020.11.02-05.32.06:119][  0]LogTargetPlatformManager: Display: Loaded TargetPlatform 'TVOSClient'
[2020.11.02-05.32.06:119][  0]LogTargetPlatformManager: Display: Loaded TargetPlatform 'TVOS'
[2020.11.02-05.32.06:129][  0]LogTargetPlatformManager: Display: Loaded TargetPlatform 'WindowsNoEditor'
[2020.11.02-05.32.06:141][  0]LogTargetPlatformManager: Display: Loaded TargetPlatform 'Windows'
[2020.11.02-05.32.06:151][  0]LogTargetPlatformManager: Display: Loaded TargetPlatform 'WindowsClient'
[2020.11.02-05.32.06:161][  0]LogTargetPlatformManager: Display: Loaded TargetPlatform 'WindowsServer'
[2020.11.02-05.32.06:171][  0]LogTargetPlatformManager: Display: Loaded TargetPlatform 'XXX'
[2020.11.02-05.32.06:171][  0]LogTargetPlatformManager: Display: Building Assets For Windows
[2020.11.02-05.32.06:183][  0]LogAudioDebug: Display: Lib vorbis DLL was dynamically loaded.
[2020.11.02-05.32.06:264][  0]LogShaderCompilers: Guid format shader working directory is 5 characters bigger than the processId version (../../../../TencentGameDevelop/HOMEWORK3/Intermediate/Shaders/WorkingDirectory/18724/).
[2020.11.02-05.32.06:264][  0]LogShaderCompilers: Cleaned the shader compiler working directory 'C:/Users/melos/AppData/Local/Temp/UnrealShaderWorkingDir/02AC86E44910AD28AF9C5AB18D5C9C78/'.
[2020.11.02-05.32.06:264][  0]LogXGEController: Cannot use XGE Controller as Incredibuild is not installed on this machine.
[2020.11.02-05.32.06:264][  0]LogShaderCompilers: Cannot use XGE Shader Compiler as Incredibuild is not installed on this machine.
[2020.11.02-05.32.06:264][  0]LogShaderCompilers: Display: Using Local Shader Compiler.
[2020.11.02-05.32.06:942][  0]LogDerivedDataCache: Display: Max Cache Size: 512 MB
[2020.11.02-05.32.07:008][  0]LogDerivedDataCache: Loaded boot cache 0.07s 76MB ../../../../TencentGameDevelop/HOMEWORK3/DerivedDataCache/Boot.ddc.
[2020.11.02-05.32.07:008][  0]LogDerivedDataCache: Display: Loaded Boot cache: ../../../../TencentGameDevelop/HOMEWORK3/DerivedDataCache/Boot.ddc
[2020.11.02-05.32.07:008][  0]LogDerivedDataCache: FDerivedDataBackendGraph:  Pak pak cache file ../../../../TencentGameDevelop/HOMEWORK3/DerivedDataCache/DDC.ddp not found, will not use a pak cache.
[2020.11.02-05.32.07:008][  0]LogDerivedDataCache: Unable to find inner node Pak for hierarchical cache Hierarchy.
[2020.11.02-05.32.07:008][  0]LogDerivedDataCache: FDerivedDataBackendGraph:  EnginePak pak cache file ../../../Engine/DerivedDataCache/DDC.ddp not found, will not use a pak cache.
[2020.11.02-05.32.07:009][  0]LogDerivedDataCache: Unable to find inner node EnginePak for hierarchical cache Hierarchy.
[2020.11.02-05.32.07:010][  0]LogDerivedDataCache: Using Local data cache path ../../../Engine/DerivedDataCache: Writable
[2020.11.02-05.32.07:010][  0]LogDerivedDataCache: Shared data cache path not found in *engine.ini, will not use an Shared cache.
[2020.11.02-05.32.07:010][  0]LogDerivedDataCache: Unable to find inner node Shared for hierarchical cache Hierarchy.
[2020.11.02-05.32.07:054][  0]LogSlate: Using FreeType 2.10.0
[2020.11.02-05.32.07:054][  0]LogSlate: SlateFontServices - WITH_FREETYPE: 1, WITH_HARFBUZZ: 1
[2020.11.02-05.32.07:076][  0]LogAssetRegistry: FAssetRegistry took 0.0022 seconds to start up
[2020.11.02-05.32.07:294][  0]LogInit: Selected Device Profile: [Windows]
[2020.11.02-05.32.07:402][  0]LogMeshReduction: Using QuadricMeshReduction for automatic static mesh reduction
[2020.11.02-05.32.07:403][  0]LogMeshReduction: Using SimplygonMeshReduction for automatic skeletal mesh reduction
[2020.11.02-05.32.07:403][  0]LogMeshReduction: Using ProxyLODMeshReduction for automatic mesh merging
[2020.11.02-05.32.07:403][  0]LogMeshReduction: No distributed automatic mesh merging module available
[2020.11.02-05.32.07:403][  0]LogMeshMerging: No distributed automatic mesh merging module available
[2020.11.02-05.32.07:418][  0]LogNetVersion: HOMEWORK3 1.0.0, NetCL: 0, EngineNetVer: 14, GameNetVer: 0 (Checksum: 3125064262)
[2020.11.02-05.32.07:822][  0]LogAISub: UAISubsystem::UAISubsystem AISubsystem (000001F26A0A1C00), frame # 0
[2020.11.02-05.32.07:822][  0]LogAISub: UAISubsystem::UAISubsystem AIPerceptionSystem (000001F269FE51C0), frame # 0
[2020.11.02-05.32.07:824][  0]LogAISub: UAISubsystem::UAISubsystem EnvQueryManager (000001F26A041C00), frame # 0
[2020.11.02-05.32.07:909][  0]LogPackageLocalizationCache: Processed 19 localized package path(s) for 2 prioritized culture(s) in 0.080090 seconds
[2020.11.02-05.32.07:915][  0]LogUObjectArray: 15903 objects as part of root set at end of initial load.
[2020.11.02-05.32.07:915][  0]LogUObjectAllocator: 3962048 out of 0 bytes used by permanent object pool.
[2020.11.02-05.32.07:915][  0]LogUObjectArray: CloseDisregardForGC: 0/0 objects in disregard for GC pool
[2020.11.02-05.32.08:337][  0]LogTcpMessaging: Initializing TcpMessaging bridge
[2020.11.02-05.32.08:343][  0]LogUdpMessaging: Initializing bridge on interface 0.0.0.0:0 to multicast group 230.0.0.1:6666.
[2020.11.02-05.32.08:407][  0]LogLinker: Warning: 未能加载“{FileName}”：无法找到文件。
[2020.11.02-05.32.08:407][  0]LogLinker: Warning: 未能加载“{FileName}”：无法找到文件。
[2020.11.02-05.32.08:407][  0]LogUObjectGlobals: Warning: 寻找对象“Class /Game/FirstPersonBP/FirstPersonOverview.FirstPersonOverview_C”失败
[2020.11.02-05.32.08:450][  0]SourceControl: 源码管理已禁用
[2020.11.02-05.32.08:450][  0]SourceControl: 源码管理已禁用
[2020.11.02-05.32.08:454][  0]SourceControl: 源码管理已禁用
[2020.11.02-05.32.08:458][  0]SourceControl: 源码管理已禁用
[2020.11.02-05.32.08:467][  0]SourceControl: 源码管理已禁用
[2020.11.02-05.32.08:793][  0]LogAndroidPermission: UAndroidPermissionCallbackProxy::GetInstance
[2020.11.02-05.32.08:821][  0]LogAudioCaptureCore: Display: No Audio Capture implementations found. Audio input will be silent.
[2020.11.02-05.32.08:821][  0]LogAudioCaptureCore: Display: No Audio Capture implementations found. Audio input will be silent.
[2020.11.02-05.32.08:876][  0]LogOcInput: OculusInput pre-init called
[2020.11.02-05.32.08:889][  0]LogWindows: Failed to load 'OVRPlugin.dll' (GetLastError=126)
[2020.11.02-05.32.08:889][  0]LogWindows: File 'OVRPlugin.dll' does not exist
[2020.11.02-05.32.08:957][  0]LogEngine: Initializing Engine...
[2020.11.02-05.32.08:959][  0]LogHMD: Failed to initialize OpenVR with code 110
[2020.11.02-05.32.08:959][  0]LogMagicLeap: Warning: VR disabled because ZI is not enabled.  To enable, in the editor, Edit -> Project Settings -> Plugins -> Magic Leap Plugin -> Enable Zero Iteration
[2020.11.02-05.32.08:960][  0]LogStats: UGameplayTagsManager::InitializeManager -  0.000 s
[2020.11.02-05.32.09:068][  0]LogInit: Initializing FReadOnlyCVARCache
[2020.11.02-05.32.09:078][  0]LogAIModule: Creating AISystem for world Untitled
[2020.11.02-05.32.09:079][  0]LogAISub: UAISubsystem::UAISubsystem EnvQueryManager (000001F270CE7C00), frame # 0
[2020.11.02-05.32.09:079][  0]LogAISub: UAISubsystem::UAISubsystem AIPerceptionSystem (000001F270D50B80), frame # 0
[2020.11.02-05.32.09:089][  0]LogAudioMixer: Display: Audio Mixer Platform Settings:
[2020.11.02-05.32.09:089][  0]LogAudioMixer: Display: 	Sample Rate:						  48000
[2020.11.02-05.32.09:089][  0]LogAudioMixer: Display: 	Callback Buffer Frame Size Requested: 1024
[2020.11.02-05.32.09:089][  0]LogAudioMixer: Display: 	Callback Buffer Frame Size To Use:	  1024
[2020.11.02-05.32.09:089][  0]LogAudioMixer: Display: 	Number of buffers to queue:			  2
[2020.11.02-05.32.09:089][  0]LogAudioMixer: Display: 	Max Channels (voices):				  32
[2020.11.02-05.32.09:089][  0]LogAudioMixer: Display: 	Number of Async Source Workers:		  0
[2020.11.02-05.32.09:089][  0]LogAudio: Display: AudioDevice MaxSources: 32
[2020.11.02-05.32.09:089][  0]LogAudio: Display: Using built-in audio occlusion.
[2020.11.02-05.32.09:089][  0]LogAudioMixer: Display: Initializing audio mixer.
[2020.11.02-05.32.09:103][  0]LogAudioMixer: Display: 0: FrontLeft
[2020.11.02-05.32.09:103][  0]LogAudioMixer: Display: 1: FrontRight
[2020.11.02-05.32.09:321][  0]LogAudioMixer: Display: Using Audio Device 扬声器 (Realtek(R) Audio)
[2020.11.02-05.32.09:324][  0]LogAudioMixer: Display: Initializing Sound Submixes...
[2020.11.02-05.32.09:326][  0]LogAudioMixer: Display: Creating Master Submix 'MasterSubmixDefault'
[2020.11.02-05.32.09:326][  0]LogAudioMixer: Display: Creating Master Submix 'MasterReverbSubmixDefault'
[2020.11.02-05.32.09:327][  0]LogAudioMixer: Display: Creating Master Submix 'MasterEQSubmixDefault'
[2020.11.02-05.32.09:328][  0]LogInit: FAudioDevice initialized.
[2020.11.02-05.32.09:328][  0]LogNetVersion: Set ProjectVersion to 1.0.0.0. Version Checksum will be recalculated on next use.
[2020.11.02-05.32.09:371][  0]LogDerivedDataCache: Saved boot cache 0.04s 76MB ../../../../TencentGameDevelop/HOMEWORK3/DerivedDataCache/Boot.ddc.
[2020.11.02-05.32.09:371][  0]LogInit: Texture streaming: Enabled
[2020.11.02-05.32.09:392][  0]LogEngineSessionManager: EngineSessionManager initialized
[2020.11.02-05.32.09:392][  0]LogEditorSessionSummary: Verbose: Initializing EditorSessionSummaryWriter for editor session tracking
[2020.11.02-05.32.09:396][  0]LogEditorSessionSummary: EditorSessionSummaryWriter initialized
[2020.11.02-05.32.09:434][  0]LogInit: Transaction tracking system initialized
[2020.11.02-05.32.09:462][  0]BlueprintLog: New page: 编辑器加载
[2020.11.02-05.32.09:554][  0]LocalizationService: 本地化服务已禁用
[2020.11.02-05.32.09:723][  0]LogCook: Display: Max memory allowance for cook 16384mb min free memory 0mb
[2020.11.02-05.32.09:723][  0]LogCook: Display: Mobile HDR setting 1
[2020.11.02-05.32.09:894][  0]LogFileCache: Scanning file cache for directory 'E:/TencentGameDevelop/TencentGameDevelop/HOMEWORK3/Content/' took 0.01s
[2020.11.02-05.32.10:083][  0]SourceControl: 源码管理已禁用
[2020.11.02-05.32.10:083][  0]LogUnrealEdMisc: Loading editor; pre map load, took 6.084
[2020.11.02-05.32.10:083][  0]Cmd: MAP LOAD FILE="../../../../TencentGameDevelop/HOMEWORK3/Content/ThirdPersonCPP/Maps/ThirdPersonExampleMap.umap" TEMPLATE=0 SHOWPROGRESS=1 FEATURELEVEL=3
[2020.11.02-05.32.10:084][  0]LightingResults: New page: 光照构建
[2020.11.02-05.32.10:085][  0]LogWorld: UWorld::CleanupWorld for Untitled, bSessionEnded=true, bCleanupResources=true
[2020.11.02-05.32.10:085][  0]LogSlate: InvalidateAllWidgets triggered.  All widgets were invalidated
[2020.11.02-05.32.10:085][  0]MapCheck: New page: 地图检测
[2020.11.02-05.32.10:085][  0]LightingResults: New page: 光照构建
[2020.11.02-05.32.10:095][  0]LogAISub: UAISubsystem::~UAISubsystem EnvQueryManager (000001F270CE7C00), frame # 0
[2020.11.02-05.32.10:095][  0]LogAISub: UAISubsystem::~UAISubsystem AIPerceptionSystem (000001F270D50B80), frame # 0
[2020.11.02-05.32.10:096][  0]LogUObjectHash: Compacting FUObjectHashTables data took   0.63ms
[2020.11.02-05.32.10:433][  0]LogAIModule: Creating AISystem for world ThirdPersonExampleMap
[2020.11.02-05.32.10:433][  0]LogAISub: UAISubsystem::UAISubsystem EnvQueryManager (000001F264E30800), frame # 0
[2020.11.02-05.32.10:433][  0]LogAISub: UAISubsystem::UAISubsystem AIPerceptionSystem (000001F264E1AD40), frame # 0
[2020.11.02-05.32.10:447][  0]LogEditorServer: Finished looking for orphan Actors (0.000 secs)
[2020.11.02-05.32.10:458][  0]LogUObjectHash: Compacting FUObjectHashTables data took   0.75ms
[2020.11.02-05.32.10:458][  0]Cmd: MAP CHECKDEP NOCLEARLOG
[2020.11.02-05.32.10:458][  0]MapCheck: 地图检测完成：0个错误、0个警告、完成用时0.097毫秒。
[2020.11.02-05.32.10:458][  0]LogFileHelpers: Loading map 'ThirdPersonExampleMap' took 0.375
[2020.11.02-05.32.10:461][  0]LogUnrealEdMisc: Total Editor Startup Time, took 6.462
[2020.11.02-05.32.10:596][  0]LogSlate: Updating window title bar state: overlay mode, drag disabled, window buttons hidden, title bar hidden
[2020.11.02-05.32.10:604][  0]LogSlate: Updating window title bar state: overlay mode, drag disabled, window buttons hidden, title bar hidden
[2020.11.02-05.32.10:610][  0]LogSlate: Updating window title bar state: overlay mode, drag disabled, window buttons hidden, title bar hidden
[2020.11.02-05.32.10:615][  0]LogSlate: Updating window title bar state: overlay mode, drag disabled, window buttons hidden, title bar hidden
[2020.11.02-05.32.10:628][  0]LogCollectionManager: Loaded 0 collections in 0.000931 seconds
[2020.11.02-05.32.10:655][  0]LogFileCache: Scanning file cache for directory 'E:/TencentGameDevelop/TencentGameDevelop/HOMEWORK3/Saved/Collections/' took 0.00s
[2020.11.02-05.32.10:655][  0]LogFileCache: Scanning file cache for directory 'E:/TencentGameDevelop/TencentGameDevelop/HOMEWORK3/Content/Developers/melos/Collections/' took 0.00s
[2020.11.02-05.32.10:655][  0]LogFileCache: Scanning file cache for directory 'E:/TencentGameDevelop/TencentGameDevelop/HOMEWORK3/Content/Collections/' took 0.00s
[2020.11.02-05.32.10:655][  0]LogContentBrowser: Native class hierarchy populated in 0.0093 seconds. Added 3432 classes and 822 folders.
[2020.11.02-05.32.10:663][  0]LogContentBrowser: Native class hierarchy updated for 'WidgetCarousel' in 0.0004 seconds. Added 0 classes and 0 folders.
[2020.11.02-05.32.10:808][  0]LogContentBrowser: Native class hierarchy updated for 'AddContentDialog' in 0.0004 seconds. Added 0 classes and 0 folders.
[2020.11.02-05.32.10:815][  0]LogContentBrowser: Native class hierarchy updated for 'SceneOutliner' in 0.0005 seconds. Added 2 classes and 0 folders.
[2020.11.02-05.32.10:971][  0]LogSlate: Took 0.000284 seconds to synchronously load lazily loaded font '../../../Engine/Content/Slate/Fonts/Roboto-Regular.ttf' (155K)
[2020.11.02-05.32.10:973][  0]LogSlate: Took 0.001347 seconds to synchronously load lazily loaded font '../../../Engine/Content/Slate/Fonts/DroidSansFallback.ttf' (3848K)
[2020.11.02-05.32.10:974][  0]LogSlate: Took 0.000200 seconds to synchronously load lazily loaded font '../../../Engine/Content/Slate/Fonts/Roboto-Bold.ttf' (160K)
[2020.11.02-05.32.10:977][  0]LogSlate: Took 0.000560 seconds to synchronously load lazily loaded font '../../../Engine/Content/Editor/Slate/Fonts/FontAwesome.ttf' (139K)
[2020.11.02-05.32.11:038][  0]LogRenderer: Reallocating scene render targets to support 916x420 Format 10 NumSamples 1 (Frame:1).
[2020.11.02-05.32.11:165][  0]LogContentBrowser: Native class hierarchy updated for 'HierarchicalLODOutliner' in 0.0004 seconds. Added 0 classes and 0 folders.
[2020.11.02-05.32.11:165][  0]LogLoad: (Engine Initialization) Total time: 7.17 seconds
[2020.11.02-05.32.11:165][  0]LogLoad: (Engine Initialization) Total Blueprint compile time: 0.00 seconds
[2020.11.02-05.32.11:199][  0]LogAssetRegistry: Asset discovery search completed in 4.1239 seconds
[2020.11.02-05.32.11:202][  0]LogCollectionManager: Fixed up redirectors for 0 collections in 0.000001 seconds (updated 0 objects)
[2020.11.02-05.32.11:205][  0]LogContentStreaming: Texture pool size now 1000 MB
[2020.11.02-05.32.11:284][  0]LogRenderer: Reallocating scene render targets to support 916x436 Format 10 NumSamples 1 (Frame:3).
[2020.11.02-05.32.11:284][  0]LogSlate: Took 0.000744 seconds to synchronously load lazily loaded font '../../../Engine/Content/Slate/Fonts/Roboto-Light.ttf' (167K)
[2020.11.02-05.32.15:243][163]LogSlate: Took 0.000187 seconds to synchronously load lazily loaded font '../../../Engine/Content/Slate/Fonts/Roboto-Light.ttf' (167K)
[2020.11.02-05.32.15:290][163]LogAssetEditorSubsystem: Opening Asset editor for Blueprint /Game/BluePrints/BP_Target.BP_Target
[2020.11.02-05.32.15:535][163]LogContentBrowser: Native class hierarchy updated for 'BlueprintGraph' in 0.0006 seconds. Added 125 classes and 0 folders.
[2020.11.02-05.32.16:357][163]LogSlate: Took 0.000221 seconds to synchronously load lazily loaded font '../../../Engine/Content/Slate/Fonts/Roboto-BoldCondensed.ttf' (158K)
[2020.11.02-05.32.16:442][164]LogSlate: Took 0.000714 seconds to synchronously load lazily loaded font '../../../Engine/Content/Slate/Fonts/Roboto-Italic.ttf' (157K)
[2020.11.02-05.33.19:645][794]Cmd: OBJ SAVEPACKAGE PACKAGE="/Game/BluePrints/BP_Target" FILE="../../../../TencentGameDevelop/HOMEWORK3/Content/BluePrints/BP_Target.uasset" SILENT=true
[2020.11.02-05.33.19:682][794]LogSavePackage: Moving '../../../../TencentGameDevelop/HOMEWORK3/Saved/BP_Target791048454E612BA5067CBFAB8E96A597.tmp' to '../../../../TencentGameDevelop/HOMEWORK3/Content/BluePrints/BP_Target.uasset'
[2020.11.02-05.33.19:720][794]AssetCheck: New page: 资产保存：BP_Target
[2020.11.02-05.33.19:720][794]LogContentValidation: Display: 正在验证Blueprint /Game/BluePrints/BP_Target.BP_Target
[2020.11.02-05.33.20:866][816]Cmd: OBJ SAVEPACKAGE PACKAGE="/Game/BluePrints/BP_Target" FILE="../../../../TencentGameDevelop/HOMEWORK3/Content/BluePrints/BP_Target.uasset" SILENT=true
[2020.11.02-05.33.20:882][816]LogSavePackage: Moving '../../../../TencentGameDevelop/HOMEWORK3/Saved/BP_Target702336E74EC93663AE2BBD80B627BF40.tmp' to '../../../../TencentGameDevelop/HOMEWORK3/Content/BluePrints/BP_Target.uasset'
[2020.11.02-05.33.20:952][816]AssetCheck: New page: 资产保存：BP_Target
[2020.11.02-05.33.20:952][816]LogContentValidation: Display: 正在验证Blueprint /Game/BluePrints/BP_Target.BP_Target
[2020.11.02-05.33.21:572][826]BlueprintLog: New page: 编译BP_Target
[2020.11.02-05.33.21:651][826]LogUObjectHash: Compacting FUObjectHashTables data took   2.12ms
[2020.11.02-05.33.21:709][826]LogSlate: Took 0.000506 seconds to synchronously load lazily loaded font '../../../Engine/Content/Slate/Fonts/DroidSansMono.ttf' (77K)
[2020.11.02-05.33.21:928][828]Cmd: OBJ SAVEPACKAGE PACKAGE="/Game/BluePrints/BP_Target" FILE="../../../../TencentGameDevelop/HOMEWORK3/Content/BluePrints/BP_Target.uasset" SILENT=true
[2020.11.02-05.33.21:947][828]LogSavePackage: Moving '../../../../TencentGameDevelop/HOMEWORK3/Saved/BP_TargetFD21322E48AF9C10C0049488090AED17.tmp' to '../../../../TencentGameDevelop/HOMEWORK3/Content/BluePrints/BP_Target.uasset'
[2020.11.02-05.33.21:984][828]AssetCheck: New page: 资产保存：BP_Target
[2020.11.02-05.33.21:984][828]LogContentValidation: Display: 正在验证Blueprint /Game/BluePrints/BP_Target.BP_Target
[2020.11.02-05.33.22:337][836]LogSlate: Window 'BP_Target' being destroyed
[2020.11.02-05.33.22:381][836]LogSlate: Window 'BP_Target' being destroyed
[2020.11.02-05.33.22:390][836]LogWorld: UWorld::CleanupWorld for World_3, bSessionEnded=true, bCleanupResources=true
[2020.11.02-05.33.22:390][836]LogSlate: InvalidateAllWidgets triggered.  All widgets were invalidated
[2020.11.02-05.33.23:084][863]LogTemp: Repeating last play command: 选中的视口
[2020.11.02-05.33.23:097][863]LogPlayLevel: PlayLevel: No blueprints needed recompiling
[2020.11.02-05.33.23:101][863]PIE: New page: PIE会话：ThirdPersonExampleMap（2020年11月2日 下午9:33:23）
[2020.11.02-05.33.23:102][863]LogOnline: OSS: Creating online subsystem instance for: NULL
[2020.11.02-05.33.23:105][863]LogOnline: OSS: TryLoadSubsystemAndSetDefault: Loaded subsystem for module [NULL]
[2020.11.02-05.33.23:106][863]LogPlayLevel: Creating play world package: /Game/ThirdPersonCPP/Maps/UEDPIE_0_ThirdPersonExampleMap
[2020.11.02-05.33.23:119][863]LogPlayLevel: PIE: StaticDuplicateObject took: (0.013108s)
[2020.11.02-05.33.23:121][863]LogAIModule: Creating AISystem for world ThirdPersonExampleMap
[2020.11.02-05.33.23:121][863]LogAISub: UAISubsystem::UAISubsystem EnvQueryManager (000001F264DB1C00), frame # 1863
[2020.11.02-05.33.23:121][863]LogAISub: UAISubsystem::UAISubsystem AIPerceptionSystem (000001F258E551C0), frame # 1863
[2020.11.02-05.33.23:121][863]LogPlayLevel: PIE: World Init took: (0.002134s)
[2020.11.02-05.33.23:122][863]LogPlayLevel: PIE: Created PIE world by copying editor world from /Game/ThirdPersonCPP/Maps/ThirdPersonExampleMap.ThirdPersonExampleMap to /Game/ThirdPersonCPP/Maps/UEDPIE_0_ThirdPersonExampleMap.ThirdPersonExampleMap (0.015456s)
[2020.11.02-05.33.23:150][863]LogUObjectHash: Compacting FUObjectHashTables data took   1.97ms
[2020.11.02-05.33.23:152][863]LogAudioMixer: Display: Audio Mixer Platform Settings:
[2020.11.02-05.33.23:152][863]LogAudioMixer: Display: 	Sample Rate:						  48000
[2020.11.02-05.33.23:153][863]LogAudioMixer: Display: 	Callback Buffer Frame Size Requested: 1024
[2020.11.02-05.33.23:153][863]LogAudioMixer: Display: 	Callback Buffer Frame Size To Use:	  1024
[2020.11.02-05.33.23:153][863]LogAudioMixer: Display: 	Number of buffers to queue:			  2
[2020.11.02-05.33.23:153][863]LogAudioMixer: Display: 	Max Channels (voices):				  32
[2020.11.02-05.33.23:153][863]LogAudioMixer: Display: 	Number of Async Source Workers:		  0
[2020.11.02-05.33.23:153][863]LogAudio: Display: AudioDevice MaxSources: 32
[2020.11.02-05.33.23:153][863]LogAudio: Display: Using built-in audio occlusion.
[2020.11.02-05.33.23:153][863]LogAudioMixer: Display: Initializing audio mixer.
[2020.11.02-05.33.23:158][863]LogAudioMixer: Display: 0: FrontLeft
[2020.11.02-05.33.23:158][863]LogAudioMixer: Display: 1: FrontRight
[2020.11.02-05.33.23:186][863]LogAudioMixer: Display: Using Audio Device 扬声器 (Realtek(R) Audio)
[2020.11.02-05.33.23:186][863]LogAudioMixer: Display: Initializing Sound Submixes...
[2020.11.02-05.33.23:186][863]LogAudioMixer: Display: Creating Master Submix 'MasterSubmixDefault'
[2020.11.02-05.33.23:186][863]LogAudioMixer: Display: Creating Master Submix 'MasterReverbSubmixDefault'
[2020.11.02-05.33.23:187][863]LogAudioMixer: Display: Creating Master Submix 'MasterEQSubmixDefault'
[2020.11.02-05.33.23:205][863]LogInit: FAudioDevice initialized.
[2020.11.02-05.33.23:219][863]LogLoad: Game class is 'BP_TargetGameModeBase_C'
[2020.11.02-05.33.23:228][863]LogWorld: Bringing World /Game/ThirdPersonCPP/Maps/UEDPIE_0_ThirdPersonExampleMap.ThirdPersonExampleMap up for play (max tick rate 0) at 2020.11.02-13.33.23
[2020.11.02-05.33.23:229][863]LogWorld: Bringing up level for play took: 0.003150
[2020.11.02-05.33.23:230][863]LogOnline: OSS: Creating online subsystem instance for: :Context_5
[2020.11.02-05.33.23:244][863]LogContentBrowser: Native class hierarchy updated for 'MovieSceneCapture' in 0.0008 seconds. Added 20 classes and 0 folders.
[2020.11.02-05.33.23:256][863]PIE: 登陆的服务器
[2020.11.02-05.33.23:258][863]PIE: PIE总开始时间：0.164秒。
[2020.11.02-05.33.24:822][916]LogCharacterMovement: BP_TPSCharacter_2 is stuck and failed to move! Velocity: X=-353.16 Y=-59.66 Z=0.00 Location: X=-581.94 Y=381.15 Z=226.33 Normal: X=0.94 Y=0.29 Z=-0.15 PenetrationDepth:2.698 Actor:BP_Target2_2 Component:SkeletalMesh BoneName:hand_l (0 other events since notify)
[2020.11.02-05.33.32:943][238]LogSlate: Updating window title bar state: overlay mode, drag disabled, window buttons hidden, title bar hidden
[2020.11.02-05.33.32:943][238]LogWorld: BeginTearingDown for /Game/ThirdPersonCPP/Maps/UEDPIE_0_ThirdPersonExampleMap
[2020.11.02-05.33.32:943][238]LogWorld: UWorld::CleanupWorld for ThirdPersonExampleMap, bSessionEnded=true, bCleanupResources=true
[2020.11.02-05.33.32:944][238]LogSlate: InvalidateAllWidgets triggered.  All widgets were invalidated
[2020.11.02-05.33.32:950][238]LogPlayLevel: Display: Shutting down PIE online subsystems
[2020.11.02-05.33.32:953][238]LogSlate: InvalidateAllWidgets triggered.  All widgets were invalidated
[2020.11.02-05.33.32:999][238]LogSlate: Updating window title bar state: overlay mode, drag disabled, window buttons hidden, title bar hidden
[2020.11.02-05.33.33:002][238]LogAISub: UAISubsystem::~UAISubsystem AIPerceptionSystem (000001F258E551C0), frame # 2238
[2020.11.02-05.33.33:002][238]LogAISub: UAISubsystem::~UAISubsystem EnvQueryManager (000001F264DB1C00), frame # 2238
[2020.11.02-05.33.33:031][238]LogUObjectHash: Compacting FUObjectHashTables data took   2.61ms
[2020.11.02-05.33.33:051][239]LogPlayLevel: Display: Destroying online subsystem :Context_5
[2020.11.02-05.33.33:829][259]LogAssetEditorSubsystem: Opening Asset editor for Blueprint /Game/BluePrints/BP_Target.BP_Target
[2020.11.02-05.34.28:437][486]LogSlate: Window 'BP_Target' being destroyed
[2020.11.02-05.34.28:493][486]LogSlate: Window 'BP_Target' being destroyed
[2020.11.02-05.34.28:501][486]LogWorld: UWorld::CleanupWorld for World_4, bSessionEnded=true, bCleanupResources=true
[2020.11.02-05.34.28:501][486]LogSlate: InvalidateAllWidgets triggered.  All widgets were invalidated
[2020.11.02-05.34.30:893][613]LogEditorViewport: Clicking on Actor (LMB): StaticMeshActor (Floor)
[2020.11.02-05.35.40:011][393]LogTemp: Repeating last play command: 选中的视口
[2020.11.02-05.35.40:023][393]LogPlayLevel: PlayLevel: No blueprints needed recompiling
[2020.11.02-05.35.40:023][393]PIE: New page: PIE会话：ThirdPersonExampleMap（2020年11月2日 下午9:35:40）
[2020.11.02-05.35.40:023][393]LogPlayLevel: Creating play world package: /Game/ThirdPersonCPP/Maps/UEDPIE_0_ThirdPersonExampleMap
[2020.11.02-05.35.40:034][393]LogPlayLevel: PIE: StaticDuplicateObject took: (0.010999s)
[2020.11.02-05.35.40:035][393]LogAIModule: Creating AISystem for world ThirdPersonExampleMap
[2020.11.02-05.35.40:035][393]LogAISub: UAISubsystem::UAISubsystem EnvQueryManager (000001F28E3D7E00), frame # 4393
[2020.11.02-05.35.40:036][393]LogAISub: UAISubsystem::UAISubsystem AIPerceptionSystem (000001F28EAA5E40), frame # 4393
[2020.11.02-05.35.40:036][393]LogPlayLevel: PIE: World Init took: (0.001808s)
[2020.11.02-05.35.40:036][393]LogPlayLevel: PIE: Created PIE world by copying editor world from /Game/ThirdPersonCPP/Maps/ThirdPersonExampleMap.ThirdPersonExampleMap to /Game/ThirdPersonCPP/Maps/UEDPIE_0_ThirdPersonExampleMap.ThirdPersonExampleMap (0.012947s)
[2020.11.02-05.35.40:083][393]LogUObjectHash: Compacting FUObjectHashTables data took   2.30ms
[2020.11.02-05.35.40:085][393]LogAudioMixer: Display: Audio Mixer Platform Settings:
[2020.11.02-05.35.40:085][393]LogAudioMixer: Display: 	Sample Rate:						  48000
[2020.11.02-05.35.40:085][393]LogAudioMixer: Display: 	Callback Buffer Frame Size Requested: 1024
[2020.11.02-05.35.40:085][393]LogAudioMixer: Display: 	Callback Buffer Frame Size To Use:	  1024
[2020.11.02-05.35.40:085][393]LogAudioMixer: Display: 	Number of buffers to queue:			  2
[2020.11.02-05.35.40:085][393]LogAudioMixer: Display: 	Max Channels (voices):				  32
[2020.11.02-05.35.40:085][393]LogAudioMixer: Display: 	Number of Async Source Workers:		  0
[2020.11.02-05.35.40:085][393]LogAudio: Display: AudioDevice MaxSources: 32
[2020.11.02-05.35.40:086][393]LogAudio: Display: Using built-in audio occlusion.
[2020.11.02-05.35.40:086][393]LogAudioMixer: Display: Initializing audio mixer.
[2020.11.02-05.35.40:091][393]LogAudioMixer: Display: 0: FrontLeft
[2020.11.02-05.35.40:091][393]LogAudioMixer: Display: 1: FrontRight
[2020.11.02-05.35.40:119][393]LogAudioMixer: Display: Using Audio Device 扬声器 (Realtek(R) Audio)
[2020.11.02-05.35.40:119][393]LogAudioMixer: Display: Initializing Sound Submixes...
[2020.11.02-05.35.40:119][393]LogAudioMixer: Display: Creating Master Submix 'MasterSubmixDefault'
[2020.11.02-05.35.40:119][393]LogAudioMixer: Display: Creating Master Submix 'MasterReverbSubmixDefault'
[2020.11.02-05.35.40:120][393]LogAudioMixer: Display: Creating Master Submix 'MasterEQSubmixDefault'
[2020.11.02-05.35.40:139][393]LogInit: FAudioDevice initialized.
[2020.11.02-05.35.40:151][393]LogLoad: Game class is 'BP_TargetGameModeBase_C'
[2020.11.02-05.35.40:154][393]LogWorld: Bringing World /Game/ThirdPersonCPP/Maps/UEDPIE_0_ThirdPersonExampleMap.ThirdPersonExampleMap up for play (max tick rate 0) at 2020.11.02-13.35.40
[2020.11.02-05.35.40:154][393]LogWorld: Bringing up level for play took: 0.002572
[2020.11.02-05.35.40:154][393]LogOnline: OSS: Creating online subsystem instance for: :Context_7
[2020.11.02-05.35.40:158][393]PIE: 登陆的服务器
[2020.11.02-05.35.40:159][393]PIE: PIE总开始时间：0.137秒。
[2020.11.02-05.36.02:415][282]LogSlate: Updating window title bar state: overlay mode, drag disabled, window buttons hidden, title bar hidden
[2020.11.02-05.36.02:415][282]LogWorld: BeginTearingDown for /Game/ThirdPersonCPP/Maps/UEDPIE_0_ThirdPersonExampleMap
[2020.11.02-05.36.02:416][282]LogWorld: UWorld::CleanupWorld for ThirdPersonExampleMap, bSessionEnded=true, bCleanupResources=true
[2020.11.02-05.36.02:416][282]LogSlate: InvalidateAllWidgets triggered.  All widgets were invalidated
[2020.11.02-05.36.02:424][282]LogPlayLevel: Display: Shutting down PIE online subsystems
[2020.11.02-05.36.02:426][282]LogSlate: InvalidateAllWidgets triggered.  All widgets were invalidated
[2020.11.02-05.36.02:461][282]LogSlate: Updating window title bar state: overlay mode, drag disabled, window buttons hidden, title bar hidden
[2020.11.02-05.36.02:462][282]LogAISub: UAISubsystem::~UAISubsystem AIPerceptionSystem (000001F28EAA5E40), frame # 5282
[2020.11.02-05.36.02:462][282]LogAISub: UAISubsystem::~UAISubsystem EnvQueryManager (000001F28E3D7E00), frame # 5282
[2020.11.02-05.36.02:464][282]LogUObjectHash: Compacting FUObjectHashTables data took   1.74ms
[2020.11.02-05.36.02:490][283]LogPlayLevel: Display: Destroying online subsystem :Context_7
[2020.11.02-05.36.04:836][357]LogAssetEditorSubsystem: Opening Asset editor for Blueprint /Game/BluePrints/BP_PlayerController.BP_PlayerController
[2020.11.02-05.38.05:031][823]Cmd: OBJ SAVEPACKAGE PACKAGE="/Game/BluePrints/BP_PlayerController" FILE="../../../../TencentGameDevelop/HOMEWORK3/Content/BluePrints/BP_PlayerController.uasset" SILENT=true
[2020.11.02-05.38.05:086][823]LogSavePackage: Moving '../../../../TencentGameDevelop/HOMEWORK3/Saved/BP_PlayerController7335E24C4C035F552F991C947E4B6E13.tmp' to '../../../../TencentGameDevelop/HOMEWORK3/Content/BluePrints/BP_PlayerController.uasset'
[2020.11.02-05.38.05:125][823]AssetCheck: New page: 资产保存：BP_PlayerController
[2020.11.02-05.38.05:126][823]LogContentValidation: Display: 正在验证Blueprint /Game/BluePrints/BP_PlayerController.BP_PlayerController
[2020.11.02-05.38.05:315][825]Cmd: OBJ SAVEPACKAGE PACKAGE="/Game/BluePrints/BP_PlayerController" FILE="../../../../TencentGameDevelop/HOMEWORK3/Content/BluePrints/BP_PlayerController.uasset" SILENT=true
[2020.11.02-05.38.05:329][825]LogSavePackage: Moving '../../../../TencentGameDevelop/HOMEWORK3/Saved/BP_PlayerControllerD12465784824AC8A3D2A1CA5D6DD7CDD.tmp' to '../../../../TencentGameDevelop/HOMEWORK3/Content/BluePrints/BP_PlayerController.uasset'
[2020.11.02-05.38.05:399][825]AssetCheck: New page: 资产保存：BP_PlayerController
[2020.11.02-05.38.05:399][825]LogContentValidation: Display: 正在验证Blueprint /Game/BluePrints/BP_PlayerController.BP_PlayerController
[2020.11.02-05.38.05:689][831]BlueprintLog: New page: 编译BP_PlayerController
[2020.11.02-05.38.05:717][831]LogUObjectHash: Compacting FUObjectHashTables data took   2.21ms
[2020.11.02-05.38.06:115][835]Cmd: OBJ SAVEPACKAGE PACKAGE="/Game/BluePrints/BP_PlayerController" FILE="../../../../TencentGameDevelop/HOMEWORK3/Content/BluePrints/BP_PlayerController.uasset" SILENT=true
[2020.11.02-05.38.06:129][835]LogSavePackage: Moving '../../../../TencentGameDevelop/HOMEWORK3/Saved/BP_PlayerControllerA0C9E1F54361B2C3CE36F4A399BD2967.tmp' to '../../../../TencentGameDevelop/HOMEWORK3/Content/BluePrints/BP_PlayerController.uasset'
[2020.11.02-05.38.06:199][835]AssetCheck: New page: 资产保存：BP_PlayerController
[2020.11.02-05.38.06:199][835]LogContentValidation: Display: 正在验证Blueprint /Game/BluePrints/BP_PlayerController.BP_PlayerController
[2020.11.02-05.38.07:890][887]LogTemp: Repeating last play command: 选中的视口
[2020.11.02-05.38.07:902][887]LogPlayLevel: PlayLevel: No blueprints needed recompiling
[2020.11.02-05.38.07:902][887]PIE: New page: PIE会话：ThirdPersonExampleMap（2020年11月2日 下午9:38:07）
[2020.11.02-05.38.07:902][887]LogPlayLevel: Creating play world package: /Game/ThirdPersonCPP/Maps/UEDPIE_0_ThirdPersonExampleMap
[2020.11.02-05.38.07:911][887]LogPlayLevel: PIE: StaticDuplicateObject took: (0.009269s)
[2020.11.02-05.38.07:912][887]LogAIModule: Creating AISystem for world ThirdPersonExampleMap
[2020.11.02-05.38.07:912][887]LogAISub: UAISubsystem::UAISubsystem EnvQueryManager (000001F2945A9000), frame # 6887
[2020.11.02-05.38.07:912][887]LogAISub: UAISubsystem::UAISubsystem AIPerceptionSystem (000001F28FBD6C00), frame # 6887
[2020.11.02-05.38.07:912][887]LogPlayLevel: PIE: World Init took: (0.001039s)
[2020.11.02-05.38.07:912][887]LogPlayLevel: PIE: Created PIE world by copying editor world from /Game/ThirdPersonCPP/Maps/ThirdPersonExampleMap.ThirdPersonExampleMap to /Game/ThirdPersonCPP/Maps/UEDPIE_0_ThirdPersonExampleMap.ThirdPersonExampleMap (0.010427s)
[2020.11.02-05.38.07:930][887]LogUObjectHash: Compacting FUObjectHashTables data took   2.48ms
[2020.11.02-05.38.07:931][887]LogAudioMixer: Display: Audio Mixer Platform Settings:
[2020.11.02-05.38.07:931][887]LogAudioMixer: Display: 	Sample Rate:						  48000
[2020.11.02-05.38.07:931][887]LogAudioMixer: Display: 	Callback Buffer Frame Size Requested: 1024
[2020.11.02-05.38.07:931][887]LogAudioMixer: Display: 	Callback Buffer Frame Size To Use:	  1024
[2020.11.02-05.38.07:931][887]LogAudioMixer: Display: 	Number of buffers to queue:			  2
[2020.11.02-05.38.07:931][887]LogAudioMixer: Display: 	Max Channels (voices):				  32
[2020.11.02-05.38.07:931][887]LogAudioMixer: Display: 	Number of Async Source Workers:		  0
[2020.11.02-05.38.07:931][887]LogAudio: Display: AudioDevice MaxSources: 32
[2020.11.02-05.38.07:932][887]LogAudio: Display: Using built-in audio occlusion.
[2020.11.02-05.38.07:932][887]LogAudioMixer: Display: Initializing audio mixer.
[2020.11.02-05.38.07:940][887]LogAudioMixer: Display: 0: FrontLeft
[2020.11.02-05.38.07:940][887]LogAudioMixer: Display: 1: FrontRight
[2020.11.02-05.38.07:969][887]LogAudioMixer: Display: Using Audio Device 扬声器 (Realtek(R) Audio)
[2020.11.02-05.38.07:969][887]LogAudioMixer: Display: Initializing Sound Submixes...
[2020.11.02-05.38.07:969][887]LogAudioMixer: Display: Creating Master Submix 'MasterSubmixDefault'
[2020.11.02-05.38.07:969][887]LogAudioMixer: Display: Creating Master Submix 'MasterReverbSubmixDefault'
[2020.11.02-05.38.07:969][887]LogAudioMixer: Display: Creating Master Submix 'MasterEQSubmixDefault'
[2020.11.02-05.38.07:988][887]LogInit: FAudioDevice initialized.
[2020.11.02-05.38.07:999][887]LogLoad: Game class is 'BP_TargetGameModeBase_C'
[2020.11.02-05.38.08:002][887]LogWorld: Bringing World /Game/ThirdPersonCPP/Maps/UEDPIE_0_ThirdPersonExampleMap.ThirdPersonExampleMap up for play (max tick rate 0) at 2020.11.02-13.38.08
[2020.11.02-05.38.08:002][887]LogWorld: Bringing up level for play took: 0.002416
[2020.11.02-05.38.08:002][887]LogOnline: OSS: Creating online subsystem instance for: :Context_9
[2020.11.02-05.38.08:005][887]PIE: 登陆的服务器
[2020.11.02-05.38.08:006][887]PIE: PIE总开始时间：0.106秒。
[2020.11.02-05.38.20:368][397]LogSlate: Updating window title bar state: overlay mode, drag disabled, window buttons hidden, title bar hidden
[2020.11.02-05.38.20:368][397]LogWorld: BeginTearingDown for /Game/ThirdPersonCPP/Maps/UEDPIE_0_ThirdPersonExampleMap
[2020.11.02-05.38.20:368][397]LogWorld: UWorld::CleanupWorld for ThirdPersonExampleMap, bSessionEnded=true, bCleanupResources=true
[2020.11.02-05.38.20:369][397]LogSlate: InvalidateAllWidgets triggered.  All widgets were invalidated
[2020.11.02-05.38.20:375][397]LogPlayLevel: Display: Shutting down PIE online subsystems
[2020.11.02-05.38.20:378][397]LogSlate: InvalidateAllWidgets triggered.  All widgets were invalidated
[2020.11.02-05.38.20:412][397]LogSlate: Updating window title bar state: overlay mode, drag disabled, window buttons hidden, title bar hidden
[2020.11.02-05.38.20:413][397]LogAISub: UAISubsystem::~UAISubsystem AIPerceptionSystem (000001F28FBD6C00), frame # 7397
[2020.11.02-05.38.20:413][397]LogAISub: UAISubsystem::~UAISubsystem EnvQueryManager (000001F2945A9000), frame # 7397
[2020.11.02-05.38.20:415][397]LogUObjectHash: Compacting FUObjectHashTables data took   1.66ms
[2020.11.02-05.38.20:439][398]LogPlayLevel: Display: Destroying online subsystem :Context_9
[2020.11.02-05.40.47:524][399]LogEditorViewport: Clicking on Actor (LMB): StaticMeshActor (Floor)
[2020.11.02-05.40.51:258][508]LogAssetEditorSubsystem: Opening Asset editor for Class /Script/HOMEWORK3.TPSPlayerState
[2020.11.02-05.40.56:573][517]LogVSAccessor: Warning: Visual Studio is open but could not be queried - it may be blocked by a modal operation
[2020.11.02-05.40.57:350][518]LogVSAccessor: Warning: Visual Studio is open but could not be queried - it may be blocked by a modal operation
[2020.11.02-05.40.57:372][519]LogVSAccessor: Warning: Visual Studio is open but could not be queried - it may be blocked by a modal operation
[2020.11.02-05.42.56:415][826]LogUObjectHash: Compacting FUObjectHashTables data took   1.79ms
[2020.11.02-05.42.56:504][826]LogSavePackage: Moving '../../../../TencentGameDevelop/HOMEWORK3/Saved/ThirdPersonExampleMap_Auto1C1E9E97C492D8C23A264F2AFC71C3E90.tmp' to '../../../../TencentGameDevelop/HOMEWORK3/Saved/Autosaves/Game/ThirdPersonCPP/Maps/ThirdPersonExampleMap_Auto1.umap'
[2020.11.02-05.42.56:505][826]LogFileHelpers: Editor autosave (incl. sublevels) for '/Game/ThirdPersonCPP/Maps/ThirdPersonExampleMap' took 0.110
[2020.11.02-05.42.56:505][826]LogFileHelpers: Editor autosave (incl. sublevels) for all levels took 0.110
[2020.11.02-05.42.56:505][826]OBJ SavePackage: Generating thumbnails for [0] asset(s) in package [/Game/BluePrints/BP_Target] ([1] browsable assets)...
[2020.11.02-05.42.56:506][826]OBJ SavePackage: Finished generating thumbnails for package [/Game/BluePrints/BP_Target]
[2020.11.02-05.42.56:506][826]Cmd: OBJ SAVEPACKAGE PACKAGE="/Game/BluePrints/BP_Target" FILE="../../../../TencentGameDevelop/HOMEWORK3/Saved/Autosaves/Game/BluePrints/BP_Target_Auto1.uasset" SILENT=false AUTOSAVING=true
[2020.11.02-05.42.56:522][826]LogSavePackage: Moving '../../../../TencentGameDevelop/HOMEWORK3/Saved/BP_Target_Auto1429892044691D220E6D77C9EEEB56A67.tmp' to '../../../../TencentGameDevelop/HOMEWORK3/Saved/Autosaves/Game/BluePrints/BP_Target_Auto1.uasset'
[2020.11.02-05.42.56:523][826]OBJ SavePackage: Generating thumbnails for [0] asset(s) in package [/Game/BluePrints/BP_PlayerController] ([1] browsable assets)...
[2020.11.02-05.42.56:523][826]OBJ SavePackage: Finished generating thumbnails for package [/Game/BluePrints/BP_PlayerController]
[2020.11.02-05.42.56:537][826]LogSavePackage: Moving '../../../../TencentGameDevelop/HOMEWORK3/Saved/BP_PlayerController_Auto10BB0D81A4F43F56149BA90AEFA885DA9.tmp' to '../../../../TencentGameDevelop/HOMEWORK3/Saved/Autosaves/Game/BluePrints/BP_PlayerController_Auto1.uasset'
[2020.11.02-05.42.56:537][826]LogFileHelpers: Auto-saving content packages took 0.032
[2020.11.02-06.35.55:230][409]LogEditorViewport: Clicking on Actor (LMB): StaticMeshActor (Floor)
[2020.11.02-06.35.56:039][454]LogTemp: Repeating last play command: 选中的视口
[2020.11.02-06.35.56:050][454]LogPlayLevel: PlayLevel: No blueprints needed recompiling
[2020.11.02-06.35.56:050][454]PIE: New page: PIE会话：ThirdPersonExampleMap（2020年11月2日 下午10:35:56）
[2020.11.02-06.35.56:050][454]LogPlayLevel: Creating play world package: /Game/ThirdPersonCPP/Maps/UEDPIE_0_ThirdPersonExampleMap
[2020.11.02-06.35.56:059][454]LogPlayLevel: PIE: StaticDuplicateObject took: (0.008940s)
[2020.11.02-06.35.56:060][454]LogAIModule: Creating AISystem for world ThirdPersonExampleMap
[2020.11.02-06.35.56:060][454]LogAISub: UAISubsystem::UAISubsystem EnvQueryManager (000001F2AFBC3000), frame # 20454
[2020.11.02-06.35.56:060][454]LogAISub: UAISubsystem::UAISubsystem AIPerceptionSystem (000001F28EAA4540), frame # 20454
[2020.11.02-06.35.56:061][454]LogPlayLevel: PIE: World Init took: (0.001244s)
[2020.11.02-06.35.56:061][454]LogPlayLevel: PIE: Created PIE world by copying editor world from /Game/ThirdPersonCPP/Maps/ThirdPersonExampleMap.ThirdPersonExampleMap to /Game/ThirdPersonCPP/Maps/UEDPIE_0_ThirdPersonExampleMap.ThirdPersonExampleMap (0.010315s)
[2020.11.02-06.35.56:081][454]LogUObjectHash: Compacting FUObjectHashTables data took   1.88ms
[2020.11.02-06.35.56:083][454]LogAudioMixer: Display: Audio Mixer Platform Settings:
[2020.11.02-06.35.56:083][454]LogAudioMixer: Display: 	Sample Rate:						  48000
[2020.11.02-06.35.56:083][454]LogAudioMixer: Display: 	Callback Buffer Frame Size Requested: 1024
[2020.11.02-06.35.56:083][454]LogAudioMixer: Display: 	Callback Buffer Frame Size To Use:	  1024
[2020.11.02-06.35.56:083][454]LogAudioMixer: Display: 	Number of buffers to queue:			  2
[2020.11.02-06.35.56:083][454]LogAudioMixer: Display: 	Max Channels (voices):				  32
[2020.11.02-06.35.56:083][454]LogAudioMixer: Display: 	Number of Async Source Workers:		  0
[2020.11.02-06.35.56:083][454]LogAudio: Display: AudioDevice MaxSources: 32
[2020.11.02-06.35.56:084][454]LogAudio: Display: Using built-in audio occlusion.
[2020.11.02-06.35.56:084][454]LogAudioMixer: Display: Initializing audio mixer.
[2020.11.02-06.35.56:090][454]LogAudioMixer: Display: 0: FrontLeft
[2020.11.02-06.35.56:090][454]LogAudioMixer: Display: 1: FrontRight
[2020.11.02-06.35.56:118][454]LogAudioMixer: Display: Using Audio Device 扬声器 (Realtek(R) Audio)
[2020.11.02-06.35.56:118][454]LogAudioMixer: Display: Initializing Sound Submixes...
[2020.11.02-06.35.56:119][454]LogAudioMixer: Display: Creating Master Submix 'MasterSubmixDefault'
[2020.11.02-06.35.56:119][454]LogAudioMixer: Display: Creating Master Submix 'MasterReverbSubmixDefault'
[2020.11.02-06.35.56:120][454]LogAudioMixer: Display: Creating Master Submix 'MasterEQSubmixDefault'
[2020.11.02-06.35.56:137][454]LogInit: FAudioDevice initialized.
[2020.11.02-06.35.56:153][454]LogLoad: Game class is 'BP_TargetGameModeBase_C'
[2020.11.02-06.35.56:156][454]LogWorld: Bringing World /Game/ThirdPersonCPP/Maps/UEDPIE_0_ThirdPersonExampleMap.ThirdPersonExampleMap up for play (max tick rate 60) at 2020.11.02-14.35.56
[2020.11.02-06.35.56:157][454]LogWorld: Bringing up level for play took: 0.002898
[2020.11.02-06.35.56:157][454]LogOnline: OSS: Creating online subsystem instance for: :Context_10
[2020.11.02-06.35.56:161][454]PIE: 登陆的服务器
[2020.11.02-06.35.56:161][454]PIE: PIE总开始时间：0.112秒。
[2020.11.02-06.36.18:337][340]LogSlate: Updating window title bar state: overlay mode, drag disabled, window buttons hidden, title bar hidden
[2020.11.02-06.36.18:337][340]LogWorld: BeginTearingDown for /Game/ThirdPersonCPP/Maps/UEDPIE_0_ThirdPersonExampleMap
[2020.11.02-06.36.18:337][340]LogWorld: UWorld::CleanupWorld for ThirdPersonExampleMap, bSessionEnded=true, bCleanupResources=true
[2020.11.02-06.36.18:337][340]LogSlate: InvalidateAllWidgets triggered.  All widgets were invalidated
[2020.11.02-06.36.18:350][340]LogPlayLevel: Display: Shutting down PIE online subsystems
[2020.11.02-06.36.18:353][340]LogSlate: InvalidateAllWidgets triggered.  All widgets were invalidated
[2020.11.02-06.36.18:369][340]LogSlate: Updating window title bar state: overlay mode, drag disabled, window buttons hidden, title bar hidden
[2020.11.02-06.36.18:396][340]LogAISub: UAISubsystem::~UAISubsystem AIPerceptionSystem (000001F28EAA4540), frame # 21340
[2020.11.02-06.36.18:396][340]LogAISub: UAISubsystem::~UAISubsystem EnvQueryManager (000001F2AFBC3000), frame # 21340
[2020.11.02-06.36.18:398][340]LogUObjectHash: Compacting FUObjectHashTables data took   1.83ms
[2020.11.02-06.36.18:419][341]LogPlayLevel: Display: Destroying online subsystem :Context_10
[2020.11.02-06.37.11:353][549]LogHotReload: New module detected: UE4Editor-HOMEWORK3-0029.dll
[2020.11.02-06.37.12:042][552]LogHotReload: Starting Hot-Reload from IDE
[2020.11.02-06.37.12:124][552]LogContentBrowser: Native class hierarchy updated for 'HOMEWORK3' in 0.0008 seconds. Added 6 classes and 3 folders.
[2020.11.02-06.37.12:127][552]Display: HotReload successful (2 functions remapped  0 scriptstructs remapped)
[2020.11.02-06.37.12:221][552]LogContentBrowser: Native class hierarchy populated in 0.0105 seconds. Added 3432 classes and 822 folders.
[2020.11.02-06.37.12:229][552]Display: HotReload took  0.2s.
