Log file open, 11/02/20 12:33:46
LogInit: Display: Running engine for game: HOMEWORK3
LogPlatformFile: Not using cached read wrapper
LogTaskGraph: Started task graph with 5 named threads and 47 total threads with 3 sets of task threads.
LogStats: Stats thread started at 0.092147
LogD3D11RHI: Loaded GFSDK_Aftermath_Lib.x64.dll
LogICUInternationalization: ICU TimeZone Detection - Raw Offset: +8:00, Platform Override: ''
LogPluginManager: Mounting plugin Paper2D
LogPluginManager: Mounting plugin AISupport
LogPluginManager: Mounting plugin LightPropagationVolume
LogPluginManager: Mounting plugin CameraShakePreviewer
LogPluginManager: Mounting plugin ActorLayerUtilities
LogPluginManager: Mounting plugin AnimationSharing
LogPluginManager: Mounting plugin CLionSourceCodeAccess
LogPluginManager: Mounting plugin CodeLiteSourceCodeAccess
LogPluginManager: Mounting plugin GitSourceControl
LogPluginManager: Mounting plugin KDevelopSourceCodeAccess
LogPluginManager: Mounting plugin NullSourceCodeAccess
LogPluginManager: Mounting plugin PerforceSourceControl
LogPluginManager: Mounting plugin PlasticSourceControl
LogPluginManager: Mounting plugin RiderSourceCodeAccess
LogPluginManager: Mounting plugin SubversionSourceControl
LogPluginManager: Mounting plugin UObjectPlugin
LogPluginManager: Mounting plugin VisualStudioCodeSourceCodeAccess
LogPluginManager: Mounting plugin VisualStudioSourceCodeAccess
LogPluginManager: Mounting plugin XCodeSourceCodeAccess
LogPluginManager: Mounting plugin AssetManagerEditor
LogPluginManager: Mounting plugin CryptoKeys
LogPluginManager: Mounting plugin CurveEditorTools
LogPluginManager: Mounting plugin DataValidation
LogPluginManager: Mounting plugin EditorScriptingUtilities
LogPluginManager: Mounting plugin FacialAnimation
LogPluginManager: Mounting plugin GameplayTagsEditor
LogPluginManager: Mounting plugin GeometryMode
LogPluginManager: Mounting plugin MacGraphicsSwitching
LogPluginManager: Mounting plugin MaterialAnalyzer
LogPluginManager: Mounting plugin MobileLauncherProfileWizard
LogPluginManager: Mounting plugin PluginBrowser
LogPluginManager: Mounting plugin SpeedTreeImporter
LogPluginManager: Mounting plugin DatasmithContent
LogPluginManager: Mounting plugin VariantManagerContent
LogPluginManager: Mounting plugin AlembicImporter
LogPluginManager: Mounting plugin AutomationUtils
LogPluginManager: Mounting plugin BackChannel
LogPluginManager: Mounting plugin ChaosCloth
LogPluginManager: Mounting plugin ChaosClothEditor
LogPluginManager: Mounting plugin ChaosEditor
LogPluginManager: Mounting plugin ChaosNiagara
LogPluginManager: Mounting plugin ChaosSolverPlugin
LogPluginManager: Mounting plugin CharacterAI
LogPluginManager: Mounting plugin GeometryCache
LogPluginManager: Mounting plugin GeometryCollectionPlugin
LogPluginManager: Mounting plugin GeometryProcessing
LogPluginManager: Mounting plugin PlanarCut
LogPluginManager: Mounting plugin PlatformCrypto
LogPluginManager: Mounting plugin ProxyLODPlugin
LogPluginManager: Mounting plugin SkeletalReduction
LogPluginManager: Mounting plugin Niagara
LogPluginManager: Mounting plugin MagicLeap
LogPluginManager: Mounting plugin MagicLeapLightEstimation
LogPluginManager: Mounting plugin MagicLeapMedia
LogPluginManager: Mounting plugin MagicLeapPassableWorld
LogPluginManager: Mounting plugin MLSDK
LogPluginManager: Mounting plugin AndroidMedia
LogPluginManager: Mounting plugin AvfMedia
LogPluginManager: Mounting plugin ImgMedia
LogPluginManager: Mounting plugin MediaCompositing
LogPluginManager: Mounting plugin MediaPlayerEditor
LogPluginManager: Mounting plugin WebMMedia
LogPluginManager: Mounting plugin WmfMedia
LogPluginManager: Mounting plugin MeshPainting
LogPluginManager: Mounting plugin TcpMessaging
LogPluginManager: Mounting plugin UdpMessaging
LogPluginManager: Mounting plugin ActorSequence
LogPluginManager: Mounting plugin LevelSequenceEditor
LogPluginManager: Mounting plugin MatineeToLevelSequence
LogPluginManager: Mounting plugin MovieRenderPipeline
LogPluginManager: Mounting plugin TemplateSequence
LogPluginManager: Mounting plugin NetcodeUnitTest
LogPluginManager: Mounting plugin NUTUnrealEngine4
LogPluginManager: Mounting plugin OnlineSubsystemGooglePlay
LogPluginManager: Mounting plugin OnlineSubsystemIOS
LogPluginManager: Mounting plugin OnlineSubsystem
LogPluginManager: Mounting plugin OnlineSubsystemNull
LogPluginManager: Mounting plugin OnlineSubsystemUtils
LogPluginManager: Mounting plugin LauncherChunkInstaller
LogPluginManager: Mounting plugin AndroidDeviceProfileSelector
LogPluginManager: Mounting plugin AndroidMoviePlayer
LogPluginManager: Mounting plugin AndroidPermission
LogPluginManager: Mounting plugin AppleImageUtils
LogPluginManager: Mounting plugin AppleMoviePlayer
LogPluginManager: Mounting plugin ArchVisCharacter
LogPluginManager: Mounting plugin AssetTags
LogPluginManager: Mounting plugin AudioCapture
LogPluginManager: Mounting plugin CableComponent
LogPluginManager: Mounting plugin CustomMeshComponent
LogPluginManager: Mounting plugin EditableMesh
LogPluginManager: Mounting plugin ExampleDeviceProfileSelector
LogPluginManager: Mounting plugin GoogleCloudMessaging
LogPluginManager: Mounting plugin GooglePAD
LogPluginManager: Mounting plugin IOSDeviceProfileSelector
LogPluginManager: Mounting plugin LinuxDeviceProfileSelector
LogPluginManager: Mounting plugin LocationServicesBPLibrary
LogPluginManager: Mounting plugin MobilePatchingUtils
LogPluginManager: Mounting plugin OculusVR
LogPluginManager: Mounting plugin PhysXVehicles
LogPluginManager: Mounting plugin PostSplashScreen
LogPluginManager: Mounting plugin ProceduralMeshComponent
LogPluginManager: Mounting plugin RuntimePhysXCooking
LogPluginManager: Mounting plugin SignificanceManager
LogPluginManager: Mounting plugin SoundFields
LogPluginManager: Mounting plugin SteamVR
LogPluginManager: Mounting plugin Synthesis
LogPluginManager: Mounting plugin WebMMoviePlayer
LogPluginManager: Mounting plugin WindowsMoviePlayer
LogPluginManager: Mounting plugin ScreenshotTools
LogInit: Using libcurl 7.55.1-DEV
LogInit:  - built for x86_64-pc-win32
LogInit:  - supports SSL with OpenSSL/1.1.1
LogInit:  - supports HTTP deflate (compression) using libz 1.2.8
LogInit:  - other features:
LogInit:      CURL_VERSION_SSL
LogInit:      CURL_VERSION_LIBZ
LogInit:      CURL_VERSION_IPV6
LogInit:      CURL_VERSION_ASYNCHDNS
LogInit:      CURL_VERSION_LARGEFILE
LogInit:      CURL_VERSION_IDN
LogInit:  CurlRequestOptions (configurable via config and command line):
LogInit:  - bVerifyPeer = true  - Libcurl will verify peer certificate
LogInit:  - bUseHttpProxy = false  - Libcurl will NOT use HTTP proxy
LogInit:  - bDontReuseConnections = false  - Libcurl will reuse connections
LogInit:  - MaxHostConnections = 16  - Libcurl will limit the number of connections to a host
LogInit:  - LocalHostAddr = Default
LogInit:  - BufferSize = 65536
LogOnline: OSS: Creating online subsystem instance for: NULL
LogInit: WinSock: version 1.1 (2.2), MaxSocks=32767, MaxUdp=65467
LogOnline: OSS: TryLoadSubsystemAndSetDefault: Loaded subsystem for module [NULL]
LogInit: Build: ++UE4+Release-4.25-CL-0
LogInit: Engine Version: 4.25.3-0+++UE4+Release-4.25
LogInit: Compatible Engine Version: 4.25.0-0+++UE4+Release-4.25
LogInit: Net CL: 0
LogInit: OS: Windows 10 (Release 1909) (), CPU: AMD Ryzen 7 4800H with Radeon Graphics         , GPU: NVIDIA GeForce RTX 2060
LogInit: Compiled (64-bit): Oct 24 2020 15:55:50
LogInit: Compiled with Visual C++: 19.27.29111.00
LogInit: Build Configuration: Development
LogInit: Branch Name: ++UE4+Release-4.25
LogInit: Command Line: 
LogInit: Base Directory: E:/TencentGameDevelop/UnrealEngine/Engine/Binaries/Win64/
LogInit: Allocator: TBB
LogInit: Installed Engine Build: 0
LogDevObjectVersion: Number of dev versions registered: 26
LogDevObjectVersion:   Dev-Blueprints (B0D832E4-1F89-4F0D-ACCF-7EB736FD4AA2): 10
LogDevObjectVersion:   Dev-Build (E1C64328-A22C-4D53-A36C-8E866417BD8C): 0
LogDevObjectVersion:   Dev-Core (375EC13C-06E4-48FB-B500-84F0262A717E): 4
LogDevObjectVersion:   Dev-Editor (E4B068ED-F494-42E9-A231-DA0B2E46BB41): 38
LogDevObjectVersion:   Dev-Framework (CFFC743F-43B0-4480-9391-14DF171D2073): 37
LogDevObjectVersion:   Dev-Mobile (B02B49B5-BB20-44E9-A304-32B752E40360): 2
LogDevObjectVersion:   Dev-Networking (A4E4105C-59A1-49B5-A7C5-40C4547EDFEE): 0
LogDevObjectVersion:   Dev-Online (39C831C9-5AE6-47DC-9A44-9C173E1C8E7C): 0
LogDevObjectVersion:   Dev-Physics (78F01B33-EBEA-4F98-B9B4-84EACCB95AA2): 4
LogDevObjectVersion:   Dev-Platform (6631380F-2D4D-43E0-8009-CF276956A95A): 0
LogDevObjectVersion:   Dev-Rendering (12F88B9F-8875-4AFC-A67C-D90C383ABD29): 43
LogDevObjectVersion:   Dev-Sequencer (7B5AE74C-D270-4C10-A958-57980B212A5A): 12
LogDevObjectVersion:   Dev-VR (D7296918-1DD6-4BDD-9DE2-64A83CC13884): 3
LogDevObjectVersion:   Dev-LoadTimes (C2A15278-BFE7-4AFE-6C17-90FF531DF755): 1
LogDevObjectVersion:   Private-Geometry (6EACA3D4-40EC-4CC1-B786-8BED09428FC5): 3
LogDevObjectVersion:   Dev-AnimPhys (29E575DD-E0A3-4627-9D10-D276232CDCEA): 17
LogDevObjectVersion:   Dev-Anim (AF43A65D-7FD3-4947-9873-3E8ED9C1BB05): 7
LogDevObjectVersion:   Dev-ReflectionCapture (6B266CEC-1EC7-4B8F-A30B-E4D90942FC07): 1
LogDevObjectVersion:   Dev-Automation (0DF73D61-A23F-47EA-B727-89E90C41499A): 1
LogDevObjectVersion:   FortniteMain (601D1886-AC64-4F84-AA16-D3DE0DEAC7D6): 31
LogDevObjectVersion:   Dev-Enterprise (9DFFBCD6-494F-0158-E221-12823C92A888): 10
LogDevObjectVersion:   Dev-Niagara (F2AED0AC-9AFE-416F-8664-AA7FFA26D6FC): 1
LogDevObjectVersion:   Dev-Destruction (174F1F0B-B4C6-45A5-B13F-2EE8D0FB917D): 10
LogDevObjectVersion:   Dev-Physics-Ext (35F94A83-E258-406C-A318-09F59610247C): 37
LogDevObjectVersion:   Dev-PhysicsMaterial-Chaos (B68FC16E-8B1B-42E2-B453-215C058844FE): 1
LogDevObjectVersion:   Dev-CineCamera (B2E18506-4273-CFC2-A54E-F4BB758BBA07): 1
LogInit: Presizing for max 25165824 objects, including 0 objects not considered by GC, pre-allocating 0 bytes for permanent pool.
LogConfig: Applying CVar settings from Section [/Script/Engine.StreamingSettings] File [E:/TencentGameDevelop/TencentGameDevelop/HOMEWORK3/Saved/Config/Windows/Engine.ini]
LogConfig: Setting CVar [[s.MinBulkDataSizeForAsyncLoading:131072]]
LogConfig: Setting CVar [[s.AsyncLoadingThreadEnabled:0]]
LogConfig: Setting CVar [[s.EventDrivenLoaderEnabled:1]]
LogConfig: Setting CVar [[s.WarnIfTimeLimitExceeded:0]]
LogConfig: Setting CVar [[s.TimeLimitExceededMultiplier:1.5]]
LogConfig: Setting CVar [[s.TimeLimitExceededMinTime:0.005]]
LogConfig: Setting CVar [[s.UseBackgroundLevelStreaming:1]]
LogConfig: Setting CVar [[s.PriorityAsyncLoadingExtraTime:15.0]]
LogConfig: Setting CVar [[s.LevelStreamingActorsUpdateTimeLimit:5.0]]
LogConfig: Setting CVar [[s.PriorityLevelStreamingActorsUpdateExtraTime:5.0]]
LogConfig: Setting CVar [[s.LevelStreamingComponentsRegistrationGranularity:10]]
LogConfig: Setting CVar [[s.UnregisterComponentsTimeLimit:1.0]]
LogConfig: Setting CVar [[s.LevelStreamingComponentsUnregistrationGranularity:5]]
LogConfig: Setting CVar [[s.FlushStreamingOnExit:1]]
LogInit: Object subsystem initialized
LogConfig: Setting CVar [[con.DebugEarlyDefault:1]]
LogConfig: Setting CVar [[r.setres:1280x720]]
[2020.11.02-04.33.46:365][  0]LogConfig: Setting CVar [[r.VSync:0]]
[2020.11.02-04.33.46:365][  0]LogConfig: Setting CVar [[r.RHICmdBypass:0]]
[2020.11.02-04.33.46:365][  0]LogConfig: Applying CVar settings from Section [/Script/Engine.RendererSettings] File [E:/TencentGameDevelop/TencentGameDevelop/HOMEWORK3/Saved/Config/Windows/Engine.ini]
[2020.11.02-04.33.46:365][  0]LogConfig: Setting CVar [[r.GPUCrashDebugging:0]]
[2020.11.02-04.33.46:365][  0]LogConfig: Setting CVar [[r.Mobile.DisableVertexFog:1]]
[2020.11.02-04.33.46:365][  0]LogConfig: Setting CVar [[r.Shadow.CSM.MaxMobileCascades:2]]
[2020.11.02-04.33.46:365][  0]LogConfig: Setting CVar [[r.MobileMSAA:1]]
[2020.11.02-04.33.46:365][  0]LogConfig: Setting CVar [[r.Mobile.UseLegacyShadingModel:0]]
[2020.11.02-04.33.46:365][  0]LogConfig: Setting CVar [[r.Mobile.AllowDitheredLODTransition:0]]
[2020.11.02-04.33.46:365][  0]LogConfig: Setting CVar [[r.Mobile.AllowSoftwareOcclusion:0]]
[2020.11.02-04.33.46:365][  0]LogConfig: Setting CVar [[r.Mobile.VirtualTextures:0]]
[2020.11.02-04.33.46:365][  0]LogConfig: Setting CVar [[r.DiscardUnusedQuality:0]]
[2020.11.02-04.33.46:365][  0]LogConfig: Setting CVar [[r.AllowOcclusionQueries:1]]
[2020.11.02-04.33.46:365][  0]LogConfig: Setting CVar [[r.MinScreenRadiusForLights:0.030000]]
[2020.11.02-04.33.46:365][  0]LogConfig: Setting CVar [[r.MinScreenRadiusForDepthPrepass:0.030000]]
[2020.11.02-04.33.46:365][  0]LogConfig: Setting CVar [[r.MinScreenRadiusForCSMDepth:0.010000]]
[2020.11.02-04.33.46:365][  0]LogConfig: Setting CVar [[r.PrecomputedVisibilityWarning:0]]
[2020.11.02-04.33.46:365][  0]LogConfig: Setting CVar [[r.TextureStreaming:1]]
[2020.11.02-04.33.46:365][  0]LogConfig: Setting CVar [[Compat.UseDXT5NormalMaps:0]]
[2020.11.02-04.33.46:365][  0]LogConfig: Setting CVar [[r.VirtualTextures:0]]
[2020.11.02-04.33.46:365][  0]LogConfig: Setting CVar [[r.VirtualTexturedLightmaps:0]]
[2020.11.02-04.33.46:365][  0]LogConfig: Setting CVar [[r.VT.TileSize:128]]
[2020.11.02-04.33.46:365][  0]LogConfig: Setting CVar [[r.VT.TileBorderSize:4]]
[2020.11.02-04.33.46:365][  0]LogConfig: Setting CVar [[r.vt.FeedbackFactor:16]]
[2020.11.02-04.33.46:365][  0]LogConfig: Setting CVar [[r.VT.EnableCompressZlib:1]]
[2020.11.02-04.33.46:365][  0]LogConfig: Setting CVar [[r.VT.EnableCompressCrunch:0]]
[2020.11.02-04.33.46:365][  0]LogConfig: Setting CVar [[r.ClearCoatNormal:0]]
[2020.11.02-04.33.46:365][  0]LogConfig: Setting CVar [[r.AnisotropicBRDF:0]]
[2020.11.02-04.33.46:365][  0]LogConfig: Setting CVar [[r.ReflectionCaptureResolution:128]]
[2020.11.02-04.33.46:365][  0]LogConfig: Setting CVar [[r.ReflectionEnvironmentLightmapMixBasedOnRoughness:1]]
[2020.11.02-04.33.46:365][  0]LogConfig: Setting CVar [[r.ForwardShading:0]]
[2020.11.02-04.33.46:365][  0]LogConfig: Setting CVar [[r.VertexFoggingForOpaque:1]]
[2020.11.02-04.33.46:365][  0]LogConfig: Setting CVar [[r.AllowStaticLighting:1]]
[2020.11.02-04.33.46:365][  0]LogConfig: Setting CVar [[r.NormalMapsForStaticLighting:0]]
[2020.11.02-04.33.46:365][  0]LogConfig: Setting CVar [[r.GenerateMeshDistanceFields:0]]
[2020.11.02-04.33.46:365][  0]LogConfig: Setting CVar [[r.DistanceFieldBuild.EightBit:0]]
[2020.11.02-04.33.46:365][  0]LogConfig: Setting CVar [[r.GenerateLandscapeGIData:0]]
[2020.11.02-04.33.46:365][  0]LogConfig: Setting CVar [[r.DistanceFieldBuild.Compress:0]]
[2020.11.02-04.33.46:365][  0]LogConfig: Setting CVar [[r.TessellationAdaptivePixelsPerTriangle:48.000000]]
[2020.11.02-04.33.46:365][  0]LogConfig: Setting CVar [[r.SeparateTranslucency:0]]
[2020.11.02-04.33.46:365][  0]LogConfig: Setting CVar [[r.TranslucentSortPolicy:0]]
[2020.11.02-04.33.46:365][  0]LogConfig: Setting CVar [[r.CustomDepth:1]]
[2020.11.02-04.33.46:365][  0]LogConfig: Setting CVar [[r.CustomDepthTemporalAAJitter:1]]
[2020.11.02-04.33.46:365][  0]LogConfig: Setting CVar [[r.PostProcessing.PropagateAlpha:0]]
[2020.11.02-04.33.46:365][  0]LogConfig: Setting CVar [[r.DefaultFeature.Bloom:0]]
[2020.11.02-04.33.46:365][  0]LogConfig: Setting CVar [[r.DefaultFeature.AmbientOcclusion:0]]
[2020.11.02-04.33.46:365][  0]LogConfig: Setting CVar [[r.DefaultFeature.AmbientOcclusionStaticFraction:1]]
[2020.11.02-04.33.46:365][  0]LogConfig: Setting CVar [[r.DefaultFeature.AutoExposure:0]]
[2020.11.02-04.33.46:365][  0]LogConfig: Setting CVar [[r.DefaultFeature.AutoExposure.Method:0]]
[2020.11.02-04.33.46:365][  0]LogConfig: Setting CVar [[r.DefaultFeature.AutoExposure.Bias:1.000000]]
[2020.11.02-04.33.46:365][  0]LogConfig: Setting CVar [[r.DefaultFeature.AutoExposure.ExtendDefaultLuminanceRange:0]]
[2020.11.02-04.33.46:365][  0]LogConfig: Setting CVar [[r.UsePreExposure:1]]
[2020.11.02-04.33.46:365][  0]LogConfig: Setting CVar [[r.EyeAdaptation.EditorOnly:0]]
[2020.11.02-04.33.46:365][  0]LogConfig: Setting CVar [[r.DefaultFeature.MotionBlur:0]]
[2020.11.02-04.33.46:365][  0]LogConfig: Setting CVar [[r.DefaultFeature.LensFlare:0]]
[2020.11.02-04.33.46:365][  0]LogConfig: Setting CVar [[r.TemporalAA.Upsampling:0]]
[2020.11.02-04.33.46:365][  0]LogConfig: Setting CVar [[r.SSGI.Enable:0]]
[2020.11.02-04.33.46:365][  0]LogConfig: Setting CVar [[r.DefaultFeature.AntiAliasing:0]]
[2020.11.02-04.33.46:365][  0]LogConfig: Setting CVar [[r.DefaultFeature.LightUnits:1]]
[2020.11.02-04.33.46:365][  0]LogConfig: Setting CVar [[r.DefaultBackBufferPixelFormat:4]]
[2020.11.02-04.33.46:365][  0]LogConfig: Setting CVar [[r.Shadow.UnbuiltPreviewInGame:1]]
[2020.11.02-04.33.46:365][  0]LogConfig: Setting CVar [[r.StencilForLODDither:0]]
[2020.11.02-04.33.46:365][  0]LogConfig: Setting CVar [[r.EarlyZPass:3]]
[2020.11.02-04.33.46:365][  0]LogConfig: Setting CVar [[r.EarlyZPassOnlyMaterialMasking:0]]
[2020.11.02-04.33.46:365][  0]LogConfig: Setting CVar [[r.DBuffer:1]]
[2020.11.02-04.33.46:365][  0]LogConfig: Setting CVar [[r.ClearSceneMethod:1]]
[2020.11.02-04.33.46:365][  0]LogConfig: Setting CVar [[r.BasePassOutputsVelocity:0]]
[2020.11.02-04.33.46:366][  0]LogConfig: Setting CVar [[r.VertexDeformationOutputsVelocity:0]]
[2020.11.02-04.33.46:366][  0]LogConfig: Setting CVar [[r.SelectiveBasePassOutputs:0]]
[2020.11.02-04.33.46:366][  0]LogConfig: Setting CVar [[fx.GPUSimulationTextureSizeX:1024]]
[2020.11.02-04.33.46:366][  0]LogConfig: Setting CVar [[fx.GPUSimulationTextureSizeY:1024]]
[2020.11.02-04.33.46:366][  0]LogConfig: Setting CVar [[r.AllowGlobalClipPlane:0]]
[2020.11.02-04.33.46:366][  0]LogConfig: Setting CVar [[r.GBufferFormat:1]]
[2020.11.02-04.33.46:366][  0]LogConfig: Setting CVar [[r.MorphTarget.Mode:1]]
[2020.11.02-04.33.46:366][  0]LogConfig: Setting CVar [[vr.InstancedStereo:0]]
[2020.11.02-04.33.46:366][  0]LogConfig: Setting CVar [[r.MobileHDR:1]]
[2020.11.02-04.33.46:366][  0]LogConfig: Setting CVar [[vr.MobileMultiView:0]]
[2020.11.02-04.33.46:366][  0]LogConfig: Setting CVar [[r.Mobile.UseHWsRGBEncoding:0]]
[2020.11.02-04.33.46:366][  0]LogConfig: Setting CVar [[vr.RoundRobinOcclusion:0]]
[2020.11.02-04.33.46:366][  0]LogConfig: Setting CVar [[vr.ODSCapture:0]]
[2020.11.02-04.33.46:366][  0]LogConfig: Setting CVar [[r.MeshStreaming:0]]
[2020.11.02-04.33.46:366][  0]LogConfig: Setting CVar [[r.WireframeCullThreshold:5.000000]]
[2020.11.02-04.33.46:366][  0]LogConfig: Setting CVar [[r.RayTracing:0]]
[2020.11.02-04.33.46:366][  0]LogConfig: Setting CVar [[r.RayTracing.UseTextureLod:0]]
[2020.11.02-04.33.46:366][  0]LogConfig: Setting CVar [[r.SupportStationarySkylight:1]]
[2020.11.02-04.33.46:366][  0]LogConfig: Setting CVar [[r.SupportLowQualityLightmaps:1]]
[2020.11.02-04.33.46:366][  0]LogConfig: Setting CVar [[r.SupportPointLightWholeSceneShadows:1]]
[2020.11.02-04.33.46:366][  0]LogConfig: Setting CVar [[r.SupportAtmosphericFog:1]]
[2020.11.02-04.33.46:366][  0]LogConfig: Setting CVar [[r.SupportSkyAtmosphere:1]]
[2020.11.02-04.33.46:366][  0]LogConfig: Setting CVar [[r.SupportSkyAtmosphereAffectsHeightFog:0]]
[2020.11.02-04.33.46:366][  0]LogConfig: Setting CVar [[r.SkinCache.CompileShaders:0]]
[2020.11.02-04.33.46:366][  0]LogConfig: Setting CVar [[r.SkinCache.DefaultBehavior:1]]
[2020.11.02-04.33.46:366][  0]LogConfig: Setting CVar [[r.SkinCache.SceneMemoryLimitInMB:128.000000]]
[2020.11.02-04.33.46:366][  0]LogConfig: Setting CVar [[r.Mobile.EnableStaticAndCSMShadowReceivers:1]]
[2020.11.02-04.33.46:366][  0]LogConfig: Setting CVar [[r.Mobile.EnableMovableLightCSMShaderCulling:1]]
[2020.11.02-04.33.46:366][  0]LogConfig: Setting CVar [[r.Mobile.AllowDistanceFieldShadows:1]]
[2020.11.02-04.33.46:366][  0]LogConfig: Setting CVar [[r.Mobile.AllowMovableDirectionalLights:1]]
[2020.11.02-04.33.46:366][  0]LogConfig: Setting CVar [[r.MobileNumDynamicPointLights:4]]
[2020.11.02-04.33.46:366][  0]LogConfig: Setting CVar [[r.MobileDynamicPointLightsUseStaticBranch:1]]
[2020.11.02-04.33.46:366][  0]LogConfig: Setting CVar [[r.Mobile.EnableMovableSpotlights:0]]
[2020.11.02-04.33.46:366][  0]LogConfig: Setting CVar [[r.GPUSkin.Support16BitBoneIndex:0]]
[2020.11.02-04.33.46:366][  0]LogConfig: Setting CVar [[r.GPUSkin.Limit2BoneInfluences:0]]
[2020.11.02-04.33.46:366][  0]LogConfig: Setting CVar [[r.SupportDepthOnlyIndexBuffers:1]]
[2020.11.02-04.33.46:366][  0]LogConfig: Setting CVar [[r.SupportReversedIndexBuffers:1]]
[2020.11.02-04.33.46:366][  0]LogConfig: Setting CVar [[r.SupportMaterialLayers:0]]
[2020.11.02-04.33.46:366][  0]LogConfig: Setting CVar [[r.LightPropagationVolume:0]]
[2020.11.02-04.33.46:366][  0]LogConfig: Applying CVar settings from Section [/Script/Engine.RendererOverrideSettings] File [E:/TencentGameDevelop/TencentGameDevelop/HOMEWORK3/Saved/Config/Windows/Engine.ini]
[2020.11.02-04.33.46:366][  0]LogConfig: Applying CVar settings from Section [/Script/Engine.StreamingSettings] File [E:/TencentGameDevelop/TencentGameDevelop/HOMEWORK3/Saved/Config/Windows/Engine.ini]
[2020.11.02-04.33.46:366][  0]LogConfig: Setting CVar [[s.MinBulkDataSizeForAsyncLoading:131072]]
[2020.11.02-04.33.46:366][  0]LogConfig: Setting CVar [[s.AsyncLoadingThreadEnabled:0]]
[2020.11.02-04.33.46:366][  0]LogConfig: Setting CVar [[s.EventDrivenLoaderEnabled:1]]
[2020.11.02-04.33.46:366][  0]LogConfig: Setting CVar [[s.WarnIfTimeLimitExceeded:0]]
[2020.11.02-04.33.46:366][  0]LogConfig: Setting CVar [[s.TimeLimitExceededMultiplier:1.5]]
[2020.11.02-04.33.46:366][  0]LogConfig: Setting CVar [[s.TimeLimitExceededMinTime:0.005]]
[2020.11.02-04.33.46:366][  0]LogConfig: Setting CVar [[s.UseBackgroundLevelStreaming:1]]
[2020.11.02-04.33.46:366][  0]LogConfig: Setting CVar [[s.PriorityAsyncLoadingExtraTime:15.0]]
[2020.11.02-04.33.46:366][  0]LogConfig: Setting CVar [[s.LevelStreamingActorsUpdateTimeLimit:5.0]]
[2020.11.02-04.33.46:366][  0]LogConfig: Setting CVar [[s.PriorityLevelStreamingActorsUpdateExtraTime:5.0]]
[2020.11.02-04.33.46:366][  0]LogConfig: Setting CVar [[s.LevelStreamingComponentsRegistrationGranularity:10]]
[2020.11.02-04.33.46:366][  0]LogConfig: Setting CVar [[s.UnregisterComponentsTimeLimit:1.0]]
[2020.11.02-04.33.46:366][  0]LogConfig: Setting CVar [[s.LevelStreamingComponentsUnregistrationGranularity:5]]
[2020.11.02-04.33.46:366][  0]LogConfig: Setting CVar [[s.FlushStreamingOnExit:1]]
[2020.11.02-04.33.46:366][  0]LogConfig: Applying CVar settings from Section [/Script/Engine.GarbageCollectionSettings] File [E:/TencentGameDevelop/TencentGameDevelop/HOMEWORK3/Saved/Config/Windows/Engine.ini]
[2020.11.02-04.33.46:366][  0]LogConfig: Setting CVar [[gc.MaxObjectsNotConsideredByGC:1]]
[2020.11.02-04.33.46:366][  0]LogConfig: Setting CVar [[gc.SizeOfPermanentObjectPool:0]]
[2020.11.02-04.33.46:366][  0]LogConfig: Setting CVar [[gc.FlushStreamingOnGC:0]]
[2020.11.02-04.33.46:366][  0]LogConfig: Setting CVar [[gc.NumRetriesBeforeForcingGC:10]]
[2020.11.02-04.33.46:366][  0]LogConfig: Setting CVar [[gc.AllowParallelGC:1]]
[2020.11.02-04.33.46:366][  0]LogConfig: Setting CVar [[gc.TimeBetweenPurgingPendingKillObjects:61.1]]
[2020.11.02-04.33.46:366][  0]LogConfig: Setting CVar [[gc.MaxObjectsInEditor:25165824]]
[2020.11.02-04.33.46:366][  0]LogConfig: Setting CVar [[gc.IncrementalBeginDestroyEnabled:1]]
[2020.11.02-04.33.46:366][  0]LogConfig: Setting CVar [[gc.CreateGCClusters:1]]
[2020.11.02-04.33.46:366][  0]LogConfig: Setting CVar [[gc.MinGCClusterSize:5]]
[2020.11.02-04.33.46:366][  0]LogConfig: Setting CVar [[gc.ActorClusteringEnabled:0]]
[2020.11.02-04.33.46:366][  0]LogConfig: Setting CVar [[gc.BlueprintClusteringEnabled:0]]
[2020.11.02-04.33.46:366][  0]LogConfig: Setting CVar [[gc.UseDisregardForGCOnDedicatedServers:0]]
[2020.11.02-04.33.46:366][  0]LogConfig: Applying CVar settings from Section [/Script/Engine.NetworkSettings] File [E:/TencentGameDevelop/TencentGameDevelop/HOMEWORK3/Saved/Config/Windows/Engine.ini]
[2020.11.02-04.33.46:366][  0]LogConfig: Applying CVar settings from Section [/Script/UnrealEd.CookerSettings] File [E:/TencentGameDevelop/TencentGameDevelop/HOMEWORK3/Saved/Config/Windows/Engine.ini]
[2020.11.02-04.33.46:368][  0]LogConfig: Applying CVar settings from Section [ViewDistanceQuality@3] File [E:/TencentGameDevelop/TencentGameDevelop/HOMEWORK3/Saved/Config/Windows/Scalability.ini]
[2020.11.02-04.33.46:368][  0]LogConfig: Setting CVar [[r.SkeletalMeshLODBias:0]]
[2020.11.02-04.33.46:368][  0]LogConfig: Setting CVar [[r.ViewDistanceScale:1.0]]
[2020.11.02-04.33.46:368][  0]LogConfig: Applying CVar settings from Section [AntiAliasingQuality@3] File [E:/TencentGameDevelop/TencentGameDevelop/HOMEWORK3/Saved/Config/Windows/Scalability.ini]
[2020.11.02-04.33.46:368][  0]LogConfig: Setting CVar [[r.PostProcessAAQuality:4]]
[2020.11.02-04.33.46:368][  0]LogConfig: Applying CVar settings from Section [ShadowQuality@3] File [E:/TencentGameDevelop/TencentGameDevelop/HOMEWORK3/Saved/Config/Windows/Scalability.ini]
[2020.11.02-04.33.46:368][  0]LogConfig: Setting CVar [[r.LightFunctionQuality:1]]
[2020.11.02-04.33.46:368][  0]LogConfig: Setting CVar [[r.ShadowQuality:5]]
[2020.11.02-04.33.46:368][  0]LogConfig: Setting CVar [[r.Shadow.CSM.MaxCascades:10]]
[2020.11.02-04.33.46:368][  0]LogConfig: Setting CVar [[r.Shadow.MaxResolution:2048]]
[2020.11.02-04.33.46:368][  0]LogConfig: Setting CVar [[r.Shadow.MaxCSMResolution:2048]]
[2020.11.02-04.33.46:368][  0]LogConfig: Setting CVar [[r.Shadow.RadiusThreshold:0.01]]
[2020.11.02-04.33.46:368][  0]LogConfig: Setting CVar [[r.Shadow.DistanceScale:1.0]]
[2020.11.02-04.33.46:368][  0]LogConfig: Setting CVar [[r.Shadow.CSM.TransitionScale:1.0]]
[2020.11.02-04.33.46:368][  0]LogConfig: Setting CVar [[r.Shadow.PreShadowResolutionFactor:1.0]]
[2020.11.02-04.33.46:368][  0]LogConfig: Setting CVar [[r.DistanceFieldShadowing:1]]
[2020.11.02-04.33.46:368][  0]LogConfig: Setting CVar [[r.DistanceFieldAO:1]]
[2020.11.02-04.33.46:368][  0]LogConfig: Setting CVar [[r.AOQuality:2]]
[2020.11.02-04.33.46:368][  0]LogConfig: Setting CVar [[r.VolumetricFog:1]]
[2020.11.02-04.33.46:368][  0]LogConfig: Setting CVar [[r.VolumetricFog.GridPixelSize:8]]
[2020.11.02-04.33.46:368][  0]LogConfig: Setting CVar [[r.VolumetricFog.GridSizeZ:128]]
[2020.11.02-04.33.46:368][  0]LogConfig: Setting CVar [[r.VolumetricFog.HistoryMissSupersampleCount:4]]
[2020.11.02-04.33.46:368][  0]LogConfig: Setting CVar [[r.LightMaxDrawDistanceScale:1]]
[2020.11.02-04.33.46:368][  0]LogConfig: Setting CVar [[r.CapsuleShadows:1]]
[2020.11.02-04.33.46:368][  0]LogConfig: Applying CVar settings from Section [PostProcessQuality@3] File [E:/TencentGameDevelop/TencentGameDevelop/HOMEWORK3/Saved/Config/Windows/Scalability.ini]
[2020.11.02-04.33.46:368][  0]LogConfig: Setting CVar [[r.MotionBlurQuality:4]]
[2020.11.02-04.33.46:368][  0]LogConfig: Setting CVar [[r.AmbientOcclusionMipLevelFactor:0.4]]
[2020.11.02-04.33.46:368][  0]LogConfig: Setting CVar [[r.AmbientOcclusionMaxQuality:100]]
[2020.11.02-04.33.46:368][  0]LogConfig: Setting CVar [[r.AmbientOcclusionLevels:-1]]
[2020.11.02-04.33.46:368][  0]LogConfig: Setting CVar [[r.AmbientOcclusionRadiusScale:1.0]]
[2020.11.02-04.33.46:369][  0]LogConfig: Setting CVar [[r.DepthOfFieldQuality:2]]
[2020.11.02-04.33.46:369][  0]LogConfig: Setting CVar [[r.RenderTargetPoolMin:400]]
[2020.11.02-04.33.46:369][  0]LogConfig: Setting CVar [[r.LensFlareQuality:2]]
[2020.11.02-04.33.46:369][  0]LogConfig: Setting CVar [[r.SceneColorFringeQuality:1]]
[2020.11.02-04.33.46:369][  0]LogConfig: Setting CVar [[r.EyeAdaptationQuality:2]]
[2020.11.02-04.33.46:369][  0]LogConfig: Setting CVar [[r.BloomQuality:5]]
[2020.11.02-04.33.46:369][  0]LogConfig: Setting CVar [[r.FastBlurThreshold:100]]
[2020.11.02-04.33.46:369][  0]LogConfig: Setting CVar [[r.Upscale.Quality:3]]
[2020.11.02-04.33.46:369][  0]LogConfig: Setting CVar [[r.Tonemapper.GrainQuantization:1]]
[2020.11.02-04.33.46:369][  0]LogConfig: Setting CVar [[r.LightShaftQuality:1]]
[2020.11.02-04.33.46:369][  0]LogConfig: Setting CVar [[r.Filter.SizeScale:1]]
[2020.11.02-04.33.46:369][  0]LogConfig: Setting CVar [[r.Tonemapper.Quality:5]]
[2020.11.02-04.33.46:369][  0]LogConfig: Setting CVar [[r.DOF.Gather.AccumulatorQuality:1        ; higher gathering accumulator quality]]
[2020.11.02-04.33.46:369][  0]LogConfig: Setting CVar [[r.DOF.Gather.PostfilterMethod:1          ; Median3x3 postfilering method]]
[2020.11.02-04.33.46:369][  0]LogConfig: Setting CVar [[r.DOF.Gather.EnableBokehSettings:0       ; no bokeh simulation when gathering]]
[2020.11.02-04.33.46:369][  0]LogConfig: Setting CVar [[r.DOF.Gather.RingCount:4                 ; medium number of samples when gathering]]
[2020.11.02-04.33.46:369][  0]LogConfig: Setting CVar [[r.DOF.Scatter.ForegroundCompositing:1    ; additive foreground scattering]]
[2020.11.02-04.33.46:369][  0]LogConfig: Setting CVar [[r.DOF.Scatter.BackgroundCompositing:2    ; additive background scattering]]
[2020.11.02-04.33.46:369][  0]LogConfig: Setting CVar [[r.DOF.Scatter.EnableBokehSettings:1      ; bokeh simulation when scattering]]
[2020.11.02-04.33.46:369][  0]LogConfig: Setting CVar [[r.DOF.Scatter.MaxSpriteRatio:0.1         ; only a maximum of 10% of scattered bokeh]]
[2020.11.02-04.33.46:369][  0]LogConfig: Setting CVar [[r.DOF.Recombine.Quality:1                ; cheap slight out of focus]]
[2020.11.02-04.33.46:369][  0]LogConfig: Setting CVar [[r.DOF.Recombine.EnableBokehSettings:0    ; no bokeh simulation on slight out of focus]]
[2020.11.02-04.33.46:369][  0]LogConfig: Setting CVar [[r.DOF.TemporalAAQuality:1                ; more stable temporal accumulation]]
[2020.11.02-04.33.46:369][  0]LogConfig: Setting CVar [[r.DOF.Kernel.MaxForegroundRadius:0.025]]
[2020.11.02-04.33.46:369][  0]LogConfig: Setting CVar [[r.DOF.Kernel.MaxBackgroundRadius:0.025]]
[2020.11.02-04.33.46:369][  0]LogConfig: Applying CVar settings from Section [TextureQuality@3] File [E:/TencentGameDevelop/TencentGameDevelop/HOMEWORK3/Saved/Config/Windows/Scalability.ini]
[2020.11.02-04.33.46:369][  0]LogConfig: Setting CVar [[r.Streaming.MipBias:0]]
[2020.11.02-04.33.46:369][  0]LogConfig: Setting CVar [[r.Streaming.AmortizeCPUToGPUCopy:0]]
[2020.11.02-04.33.46:369][  0]LogConfig: Setting CVar [[r.Streaming.MaxNumTexturesToStreamPerFrame:0]]
[2020.11.02-04.33.46:369][  0]LogConfig: Setting CVar [[r.Streaming.Boost:1]]
[2020.11.02-04.33.46:369][  0]LogConfig: Setting CVar [[r.MaxAnisotropy:8]]
[2020.11.02-04.33.46:369][  0]LogConfig: Setting CVar [[r.VT.MaxAnisotropy:8]]
[2020.11.02-04.33.46:369][  0]LogConfig: Setting CVar [[r.Streaming.LimitPoolSizeToVRAM:0]]
[2020.11.02-04.33.46:369][  0]LogConfig: Setting CVar [[r.Streaming.PoolSize:1000]]
[2020.11.02-04.33.46:369][  0]LogConfig: Setting CVar [[r.Streaming.MaxEffectiveScreenSize:0]]
[2020.11.02-04.33.46:369][  0]LogConfig: Applying CVar settings from Section [EffectsQuality@3] File [E:/TencentGameDevelop/TencentGameDevelop/HOMEWORK3/Saved/Config/Windows/Scalability.ini]
[2020.11.02-04.33.46:369][  0]LogConfig: Setting CVar [[r.TranslucencyLightingVolumeDim:64]]
[2020.11.02-04.33.46:369][  0]LogConfig: Setting CVar [[r.RefractionQuality:2]]
[2020.11.02-04.33.46:369][  0]LogConfig: Setting CVar [[r.SSR.Quality:3]]
[2020.11.02-04.33.46:369][  0]LogConfig: Setting CVar [[r.SSR.HalfResSceneColor:0]]
[2020.11.02-04.33.46:369][  0]LogConfig: Setting CVar [[r.SceneColorFormat:4]]
[2020.11.02-04.33.46:369][  0]LogConfig: Setting CVar [[r.DetailMode:2]]
[2020.11.02-04.33.46:369][  0]LogConfig: Setting CVar [[r.TranslucencyVolumeBlur:1]]
[2020.11.02-04.33.46:369][  0]LogConfig: Setting CVar [[r.MaterialQualityLevel:1 ; High quality]]
[2020.11.02-04.33.46:369][  0]LogConfig: Setting CVar [[r.SSS.Scale:1]]
[2020.11.02-04.33.46:369][  0]LogConfig: Setting CVar [[r.SSS.SampleSet:2]]
[2020.11.02-04.33.46:369][  0]LogConfig: Setting CVar [[r.SSS.Quality:1]]
[2020.11.02-04.33.46:369][  0]LogConfig: Setting CVar [[r.SSS.HalfRes:0]]
[2020.11.02-04.33.46:369][  0]LogConfig: Setting CVar [[r.SSGI.Quality:3]]
[2020.11.02-04.33.46:369][  0]LogConfig: Setting CVar [[r.EmitterSpawnRateScale:1.0]]
[2020.11.02-04.33.46:369][  0]LogConfig: Setting CVar [[r.ParticleLightQuality:2]]
[2020.11.02-04.33.46:369][  0]LogConfig: Setting CVar [[r.SkyAtmosphere.AerialPerspectiveLUT.FastApplyOnOpaque:1 ; Always have FastSkyLUT 1 in this case to avoid wrong sky]]
[2020.11.02-04.33.46:369][  0]LogConfig: Setting CVar [[r.SkyAtmosphere.AerialPerspectiveLUT.SampleCountPerSlice:1]]
[2020.11.02-04.33.46:369][  0]LogConfig: Setting CVar [[r.SkyAtmosphere.AerialPerspectiveLUT.DepthResolution:16.0]]
[2020.11.02-04.33.46:369][  0]LogConfig: Setting CVar [[r.SkyAtmosphere.FastSkyLUT:1]]
[2020.11.02-04.33.46:369][  0]LogConfig: Setting CVar [[r.SkyAtmosphere.FastSkyLUT.SampleCountMin:4.0]]
[2020.11.02-04.33.46:369][  0]LogConfig: Setting CVar [[r.SkyAtmosphere.FastSkyLUT.SampleCountMax:32.0]]
[2020.11.02-04.33.46:369][  0]LogConfig: Setting CVar [[r.SkyAtmosphere.SampleCountMin:4.0]]
[2020.11.02-04.33.46:369][  0]LogConfig: Setting CVar [[r.SkyAtmosphere.SampleCountMax:32.0]]
[2020.11.02-04.33.46:369][  0]LogConfig: Setting CVar [[r.SkyAtmosphere.TransmittanceLUT.UseSmallFormat:0]]
[2020.11.02-04.33.46:369][  0]LogConfig: Setting CVar [[r.SkyAtmosphere.TransmittanceLUT.SampleCount:10.0]]
[2020.11.02-04.33.46:369][  0]LogConfig: Setting CVar [[r.SkyAtmosphere.MultiScatteringLUT.SampleCount:15.0]]
[2020.11.02-04.33.46:369][  0]LogConfig: Applying CVar settings from Section [FoliageQuality@3] File [E:/TencentGameDevelop/TencentGameDevelop/HOMEWORK3/Saved/Config/Windows/Scalability.ini]
[2020.11.02-04.33.46:369][  0]LogConfig: Setting CVar [[foliage.DensityScale:1.0]]
[2020.11.02-04.33.46:369][  0]LogConfig: Setting CVar [[grass.DensityScale:1.0]]
[2020.11.02-04.33.46:369][  0]LogConfig: Applying CVar settings from Section [ShadingQuality@3] File [E:/TencentGameDevelop/TencentGameDevelop/HOMEWORK3/Saved/Config/Windows/Scalability.ini]
[2020.11.02-04.33.46:369][  0]LogConfig: Setting CVar [[r.HairStrands.SkyLighting.SampleCount:16]]
[2020.11.02-04.33.46:369][  0]LogConfig: Setting CVar [[r.HairStrands.SkyLighting.JitterIntegration:0]]
[2020.11.02-04.33.46:369][  0]LogConfig: Setting CVar [[r.HairStrands.SkyAO.SampleCount:16]]
[2020.11.02-04.33.46:369][  0]LogConfig: Setting CVar [[r.HairStrands.DeepShadow.SuperSampling:0]]
[2020.11.02-04.33.46:369][  0]LogConfig: Setting CVar [[r.HairStrands.VisibilityPPLL:0]]
[2020.11.02-04.33.46:369][  0]LogConfig: Setting CVar [[r.HairStrands.RasterizationScale:0.5]]
[2020.11.02-04.33.46:369][  0]LogConfig: Setting CVar [[r.HairStrands.VelocityRasterizationScale:1]]
[2020.11.02-04.33.46:369][  0]LogInit: Selected Device Profile: [Windows]
[2020.11.02-04.33.46:369][  0]LogInit: Applying CVar settings loaded from the selected device profile: [Windows]
[2020.11.02-04.33.46:369][  0]LogHAL: Display: Platform has ~ 16 GB [17042837504 / 17179869184 / 16], which maps to Larger [LargestMinGB=32, LargerMinGB=12, DefaultMinGB=8, SmallerMinGB=6, SmallestMinGB=0)
[2020.11.02-04.33.46:369][  0]LogInit: Going up to parent DeviceProfile []
[2020.11.02-04.33.46:369][  0]LogConfig: Applying CVar settings from Section [ViewDistanceQuality@3] File [E:/TencentGameDevelop/TencentGameDevelop/HOMEWORK3/Saved/Config/Windows/Scalability.ini]
[2020.11.02-04.33.46:369][  0]LogConfig: Setting CVar [[r.SkeletalMeshLODBias:0]]
[2020.11.02-04.33.46:369][  0]LogConfig: Setting CVar [[r.ViewDistanceScale:1.0]]
[2020.11.02-04.33.46:369][  0]LogConfig: Applying CVar settings from Section [AntiAliasingQuality@3] File [E:/TencentGameDevelop/TencentGameDevelop/HOMEWORK3/Saved/Config/Windows/Scalability.ini]
[2020.11.02-04.33.46:369][  0]LogConfig: Setting CVar [[r.PostProcessAAQuality:4]]
[2020.11.02-04.33.46:369][  0]LogConfig: Applying CVar settings from Section [ShadowQuality@3] File [E:/TencentGameDevelop/TencentGameDevelop/HOMEWORK3/Saved/Config/Windows/Scalability.ini]
[2020.11.02-04.33.46:369][  0]LogConfig: Setting CVar [[r.LightFunctionQuality:1]]
[2020.11.02-04.33.46:369][  0]LogConfig: Setting CVar [[r.ShadowQuality:5]]
[2020.11.02-04.33.46:369][  0]LogConfig: Setting CVar [[r.Shadow.CSM.MaxCascades:10]]
[2020.11.02-04.33.46:369][  0]LogConfig: Setting CVar [[r.Shadow.MaxResolution:2048]]
[2020.11.02-04.33.46:369][  0]LogConfig: Setting CVar [[r.Shadow.MaxCSMResolution:2048]]
[2020.11.02-04.33.46:369][  0]LogConfig: Setting CVar [[r.Shadow.RadiusThreshold:0.01]]
[2020.11.02-04.33.46:370][  0]LogConfig: Setting CVar [[r.Shadow.DistanceScale:1.0]]
[2020.11.02-04.33.46:370][  0]LogConfig: Setting CVar [[r.Shadow.CSM.TransitionScale:1.0]]
[2020.11.02-04.33.46:370][  0]LogConfig: Setting CVar [[r.Shadow.PreShadowResolutionFactor:1.0]]
[2020.11.02-04.33.46:370][  0]LogConfig: Setting CVar [[r.DistanceFieldShadowing:1]]
[2020.11.02-04.33.46:370][  0]LogConfig: Setting CVar [[r.DistanceFieldAO:1]]
[2020.11.02-04.33.46:370][  0]LogConfig: Setting CVar [[r.AOQuality:2]]
[2020.11.02-04.33.46:370][  0]LogConfig: Setting CVar [[r.VolumetricFog:1]]
[2020.11.02-04.33.46:370][  0]LogConfig: Setting CVar [[r.VolumetricFog.GridPixelSize:8]]
[2020.11.02-04.33.46:370][  0]LogConfig: Setting CVar [[r.VolumetricFog.GridSizeZ:128]]
[2020.11.02-04.33.46:370][  0]LogConfig: Setting CVar [[r.VolumetricFog.HistoryMissSupersampleCount:4]]
[2020.11.02-04.33.46:370][  0]LogConfig: Setting CVar [[r.LightMaxDrawDistanceScale:1]]
[2020.11.02-04.33.46:370][  0]LogConfig: Setting CVar [[r.CapsuleShadows:1]]
[2020.11.02-04.33.46:370][  0]LogConfig: Applying CVar settings from Section [PostProcessQuality@3] File [E:/TencentGameDevelop/TencentGameDevelop/HOMEWORK3/Saved/Config/Windows/Scalability.ini]
[2020.11.02-04.33.46:370][  0]LogConfig: Setting CVar [[r.MotionBlurQuality:4]]
[2020.11.02-04.33.46:370][  0]LogConfig: Setting CVar [[r.AmbientOcclusionMipLevelFactor:0.4]]
[2020.11.02-04.33.46:370][  0]LogConfig: Setting CVar [[r.AmbientOcclusionMaxQuality:100]]
[2020.11.02-04.33.46:370][  0]LogConfig: Setting CVar [[r.AmbientOcclusionLevels:-1]]
[2020.11.02-04.33.46:370][  0]LogConfig: Setting CVar [[r.AmbientOcclusionRadiusScale:1.0]]
[2020.11.02-04.33.46:370][  0]LogConfig: Setting CVar [[r.DepthOfFieldQuality:2]]
[2020.11.02-04.33.46:370][  0]LogConfig: Setting CVar [[r.RenderTargetPoolMin:400]]
[2020.11.02-04.33.46:370][  0]LogConfig: Setting CVar [[r.LensFlareQuality:2]]
[2020.11.02-04.33.46:370][  0]LogConfig: Setting CVar [[r.SceneColorFringeQuality:1]]
[2020.11.02-04.33.46:370][  0]LogConfig: Setting CVar [[r.EyeAdaptationQuality:2]]
[2020.11.02-04.33.46:370][  0]LogConfig: Setting CVar [[r.BloomQuality:5]]
[2020.11.02-04.33.46:370][  0]LogConfig: Setting CVar [[r.FastBlurThreshold:100]]
[2020.11.02-04.33.46:370][  0]LogConfig: Setting CVar [[r.Upscale.Quality:3]]
[2020.11.02-04.33.46:370][  0]LogConfig: Setting CVar [[r.Tonemapper.GrainQuantization:1]]
[2020.11.02-04.33.46:370][  0]LogConfig: Setting CVar [[r.LightShaftQuality:1]]
[2020.11.02-04.33.46:370][  0]LogConfig: Setting CVar [[r.Filter.SizeScale:1]]
[2020.11.02-04.33.46:370][  0]LogConfig: Setting CVar [[r.Tonemapper.Quality:5]]
[2020.11.02-04.33.46:370][  0]LogConfig: Setting CVar [[r.DOF.Gather.AccumulatorQuality:1        ; higher gathering accumulator quality]]
[2020.11.02-04.33.46:370][  0]LogConfig: Setting CVar [[r.DOF.Gather.PostfilterMethod:1          ; Median3x3 postfilering method]]
[2020.11.02-04.33.46:370][  0]LogConfig: Setting CVar [[r.DOF.Gather.EnableBokehSettings:0       ; no bokeh simulation when gathering]]
[2020.11.02-04.33.46:370][  0]LogConfig: Setting CVar [[r.DOF.Gather.RingCount:4                 ; medium number of samples when gathering]]
[2020.11.02-04.33.46:370][  0]LogConfig: Setting CVar [[r.DOF.Scatter.ForegroundCompositing:1    ; additive foreground scattering]]
[2020.11.02-04.33.46:370][  0]LogConfig: Setting CVar [[r.DOF.Scatter.BackgroundCompositing:2    ; additive background scattering]]
[2020.11.02-04.33.46:370][  0]LogConfig: Setting CVar [[r.DOF.Scatter.EnableBokehSettings:1      ; bokeh simulation when scattering]]
[2020.11.02-04.33.46:370][  0]LogConfig: Setting CVar [[r.DOF.Scatter.MaxSpriteRatio:0.1         ; only a maximum of 10% of scattered bokeh]]
[2020.11.02-04.33.46:370][  0]LogConfig: Setting CVar [[r.DOF.Recombine.Quality:1                ; cheap slight out of focus]]
[2020.11.02-04.33.46:370][  0]LogConfig: Setting CVar [[r.DOF.Recombine.EnableBokehSettings:0    ; no bokeh simulation on slight out of focus]]
[2020.11.02-04.33.46:370][  0]LogConfig: Setting CVar [[r.DOF.TemporalAAQuality:1                ; more stable temporal accumulation]]
[2020.11.02-04.33.46:370][  0]LogConfig: Setting CVar [[r.DOF.Kernel.MaxForegroundRadius:0.025]]
[2020.11.02-04.33.46:370][  0]LogConfig: Setting CVar [[r.DOF.Kernel.MaxBackgroundRadius:0.025]]
[2020.11.02-04.33.46:370][  0]LogConfig: Applying CVar settings from Section [TextureQuality@3] File [E:/TencentGameDevelop/TencentGameDevelop/HOMEWORK3/Saved/Config/Windows/Scalability.ini]
[2020.11.02-04.33.46:370][  0]LogConfig: Setting CVar [[r.Streaming.MipBias:0]]
[2020.11.02-04.33.46:370][  0]LogConfig: Setting CVar [[r.Streaming.AmortizeCPUToGPUCopy:0]]
[2020.11.02-04.33.46:370][  0]LogConfig: Setting CVar [[r.Streaming.MaxNumTexturesToStreamPerFrame:0]]
[2020.11.02-04.33.46:370][  0]LogConfig: Setting CVar [[r.Streaming.Boost:1]]
[2020.11.02-04.33.46:370][  0]LogConfig: Setting CVar [[r.MaxAnisotropy:8]]
[2020.11.02-04.33.46:370][  0]LogConfig: Setting CVar [[r.VT.MaxAnisotropy:8]]
[2020.11.02-04.33.46:370][  0]LogConfig: Setting CVar [[r.Streaming.LimitPoolSizeToVRAM:0]]
[2020.11.02-04.33.46:370][  0]LogConfig: Setting CVar [[r.Streaming.PoolSize:1000]]
[2020.11.02-04.33.46:370][  0]LogConfig: Setting CVar [[r.Streaming.MaxEffectiveScreenSize:0]]
[2020.11.02-04.33.46:370][  0]LogConfig: Applying CVar settings from Section [EffectsQuality@3] File [E:/TencentGameDevelop/TencentGameDevelop/HOMEWORK3/Saved/Config/Windows/Scalability.ini]
[2020.11.02-04.33.46:370][  0]LogConfig: Setting CVar [[r.TranslucencyLightingVolumeDim:64]]
[2020.11.02-04.33.46:370][  0]LogConfig: Setting CVar [[r.RefractionQuality:2]]
[2020.11.02-04.33.46:370][  0]LogConfig: Setting CVar [[r.SSR.Quality:3]]
[2020.11.02-04.33.46:370][  0]LogConfig: Setting CVar [[r.SSR.HalfResSceneColor:0]]
[2020.11.02-04.33.46:370][  0]LogConfig: Setting CVar [[r.SceneColorFormat:4]]
[2020.11.02-04.33.46:370][  0]LogConfig: Setting CVar [[r.DetailMode:2]]
[2020.11.02-04.33.46:370][  0]LogConfig: Setting CVar [[r.TranslucencyVolumeBlur:1]]
[2020.11.02-04.33.46:370][  0]LogConfig: Setting CVar [[r.MaterialQualityLevel:1 ; High quality]]
[2020.11.02-04.33.46:370][  0]LogConfig: Setting CVar [[r.SSS.Scale:1]]
[2020.11.02-04.33.46:370][  0]LogConfig: Setting CVar [[r.SSS.SampleSet:2]]
[2020.11.02-04.33.46:370][  0]LogConfig: Setting CVar [[r.SSS.Quality:1]]
[2020.11.02-04.33.46:370][  0]LogConfig: Setting CVar [[r.SSS.HalfRes:0]]
[2020.11.02-04.33.46:370][  0]LogConfig: Setting CVar [[r.SSGI.Quality:3]]
[2020.11.02-04.33.46:370][  0]LogConfig: Setting CVar [[r.EmitterSpawnRateScale:1.0]]
[2020.11.02-04.33.46:370][  0]LogConfig: Setting CVar [[r.ParticleLightQuality:2]]
[2020.11.02-04.33.46:370][  0]LogConfig: Setting CVar [[r.SkyAtmosphere.AerialPerspectiveLUT.FastApplyOnOpaque:1 ; Always have FastSkyLUT 1 in this case to avoid wrong sky]]
[2020.11.02-04.33.46:370][  0]LogConfig: Setting CVar [[r.SkyAtmosphere.AerialPerspectiveLUT.SampleCountPerSlice:1]]
[2020.11.02-04.33.46:370][  0]LogConfig: Setting CVar [[r.SkyAtmosphere.AerialPerspectiveLUT.DepthResolution:16.0]]
[2020.11.02-04.33.46:370][  0]LogConfig: Setting CVar [[r.SkyAtmosphere.FastSkyLUT:1]]
[2020.11.02-04.33.46:370][  0]LogConfig: Setting CVar [[r.SkyAtmosphere.FastSkyLUT.SampleCountMin:4.0]]
[2020.11.02-04.33.46:370][  0]LogConfig: Setting CVar [[r.SkyAtmosphere.FastSkyLUT.SampleCountMax:32.0]]
[2020.11.02-04.33.46:370][  0]LogConfig: Setting CVar [[r.SkyAtmosphere.SampleCountMin:4.0]]
[2020.11.02-04.33.46:370][  0]LogConfig: Setting CVar [[r.SkyAtmosphere.SampleCountMax:32.0]]
[2020.11.02-04.33.46:370][  0]LogConfig: Setting CVar [[r.SkyAtmosphere.TransmittanceLUT.UseSmallFormat:0]]
[2020.11.02-04.33.46:370][  0]LogConfig: Setting CVar [[r.SkyAtmosphere.TransmittanceLUT.SampleCount:10.0]]
[2020.11.02-04.33.46:370][  0]LogConfig: Setting CVar [[r.SkyAtmosphere.MultiScatteringLUT.SampleCount:15.0]]
[2020.11.02-04.33.46:370][  0]LogConfig: Applying CVar settings from Section [FoliageQuality@3] File [E:/TencentGameDevelop/TencentGameDevelop/HOMEWORK3/Saved/Config/Windows/Scalability.ini]
[2020.11.02-04.33.46:370][  0]LogConfig: Setting CVar [[foliage.DensityScale:1.0]]
[2020.11.02-04.33.46:370][  0]LogConfig: Setting CVar [[grass.DensityScale:1.0]]
[2020.11.02-04.33.46:370][  0]LogConfig: Applying CVar settings from Section [ShadingQuality@3] File [E:/TencentGameDevelop/TencentGameDevelop/HOMEWORK3/Saved/Config/Windows/Scalability.ini]
[2020.11.02-04.33.46:370][  0]LogConfig: Setting CVar [[r.HairStrands.SkyLighting.SampleCount:16]]
[2020.11.02-04.33.46:370][  0]LogConfig: Setting CVar [[r.HairStrands.SkyLighting.JitterIntegration:0]]
[2020.11.02-04.33.46:370][  0]LogConfig: Setting CVar [[r.HairStrands.SkyAO.SampleCount:16]]
[2020.11.02-04.33.46:370][  0]LogConfig: Setting CVar [[r.HairStrands.DeepShadow.SuperSampling:0]]
[2020.11.02-04.33.46:370][  0]LogConfig: Setting CVar [[r.HairStrands.VisibilityPPLL:0]]
[2020.11.02-04.33.46:370][  0]LogConfig: Setting CVar [[r.HairStrands.RasterizationScale:0.5]]
[2020.11.02-04.33.46:370][  0]LogConfig: Setting CVar [[r.HairStrands.VelocityRasterizationScale:1]]
[2020.11.02-04.33.46:370][  0]LogConfig: Applying CVar settings from Section [Startup] File [../../../Engine/Config/ConsoleVariables.ini]
[2020.11.02-04.33.46:371][  0]LogConfig: Setting CVar [[net.UseAdaptiveNetUpdateFrequency:0]]
[2020.11.02-04.33.46:371][  0]LogConfig: Setting CVar [[p.chaos.AllowCreatePhysxBodies:1]]
[2020.11.02-04.33.46:371][  0]LogConfig: Setting CVar [[fx.SkipVectorVMBackendOptimizations:1]]
[2020.11.02-04.33.46:371][  0]LogConfig: Applying CVar settings from Section [ConsoleVariables] File [E:/TencentGameDevelop/TencentGameDevelop/HOMEWORK3/Saved/Config/Windows/Engine.ini]
[2020.11.02-04.33.46:371][  0]LogInit: Computer: LAPTOP-F0438F8C
[2020.11.02-04.33.46:371][  0]LogInit: User: melos
[2020.11.02-04.33.46:371][  0]LogInit: CPU Page size=4096, Cores=8
[2020.11.02-04.33.46:371][  0]LogInit: High frequency timer resolution =10.000000 MHz
[2020.11.02-04.33.46:371][  0]LogMemory: Memory total: Physical=15.9GB (16GB approx)
[2020.11.02-04.33.46:371][  0]LogMemory: Platform Memory Stats for Windows
[2020.11.02-04.33.46:371][  0]LogMemory: Process Physical Memory: 107.53 MB used, 107.53 MB peak
[2020.11.02-04.33.46:371][  0]LogMemory: Process Virtual Memory: 89.68 MB used, 89.68 MB peak
[2020.11.02-04.33.46:371][  0]LogMemory: Physical Memory: 6102.74 MB used,  10150.57 MB free, 16253.32 MB total
[2020.11.02-04.33.46:371][  0]LogMemory: Virtual Memory: 5173.13 MB used,  134212552.00 MB free, 134217728.00 MB total
[2020.11.02-04.33.46:380][  0]LogWindows: WindowsPlatformFeatures enabled
[2020.11.02-04.33.46:441][  0]LogInit: Physics initialised using underlying interface: PhysX
[2020.11.02-04.33.46:442][  0]LogInit: Using OS detected language (zh-CN).
[2020.11.02-04.33.46:442][  0]LogInit: Using OS detected locale (zh-CN).
[2020.11.02-04.33.46:443][  0]LogTextLocalizationManager: No specific localization for 'zh-CN' exists, so the 'zh-Hans' localization will be used.
[2020.11.02-04.33.46:556][  0]LogTextLocalizationResource: LocRes '../../../Engine/Content/Localization/Editor/zh/Editor.locres' could not be opened for reading!
[2020.11.02-04.33.46:557][  0]LogTextLocalizationResource: LocRes '../../../Engine/Content/Localization/EditorTutorials/zh/EditorTutorials.locres' could not be opened for reading!
[2020.11.02-04.33.46:557][  0]LogTextLocalizationResource: LocRes '../../../Engine/Content/Localization/Keywords/zh/Keywords.locres' could not be opened for reading!
[2020.11.02-04.33.46:557][  0]LogTextLocalizationResource: LocRes '../../../Engine/Content/Localization/Category/zh/Category.locres' could not be opened for reading!
[2020.11.02-04.33.46:557][  0]LogTextLocalizationResource: LocRes '../../../Engine/Content/Localization/ToolTips/zh/ToolTips.locres' could not be opened for reading!
[2020.11.02-04.33.46:557][  0]LogTextLocalizationResource: LocRes '../../../Engine/Content/Localization/PropertyNames/zh/PropertyNames.locres' could not be opened for reading!
[2020.11.02-04.33.46:557][  0]LogTextLocalizationResource: LocRes '../../../Engine/Content/Localization/Engine/zh/Engine.locres' could not be opened for reading!
[2020.11.02-04.33.46:557][  0]LogTextLocalizationResource: LocRes '../../../Engine/Plugins/Online/Android/OnlineSubsystemGooglePlay/Content/Localization/OnlineSubsystemGooglePlay/zh/OnlineSubsystemGooglePlay.locres' could not be opened for reading!
[2020.11.02-04.33.46:557][  0]LogTextLocalizationResource: LocRes '../../../Engine/Plugins/Online/IOS/OnlineSubsystemIOS/Content/Localization/OnlineSubsystemIOS/zh/OnlineSubsystemIOS.locres' could not be opened for reading!
[2020.11.02-04.33.46:557][  0]LogTextLocalizationResource: LocRes '../../../Engine/Plugins/Online/OnlineSubsystem/Content/Localization/OnlineSubsystem/zh/OnlineSubsystem.locres' could not be opened for reading!
[2020.11.02-04.33.46:557][  0]LogTextLocalizationResource: LocRes '../../../Engine/Plugins/Online/OnlineSubsystemUtils/Content/Localization/OnlineSubsystemUtils/zh/OnlineSubsystemUtils.locres' could not be opened for reading!
[2020.11.02-04.33.46:627][  0]LogInit: Setting process to per monitor DPI aware
[2020.11.02-04.33.46:686][  0]LogSlate: New Slate User Created.  User Index 0, Is Virtual User: 0
[2020.11.02-04.33.46:686][  0]LogSlate: Slate User Registered.  User Index 0, Is Virtual User: 0
[2020.11.02-04.33.46:834][  0]LogHMD: Failed to initialize OpenVR with code 110
[2020.11.02-04.33.46:834][  0]LogD3D11RHI: D3D11 min allowed feature level: 11_0
[2020.11.02-04.33.46:834][  0]LogD3D11RHI: D3D11 max allowed feature level: 11_0
[2020.11.02-04.33.46:834][  0]LogD3D11RHI: D3D11 adapters:
[2020.11.02-04.33.46:927][  0]LogD3D11RHI:    0. 'NVIDIA GeForce RTX 2060' (Feature Level 11_0)
[2020.11.02-04.33.46:927][  0]LogD3D11RHI:       5980/0/8126 MB DedicatedVideo/DedicatedSystem/SharedSystem, Outputs:1, VendorId:0x10de
[2020.11.02-04.33.46:931][  0]LogD3D11RHI:    1. 'Microsoft Basic Render Driver' (Feature Level 11_0)
[2020.11.02-04.33.46:931][  0]LogD3D11RHI:       0/0/8126 MB DedicatedVideo/DedicatedSystem/SharedSystem, Outputs:0, VendorId:0x1414
[2020.11.02-04.33.46:931][  0]LogD3D11RHI: Chosen D3D11 Adapter: 0
[2020.11.02-04.33.46:938][  0]LogD3D11RHI: Creating new Direct3DDevice
[2020.11.02-04.33.46:939][  0]LogD3D11RHI:     GPU DeviceId: 0x1f15 (for the marketing name, search the web for "GPU Device Id")
[2020.11.02-04.33.46:939][  0]LogWindows: EnumDisplayDevices:
[2020.11.02-04.33.46:939][  0]LogWindows:    0. 'NVIDIA GeForce RTX 2060' (P:1 D:1)
[2020.11.02-04.33.46:939][  0]LogWindows:    1. 'NVIDIA GeForce RTX 2060' (P:0 D:0)
[2020.11.02-04.33.46:940][  0]LogWindows:    2. 'NVIDIA GeForce RTX 2060' (P:0 D:0)
[2020.11.02-04.33.46:940][  0]LogWindows:    3. 'NVIDIA GeForce RTX 2060' (P:0 D:0)
[2020.11.02-04.33.46:941][  0]LogWindows: DebugString: FoundDriverCount:4 
[2020.11.02-04.33.46:941][  0]LogD3D11RHI:     Adapter Name: NVIDIA GeForce RTX 2060
[2020.11.02-04.33.46:941][  0]LogD3D11RHI:   Driver Version: 451.91 (internal:27.21.14.5191, unified:451.91)
[2020.11.02-04.33.46:941][  0]LogD3D11RHI:      Driver Date: 8-2-2020
[2020.11.02-04.33.46:941][  0]LogRHI: Texture pool is 4186 MB (70% of 5980 MB)
[2020.11.02-04.33.47:013][  0]LogD3D11RHI: RHI has support for 64 bit atomics
[2020.11.02-04.33.47:014][  0]LogD3D11RHI: [Aftermath] Enabled and primed
[2020.11.02-04.33.47:014][  0]LogD3D11RHI: Async texture creation enabled
[2020.11.02-04.33.47:014][  0]LogD3D11RHI: Array index from any shader is supported
[2020.11.02-04.33.47:034][  0]LogD3D11RHI: GPU Timing Frequency: 1000.000000 (Debug: 2 1)
[2020.11.02-04.33.47:265][  0]LogTargetPlatformManager: Display: Loaded TargetPlatform 'AllDesktop'
[2020.11.02-04.33.47:286][  0]LogTargetPlatformManager: Display: Loaded TargetPlatform 'Android'
[2020.11.02-04.33.47:286][  0]LogTargetPlatformManager: Display: Loaded TargetPlatform 'Android_ASTC'
[2020.11.02-04.33.47:286][  0]LogTargetPlatformManager: Display: Loaded TargetPlatform 'Android_DXT'
[2020.11.02-04.33.47:286][  0]LogTargetPlatformManager: Display: Loaded TargetPlatform 'Android_ETC2'
[2020.11.02-04.33.47:286][  0]LogTargetPlatformManager: Display: Loaded TargetPlatform 'AndroidClient'
[2020.11.02-04.33.47:286][  0]LogTargetPlatformManager: Display: Loaded TargetPlatform 'Android_ASTCClient'
[2020.11.02-04.33.47:286][  0]LogTargetPlatformManager: Display: Loaded TargetPlatform 'Android_DXTClient'
[2020.11.02-04.33.47:286][  0]LogTargetPlatformManager: Display: Loaded TargetPlatform 'Android_ETC2Client'
[2020.11.02-04.33.47:286][  0]LogTargetPlatformManager: Display: Loaded TargetPlatform 'Android_Multi'
[2020.11.02-04.33.47:286][  0]LogTargetPlatformManager: Display: Loaded TargetPlatform 'Android_MultiClient'
[2020.11.02-04.33.47:312][  0]LogTargetPlatformManager: Display: Loaded TargetPlatform 'IOSClient'
[2020.11.02-04.33.47:312][  0]LogTargetPlatformManager: Display: Loaded TargetPlatform 'IOS'
[2020.11.02-04.33.47:339][  0]LogTargetPlatformManager: Display: Loaded TargetPlatform 'Lumin'
[2020.11.02-04.33.47:339][  0]LogTargetPlatformManager: Display: Loaded TargetPlatform 'LuminClient'
[2020.11.02-04.33.47:355][  0]LogTargetPlatformManager: Display: Loaded TargetPlatform 'TVOSClient'
[2020.11.02-04.33.47:355][  0]LogTargetPlatformManager: Display: Loaded TargetPlatform 'TVOS'
[2020.11.02-04.33.47:365][  0]LogTargetPlatformManager: Display: Loaded TargetPlatform 'WindowsNoEditor'
[2020.11.02-04.33.47:375][  0]LogTargetPlatformManager: Display: Loaded TargetPlatform 'Windows'
[2020.11.02-04.33.47:385][  0]LogTargetPlatformManager: Display: Loaded TargetPlatform 'WindowsClient'
[2020.11.02-04.33.47:394][  0]LogTargetPlatformManager: Display: Loaded TargetPlatform 'WindowsServer'
[2020.11.02-04.33.47:404][  0]LogTargetPlatformManager: Display: Loaded TargetPlatform 'XXX'
[2020.11.02-04.33.47:404][  0]LogTargetPlatformManager: Display: Building Assets For Windows
[2020.11.02-04.33.47:414][  0]LogAudioDebug: Display: Lib vorbis DLL was dynamically loaded.
[2020.11.02-04.33.47:515][  0]LogShaderCompilers: Guid format shader working directory is 5 characters bigger than the processId version (../../../../TencentGameDevelop/HOMEWORK3/Intermediate/Shaders/WorkingDirectory/17280/).
[2020.11.02-04.33.47:515][  0]LogShaderCompilers: Cleaned the shader compiler working directory 'C:/Users/melos/AppData/Local/Temp/UnrealShaderWorkingDir/C16AE92240F3C4A1CECF8BAD87161EA1/'.
[2020.11.02-04.33.47:516][  0]LogXGEController: Cannot use XGE Controller as Incredibuild is not installed on this machine.
[2020.11.02-04.33.47:516][  0]LogShaderCompilers: Cannot use XGE Shader Compiler as Incredibuild is not installed on this machine.
[2020.11.02-04.33.47:516][  0]LogShaderCompilers: Display: Using Local Shader Compiler.
[2020.11.02-04.33.48:225][  0]LogDerivedDataCache: Display: Max Cache Size: 512 MB
[2020.11.02-04.33.48:307][  0]LogDerivedDataCache: Loaded boot cache 0.08s 76MB ../../../../TencentGameDevelop/HOMEWORK3/DerivedDataCache/Boot.ddc.
[2020.11.02-04.33.48:307][  0]LogDerivedDataCache: Display: Loaded Boot cache: ../../../../TencentGameDevelop/HOMEWORK3/DerivedDataCache/Boot.ddc
[2020.11.02-04.33.48:307][  0]LogDerivedDataCache: FDerivedDataBackendGraph:  Pak pak cache file ../../../../TencentGameDevelop/HOMEWORK3/DerivedDataCache/DDC.ddp not found, will not use a pak cache.
[2020.11.02-04.33.48:307][  0]LogDerivedDataCache: Unable to find inner node Pak for hierarchical cache Hierarchy.
[2020.11.02-04.33.48:307][  0]LogDerivedDataCache: FDerivedDataBackendGraph:  EnginePak pak cache file ../../../Engine/DerivedDataCache/DDC.ddp not found, will not use a pak cache.
[2020.11.02-04.33.48:307][  0]LogDerivedDataCache: Unable to find inner node EnginePak for hierarchical cache Hierarchy.
[2020.11.02-04.33.48:309][  0]LogDerivedDataCache: Using Local data cache path ../../../Engine/DerivedDataCache: Writable
[2020.11.02-04.33.48:309][  0]LogDerivedDataCache: Shared data cache path not found in *engine.ini, will not use an Shared cache.
[2020.11.02-04.33.48:309][  0]LogDerivedDataCache: Unable to find inner node Shared for hierarchical cache Hierarchy.
[2020.11.02-04.33.48:352][  0]LogSlate: Using FreeType 2.10.0
[2020.11.02-04.33.48:353][  0]LogSlate: SlateFontServices - WITH_FREETYPE: 1, WITH_HARFBUZZ: 1
[2020.11.02-04.33.48:374][  0]LogAssetRegistry: FAssetRegistry took 0.0023 seconds to start up
[2020.11.02-04.33.48:602][  0]LogInit: Selected Device Profile: [Windows]
[2020.11.02-04.33.48:708][  0]LogMeshReduction: Using QuadricMeshReduction for automatic static mesh reduction
[2020.11.02-04.33.48:708][  0]LogMeshReduction: Using SimplygonMeshReduction for automatic skeletal mesh reduction
[2020.11.02-04.33.48:708][  0]LogMeshReduction: Using ProxyLODMeshReduction for automatic mesh merging
[2020.11.02-04.33.48:708][  0]LogMeshReduction: No distributed automatic mesh merging module available
[2020.11.02-04.33.48:708][  0]LogMeshMerging: No distributed automatic mesh merging module available
[2020.11.02-04.33.48:723][  0]LogNetVersion: HOMEWORK3 1.0.0, NetCL: 0, EngineNetVer: 14, GameNetVer: 0 (Checksum: 3125064262)
[2020.11.02-04.33.49:096][  0]LogAISub: UAISubsystem::UAISubsystem AISubsystem (000001B7C8F6DBC0), frame # 0
[2020.11.02-04.33.49:096][  0]LogAISub: UAISubsystem::UAISubsystem AIPerceptionSystem (000001B7C8EBD1C0), frame # 0
[2020.11.02-04.33.49:098][  0]LogAISub: UAISubsystem::UAISubsystem EnvQueryManager (000001B7C8F15C00), frame # 0
[2020.11.02-04.33.49:175][  0]LogPackageLocalizationCache: Processed 19 localized package path(s) for 2 prioritized culture(s) in 0.071660 seconds
[2020.11.02-04.33.49:180][  0]LogUObjectArray: 15903 objects as part of root set at end of initial load.
[2020.11.02-04.33.49:180][  0]LogUObjectAllocator: 3962048 out of 0 bytes used by permanent object pool.
[2020.11.02-04.33.49:180][  0]LogUObjectArray: CloseDisregardForGC: 0/0 objects in disregard for GC pool
[2020.11.02-04.33.49:633][  0]LogTcpMessaging: Initializing TcpMessaging bridge
[2020.11.02-04.33.49:639][  0]LogUdpMessaging: Initializing bridge on interface 0.0.0.0:0 to multicast group 230.0.0.1:6666.
[2020.11.02-04.33.49:711][  0]LogLinker: Warning: 未能加载“{FileName}”：无法找到文件。
[2020.11.02-04.33.49:711][  0]LogLinker: Warning: 未能加载“{FileName}”：无法找到文件。
[2020.11.02-04.33.49:711][  0]LogUObjectGlobals: Warning: 寻找对象“Class /Game/FirstPersonBP/FirstPersonOverview.FirstPersonOverview_C”失败
[2020.11.02-04.33.49:759][  0]SourceControl: 源码管理已禁用
[2020.11.02-04.33.49:759][  0]SourceControl: 源码管理已禁用
[2020.11.02-04.33.49:763][  0]SourceControl: 源码管理已禁用
[2020.11.02-04.33.49:768][  0]SourceControl: 源码管理已禁用
[2020.11.02-04.33.49:778][  0]SourceControl: 源码管理已禁用
[2020.11.02-04.33.50:137][  0]LogAndroidPermission: UAndroidPermissionCallbackProxy::GetInstance
[2020.11.02-04.33.50:167][  0]LogAudioCaptureCore: Display: No Audio Capture implementations found. Audio input will be silent.
[2020.11.02-04.33.50:167][  0]LogAudioCaptureCore: Display: No Audio Capture implementations found. Audio input will be silent.
[2020.11.02-04.33.50:223][  0]LogOcInput: OculusInput pre-init called
[2020.11.02-04.33.50:236][  0]LogWindows: Failed to load 'OVRPlugin.dll' (GetLastError=126)
[2020.11.02-04.33.50:236][  0]LogWindows: File 'OVRPlugin.dll' does not exist
[2020.11.02-04.33.50:303][  0]LogEngine: Initializing Engine...
[2020.11.02-04.33.50:305][  0]LogHMD: Failed to initialize OpenVR with code 110
[2020.11.02-04.33.50:305][  0]LogMagicLeap: Warning: VR disabled because ZI is not enabled.  To enable, in the editor, Edit -> Project Settings -> Plugins -> Magic Leap Plugin -> Enable Zero Iteration
[2020.11.02-04.33.50:306][  0]LogStats: UGameplayTagsManager::InitializeManager -  0.000 s
[2020.11.02-04.33.50:419][  0]LogInit: Initializing FReadOnlyCVARCache
[2020.11.02-04.33.50:429][  0]LogAIModule: Creating AISystem for world Untitled
[2020.11.02-04.33.50:429][  0]LogAISub: UAISubsystem::UAISubsystem EnvQueryManager (000001B7CFCFE600), frame # 0
[2020.11.02-04.33.50:429][  0]LogAISub: UAISubsystem::UAISubsystem AIPerceptionSystem (000001B7CFD60B80), frame # 0
[2020.11.02-04.33.50:436][  0]LogAudioMixer: Display: Audio Mixer Platform Settings:
[2020.11.02-04.33.50:436][  0]LogAudioMixer: Display: 	Sample Rate:						  48000
[2020.11.02-04.33.50:436][  0]LogAudioMixer: Display: 	Callback Buffer Frame Size Requested: 1024
[2020.11.02-04.33.50:436][  0]LogAudioMixer: Display: 	Callback Buffer Frame Size To Use:	  1024
[2020.11.02-04.33.50:436][  0]LogAudioMixer: Display: 	Number of buffers to queue:			  2
[2020.11.02-04.33.50:436][  0]LogAudioMixer: Display: 	Max Channels (voices):				  32
[2020.11.02-04.33.50:436][  0]LogAudioMixer: Display: 	Number of Async Source Workers:		  0
[2020.11.02-04.33.50:436][  0]LogAudio: Display: AudioDevice MaxSources: 32
[2020.11.02-04.33.50:436][  0]LogAudio: Display: Using built-in audio occlusion.
[2020.11.02-04.33.50:436][  0]LogAudioMixer: Display: Initializing audio mixer.
[2020.11.02-04.33.50:453][  0]LogAudioMixer: Display: 0: FrontLeft
[2020.11.02-04.33.50:453][  0]LogAudioMixer: Display: 1: FrontRight
[2020.11.02-04.33.50:665][  0]LogAudioMixer: Display: Using Audio Device 扬声器 (Realtek(R) Audio)
[2020.11.02-04.33.50:666][  0]LogAudioMixer: Display: Initializing Sound Submixes...
[2020.11.02-04.33.50:668][  0]LogAudioMixer: Display: Creating Master Submix 'MasterSubmixDefault'
[2020.11.02-04.33.50:668][  0]LogAudioMixer: Display: Creating Master Submix 'MasterReverbSubmixDefault'
[2020.11.02-04.33.50:668][  0]LogAudioMixer: Display: Creating Master Submix 'MasterEQSubmixDefault'
[2020.11.02-04.33.50:669][  0]LogInit: FAudioDevice initialized.
[2020.11.02-04.33.50:670][  0]LogNetVersion: Set ProjectVersion to 1.0.0.0. Version Checksum will be recalculated on next use.
[2020.11.02-04.33.50:714][  0]LogDerivedDataCache: Saved boot cache 0.04s 76MB ../../../../TencentGameDevelop/HOMEWORK3/DerivedDataCache/Boot.ddc.
[2020.11.02-04.33.50:714][  0]LogInit: Texture streaming: Enabled
[2020.11.02-04.33.50:738][  0]LogEngineSessionManager: EngineSessionManager initialized
[2020.11.02-04.33.50:738][  0]LogEditorSessionSummary: Verbose: Initializing EditorSessionSummaryWriter for editor session tracking
[2020.11.02-04.33.50:741][  0]LogEditorSessionSummary: EditorSessionSummaryWriter initialized
[2020.11.02-04.33.50:781][  0]LogInit: Transaction tracking system initialized
[2020.11.02-04.33.50:809][  0]BlueprintLog: New page: 编辑器加载
[2020.11.02-04.33.50:900][  0]LocalizationService: 本地化服务已禁用
[2020.11.02-04.33.51:068][  0]LogCook: Display: Max memory allowance for cook 16384mb min free memory 0mb
[2020.11.02-04.33.51:068][  0]LogCook: Display: Mobile HDR setting 1
[2020.11.02-04.33.51:241][  0]LogFileCache: Scanning file cache for directory 'E:/TencentGameDevelop/TencentGameDevelop/HOMEWORK3/Content/' took 0.01s
[2020.11.02-04.33.51:450][  0]SourceControl: 源码管理已禁用
[2020.11.02-04.33.51:450][  0]LogUnrealEdMisc: Loading editor; pre map load, took 6.214
[2020.11.02-04.33.51:451][  0]Cmd: MAP LOAD FILE="../../../../TencentGameDevelop/HOMEWORK3/Content/ThirdPersonCPP/Maps/ThirdPersonExampleMap.umap" TEMPLATE=0 SHOWPROGRESS=1 FEATURELEVEL=3
[2020.11.02-04.33.51:451][  0]LightingResults: New page: 光照构建
[2020.11.02-04.33.51:451][  0]LogWorld: UWorld::CleanupWorld for Untitled, bSessionEnded=true, bCleanupResources=true
[2020.11.02-04.33.51:451][  0]LogSlate: InvalidateAllWidgets triggered.  All widgets were invalidated
[2020.11.02-04.33.51:451][  0]MapCheck: New page: 地图检测
[2020.11.02-04.33.51:451][  0]LightingResults: New page: 光照构建
[2020.11.02-04.33.51:462][  0]LogAISub: UAISubsystem::~UAISubsystem EnvQueryManager (000001B7CFCFE600), frame # 0
[2020.11.02-04.33.51:462][  0]LogAISub: UAISubsystem::~UAISubsystem AIPerceptionSystem (000001B7CFD60B80), frame # 0
[2020.11.02-04.33.51:463][  0]LogUObjectHash: Compacting FUObjectHashTables data took   0.65ms
[2020.11.02-04.33.51:786][  0]LogAIModule: Creating AISystem for world ThirdPersonExampleMap
[2020.11.02-04.33.51:786][  0]LogAISub: UAISubsystem::UAISubsystem EnvQueryManager (000001B7C0624600), frame # 0
[2020.11.02-04.33.51:786][  0]LogAISub: UAISubsystem::UAISubsystem AIPerceptionSystem (000001B7C05F3B00), frame # 0
[2020.11.02-04.33.51:799][  0]LogEditorServer: Finished looking for orphan Actors (0.000 secs)
[2020.11.02-04.33.51:809][  0]LogUObjectHash: Compacting FUObjectHashTables data took   0.77ms
[2020.11.02-04.33.51:809][  0]Cmd: MAP CHECKDEP NOCLEARLOG
[2020.11.02-04.33.51:810][  0]MapCheck: 地图检测完成：0个错误、0个警告、完成用时0.106毫秒。
[2020.11.02-04.33.51:810][  0]LogFileHelpers: Loading map 'ThirdPersonExampleMap' took 0.359
[2020.11.02-04.33.51:812][  0]LogUnrealEdMisc: Total Editor Startup Time, took 6.576
[2020.11.02-04.33.51:915][  0]LogSlate: Updating window title bar state: overlay mode, drag disabled, window buttons hidden, title bar hidden
[2020.11.02-04.33.51:920][  0]LogSlate: Updating window title bar state: overlay mode, drag disabled, window buttons hidden, title bar hidden
[2020.11.02-04.33.51:926][  0]LogSlate: Updating window title bar state: overlay mode, drag disabled, window buttons hidden, title bar hidden
[2020.11.02-04.33.51:932][  0]LogSlate: Updating window title bar state: overlay mode, drag disabled, window buttons hidden, title bar hidden
[2020.11.02-04.33.51:940][  0]LogCollectionManager: Loaded 0 collections in 0.001042 seconds
[2020.11.02-04.33.51:955][  0]LogFileCache: Scanning file cache for directory 'E:/TencentGameDevelop/TencentGameDevelop/HOMEWORK3/Saved/Collections/' took 0.00s
[2020.11.02-04.33.51:955][  0]LogFileCache: Scanning file cache for directory 'E:/TencentGameDevelop/TencentGameDevelop/HOMEWORK3/Content/Developers/melos/Collections/' took 0.00s
[2020.11.02-04.33.51:955][  0]LogFileCache: Scanning file cache for directory 'E:/TencentGameDevelop/TencentGameDevelop/HOMEWORK3/Content/Collections/' took 0.00s
[2020.11.02-04.33.51:955][  0]LogContentBrowser: Native class hierarchy populated in 0.0086 seconds. Added 3432 classes and 822 folders.
[2020.11.02-04.33.51:958][  0]LogContentBrowser: Native class hierarchy updated for 'WidgetCarousel' in 0.0003 seconds. Added 0 classes and 0 folders.
[2020.11.02-04.33.52:009][  0]LogContentBrowser: Native class hierarchy updated for 'AddContentDialog' in 0.0004 seconds. Added 0 classes and 0 folders.
[2020.11.02-04.33.52:012][  0]LogContentBrowser: Native class hierarchy updated for 'SceneOutliner' in 0.0004 seconds. Added 2 classes and 0 folders.
[2020.11.02-04.33.52:105][  0]LogSlate: Took 0.000187 seconds to synchronously load lazily loaded font '../../../Engine/Content/Slate/Fonts/Roboto-Regular.ttf' (155K)
[2020.11.02-04.33.52:107][  0]LogSlate: Took 0.001046 seconds to synchronously load lazily loaded font '../../../Engine/Content/Slate/Fonts/DroidSansFallback.ttf' (3848K)
[2020.11.02-04.33.52:108][  0]LogSlate: Took 0.000173 seconds to synchronously load lazily loaded font '../../../Engine/Content/Slate/Fonts/Roboto-Bold.ttf' (160K)
[2020.11.02-04.33.52:110][  0]LogSlate: Took 0.000207 seconds to synchronously load lazily loaded font '../../../Engine/Content/Editor/Slate/Fonts/FontAwesome.ttf' (139K)
[2020.11.02-04.33.52:159][  0]LogRenderer: Reallocating scene render targets to support 916x420 Format 10 NumSamples 1 (Frame:1).
[2020.11.02-04.33.52:267][  0]LogContentBrowser: Native class hierarchy updated for 'HierarchicalLODOutliner' in 0.0005 seconds. Added 0 classes and 0 folders.
[2020.11.02-04.33.52:267][  0]LogLoad: (Engine Initialization) Total time: 7.03 seconds
[2020.11.02-04.33.52:267][  0]LogLoad: (Engine Initialization) Total Blueprint compile time: 0.00 seconds
[2020.11.02-04.33.52:314][  0]LogAssetRegistry: Asset discovery search completed in 3.9423 seconds
[2020.11.02-04.33.52:317][  0]LogCollectionManager: Fixed up redirectors for 0 collections in 0.000002 seconds (updated 0 objects)
[2020.11.02-04.33.52:319][  0]LogContentStreaming: Texture pool size now 1000 MB
[2020.11.02-04.33.52:451][  0]LogRenderer: Reallocating scene render targets to support 916x436 Format 10 NumSamples 1 (Frame:3).
[2020.11.02-04.33.52:451][  0]LogSlate: Took 0.000222 seconds to synchronously load lazily loaded font '../../../Engine/Content/Slate/Fonts/Roboto-Light.ttf' (167K)
[2020.11.02-04.35.04:903][411]LogTemp: Repeating last play command: 选中的视口
[2020.11.02-04.35.04:913][411]LogPlayLevel: PlayLevel: No blueprints needed recompiling
[2020.11.02-04.35.04:913][411]PIE: New page: PIE会话：ThirdPersonExampleMap（2020年11月2日 下午8:35:04）
[2020.11.02-04.35.04:914][411]LogOnline: OSS: Creating online subsystem instance for: NULL
[2020.11.02-04.35.04:916][411]LogOnline: OSS: TryLoadSubsystemAndSetDefault: Loaded subsystem for module [NULL]
[2020.11.02-04.35.04:916][411]LogPlayLevel: Creating play world package: /Game/ThirdPersonCPP/Maps/UEDPIE_0_ThirdPersonExampleMap
[2020.11.02-04.35.04:925][411]LogPlayLevel: PIE: StaticDuplicateObject took: (0.009635s)
[2020.11.02-04.35.04:926][411]LogAIModule: Creating AISystem for world ThirdPersonExampleMap
[2020.11.02-04.35.04:926][411]LogAISub: UAISubsystem::UAISubsystem EnvQueryManager (000001B7ECF24C00), frame # 411
[2020.11.02-04.35.04:926][411]LogAISub: UAISubsystem::UAISubsystem AIPerceptionSystem (000001B7D0374CC0), frame # 411
[2020.11.02-04.35.04:927][411]LogPlayLevel: PIE: World Init took: (0.001113s)
[2020.11.02-04.35.04:927][411]LogPlayLevel: PIE: Created PIE world by copying editor world from /Game/ThirdPersonCPP/Maps/ThirdPersonExampleMap.ThirdPersonExampleMap to /Game/ThirdPersonCPP/Maps/UEDPIE_0_ThirdPersonExampleMap.ThirdPersonExampleMap (0.010887s)
[2020.11.02-04.35.04:934][411]LogUObjectHash: Compacting FUObjectHashTables data took   0.78ms
[2020.11.02-04.35.04:936][411]LogAudioMixer: Display: Audio Mixer Platform Settings:
[2020.11.02-04.35.04:936][411]LogAudioMixer: Display: 	Sample Rate:						  48000
[2020.11.02-04.35.04:936][411]LogAudioMixer: Display: 	Callback Buffer Frame Size Requested: 1024
[2020.11.02-04.35.04:936][411]LogAudioMixer: Display: 	Callback Buffer Frame Size To Use:	  1024
[2020.11.02-04.35.04:936][411]LogAudioMixer: Display: 	Number of buffers to queue:			  2
[2020.11.02-04.35.04:936][411]LogAudioMixer: Display: 	Max Channels (voices):				  32
[2020.11.02-04.35.04:936][411]LogAudioMixer: Display: 	Number of Async Source Workers:		  0
[2020.11.02-04.35.04:936][411]LogAudio: Display: AudioDevice MaxSources: 32
[2020.11.02-04.35.04:937][411]LogAudio: Display: Using built-in audio occlusion.
[2020.11.02-04.35.04:937][411]LogAudioMixer: Display: Initializing audio mixer.
[2020.11.02-04.35.04:944][411]LogAudioMixer: Display: 0: FrontLeft
[2020.11.02-04.35.04:944][411]LogAudioMixer: Display: 1: FrontRight
[2020.11.02-04.35.04:971][411]LogAudioMixer: Display: Using Audio Device 扬声器 (Realtek(R) Audio)
[2020.11.02-04.35.04:971][411]LogAudioMixer: Display: Initializing Sound Submixes...
[2020.11.02-04.35.04:971][411]LogAudioMixer: Display: Creating Master Submix 'MasterSubmixDefault'
[2020.11.02-04.35.04:971][411]LogAudioMixer: Display: Creating Master Submix 'MasterReverbSubmixDefault'
[2020.11.02-04.35.04:972][411]LogAudioMixer: Display: Creating Master Submix 'MasterEQSubmixDefault'
[2020.11.02-04.35.04:990][411]LogInit: FAudioDevice initialized.
[2020.11.02-04.35.05:000][411]LogLoad: Game class is 'BP_TargetGameModeBase_C'
[2020.11.02-04.35.05:003][411]LogWorld: Bringing World /Game/ThirdPersonCPP/Maps/UEDPIE_0_ThirdPersonExampleMap.ThirdPersonExampleMap up for play (max tick rate 60) at 2020.11.02-12.35.05
[2020.11.02-04.35.05:003][411]LogWorld: Bringing up level for play took: 0.002397
[2020.11.02-04.35.05:003][411]LogOnline: OSS: Creating online subsystem instance for: :Context_1
[2020.11.02-04.35.05:006][411]LogContentBrowser: Native class hierarchy updated for 'MovieSceneCapture' in 0.0004 seconds. Added 20 classes and 0 folders.
[2020.11.02-04.35.05:009][411]PIE: 登陆的服务器
[2020.11.02-04.35.05:010][411]PIE: PIE总开始时间：0.098秒。
[2020.11.02-04.35.07:946][528]LogBlueprintUserMessages: [BP_Target_2] 40.0
[2020.11.02-04.35.08:096][534]LogBlueprintUserMessages: [BP_Target_2] 80.0
[2020.11.02-04.35.08:272][541]LogBlueprintUserMessages: [BP_Target_2] 120.0
[2020.11.02-04.35.09:621][595]LogBlueprintUserMessages: [BP_Target_2] 160.0
[2020.11.02-04.35.09:746][600]LogBlueprintUserMessages: [BP_Target_2] 200.0
[2020.11.02-04.35.10:246][619]LogSlate: Updating window title bar state: overlay mode, drag disabled, window buttons hidden, title bar hidden
[2020.11.02-04.35.10:246][619]LogWorld: BeginTearingDown for /Game/ThirdPersonCPP/Maps/UEDPIE_0_ThirdPersonExampleMap
[2020.11.02-04.35.10:246][619]LogWorld: UWorld::CleanupWorld for ThirdPersonExampleMap, bSessionEnded=true, bCleanupResources=true
[2020.11.02-04.35.10:247][619]LogSlate: InvalidateAllWidgets triggered.  All widgets were invalidated
[2020.11.02-04.35.10:253][619]LogPlayLevel: Display: Shutting down PIE online subsystems
[2020.11.02-04.35.10:254][619]LogSlate: InvalidateAllWidgets triggered.  All widgets were invalidated
[2020.11.02-04.35.10:280][619]LogSlate: Updating window title bar state: overlay mode, drag disabled, window buttons hidden, title bar hidden
[2020.11.02-04.35.10:281][619]LogAISub: UAISubsystem::~UAISubsystem AIPerceptionSystem (000001B7D0374CC0), frame # 619
[2020.11.02-04.35.10:281][619]LogAISub: UAISubsystem::~UAISubsystem EnvQueryManager (000001B7ECF24C00), frame # 619
[2020.11.02-04.35.10:282][619]LogUObjectHash: Compacting FUObjectHashTables data took   0.60ms
[2020.11.02-04.35.10:334][622]LogPlayLevel: Display: Destroying online subsystem :Context_1
[2020.11.02-04.35.14:337][752]LogSlate: Took 0.000192 seconds to synchronously load lazily loaded font '../../../Engine/Content/Slate/Fonts/Roboto-Light.ttf' (167K)
[2020.11.02-04.35.14:385][752]LogAssetEditorSubsystem: Opening Asset editor for Blueprint /Game/BluePrints/BP_PlayerController.BP_PlayerController
[2020.11.02-04.35.14:566][752]LogContentBrowser: Native class hierarchy updated for 'BlueprintGraph' in 0.0006 seconds. Added 125 classes and 0 folders.
[2020.11.02-04.35.15:356][752]LogSlate: Took 0.000195 seconds to synchronously load lazily loaded font '../../../Engine/Content/Slate/Fonts/Roboto-BoldCondensed.ttf' (158K)
[2020.11.02-04.35.15:399][753]LogSlate: Took 0.000343 seconds to synchronously load lazily loaded font '../../../Engine/Content/Slate/Fonts/Roboto-Italic.ttf' (157K)
[2020.11.02-04.36.36:808][968]LogEditorTransaction: Undo 删除当前选项
[2020.11.02-04.37.01:071][421]Cmd: OBJ SAVEPACKAGE PACKAGE="/Game/BluePrints/BP_PlayerController" FILE="../../../../TencentGameDevelop/HOMEWORK3/Content/BluePrints/BP_PlayerController.uasset" SILENT=true
[2020.11.02-04.37.01:094][421]LogSavePackage: Moving '../../../../TencentGameDevelop/HOMEWORK3/Saved/BP_PlayerController9FB65E414E1047D6126FCCA7AA00CB3C.tmp' to '../../../../TencentGameDevelop/HOMEWORK3/Content/BluePrints/BP_PlayerController.uasset'
[2020.11.02-04.37.01:157][421]AssetCheck: New page: 资产保存：BP_PlayerController
[2020.11.02-04.37.01:157][421]LogContentValidation: Display: 正在验证Blueprint /Game/BluePrints/BP_PlayerController.BP_PlayerController
[2020.11.02-04.37.02:476][442]BlueprintLog: New page: 编译BP_PlayerController
[2020.11.02-04.37.02:505][442]LogUObjectHash: Compacting FUObjectHashTables data took   2.26ms
[2020.11.02-04.37.02:541][442]LogSlate: Took 0.000557 seconds to synchronously load lazily loaded font '../../../Engine/Content/Slate/Fonts/DroidSansMono.ttf' (77K)
[2020.11.02-04.37.03:197][450]Cmd: OBJ SAVEPACKAGE PACKAGE="/Game/BluePrints/BP_PlayerController" FILE="../../../../TencentGameDevelop/HOMEWORK3/Content/BluePrints/BP_PlayerController.uasset" SILENT=true
[2020.11.02-04.37.03:211][450]LogSavePackage: Moving '../../../../TencentGameDevelop/HOMEWORK3/Saved/BP_PlayerControllerB9233DB64E8834A372D188AADDB543D1.tmp' to '../../../../TencentGameDevelop/HOMEWORK3/Content/BluePrints/BP_PlayerController.uasset'
[2020.11.02-04.37.03:280][450]AssetCheck: New page: 资产保存：BP_PlayerController
[2020.11.02-04.37.03:280][450]LogContentValidation: Display: 正在验证Blueprint /Game/BluePrints/BP_PlayerController.BP_PlayerController
[2020.11.02-04.37.03:422][452]Cmd: OBJ SAVEPACKAGE PACKAGE="/Game/BluePrints/BP_PlayerController" FILE="../../../../TencentGameDevelop/HOMEWORK3/Content/BluePrints/BP_PlayerController.uasset" SILENT=true
[2020.11.02-04.37.03:437][452]LogSavePackage: Moving '../../../../TencentGameDevelop/HOMEWORK3/Saved/BP_PlayerControllerC43486414B7A1862FC6822B6899BA24F.tmp' to '../../../../TencentGameDevelop/HOMEWORK3/Content/BluePrints/BP_PlayerController.uasset'
[2020.11.02-04.37.03:547][452]Cmd: OBJ SAVEPACKAGE PACKAGE="/Game/BluePrints/BP_PlayerController" FILE="../../../../TencentGameDevelop/HOMEWORK3/Content/BluePrints/BP_PlayerController.uasset" SILENT=true
[2020.11.02-04.37.03:561][452]LogSavePackage: Moving '../../../../TencentGameDevelop/HOMEWORK3/Saved/BP_PlayerController78348F8C4E895EB8509153A125B3FE14.tmp' to '../../../../TencentGameDevelop/HOMEWORK3/Content/BluePrints/BP_PlayerController.uasset'
[2020.11.02-04.37.03:630][452]AssetCheck: New page: 资产保存：BP_PlayerController
[2020.11.02-04.37.03:630][452]LogContentValidation: Display: 正在验证Blueprint /Game/BluePrints/BP_PlayerController.BP_PlayerController
[2020.11.02-04.37.04:091][466]LogSlate: Window 'BP_PlayerController' being destroyed
[2020.11.02-04.37.04:128][466]LogSlate: Window 'BP_PlayerController' being destroyed
[2020.11.02-04.37.04:137][466]LogWorld: UWorld::CleanupWorld for World_3, bSessionEnded=true, bCleanupResources=true
[2020.11.02-04.37.04:137][466]LogSlate: InvalidateAllWidgets triggered.  All widgets were invalidated
[2020.11.02-04.37.04:804][496]LogTemp: Repeating last play command: 选中的视口
[2020.11.02-04.37.04:816][496]LogPlayLevel: PlayLevel: No blueprints needed recompiling
[2020.11.02-04.37.04:816][496]PIE: New page: PIE会话：ThirdPersonExampleMap（2020年11月2日 下午8:37:04）
[2020.11.02-04.37.04:816][496]LogPlayLevel: Creating play world package: /Game/ThirdPersonCPP/Maps/UEDPIE_0_ThirdPersonExampleMap
[2020.11.02-04.37.04:824][496]LogPlayLevel: PIE: StaticDuplicateObject took: (0.007856s)
[2020.11.02-04.37.04:825][496]LogAIModule: Creating AISystem for world ThirdPersonExampleMap
[2020.11.02-04.37.04:825][496]LogAISub: UAISubsystem::UAISubsystem EnvQueryManager (000001B825ACB200), frame # 2496
[2020.11.02-04.37.04:825][496]LogAISub: UAISubsystem::UAISubsystem AIPerceptionSystem (000001B7CFF202C0), frame # 2496
[2020.11.02-04.37.04:826][496]LogPlayLevel: PIE: World Init took: (0.001346s)
[2020.11.02-04.37.04:826][496]LogPlayLevel: PIE: Created PIE world by copying editor world from /Game/ThirdPersonCPP/Maps/ThirdPersonExampleMap.ThirdPersonExampleMap to /Game/ThirdPersonCPP/Maps/UEDPIE_0_ThirdPersonExampleMap.ThirdPersonExampleMap (0.009368s)
[2020.11.02-04.37.04:849][496]LogUObjectHash: Compacting FUObjectHashTables data took   3.37ms
[2020.11.02-04.37.04:850][496]LogAudioMixer: Display: Audio Mixer Platform Settings:
[2020.11.02-04.37.04:850][496]LogAudioMixer: Display: 	Sample Rate:						  48000
[2020.11.02-04.37.04:850][496]LogAudioMixer: Display: 	Callback Buffer Frame Size Requested: 1024
[2020.11.02-04.37.04:850][496]LogAudioMixer: Display: 	Callback Buffer Frame Size To Use:	  1024
[2020.11.02-04.37.04:850][496]LogAudioMixer: Display: 	Number of buffers to queue:			  2
[2020.11.02-04.37.04:850][496]LogAudioMixer: Display: 	Max Channels (voices):				  32
[2020.11.02-04.37.04:850][496]LogAudioMixer: Display: 	Number of Async Source Workers:		  0
[2020.11.02-04.37.04:850][496]LogAudio: Display: AudioDevice MaxSources: 32
[2020.11.02-04.37.04:850][496]LogAudio: Display: Using built-in audio occlusion.
[2020.11.02-04.37.04:850][496]LogAudioMixer: Display: Initializing audio mixer.
[2020.11.02-04.37.04:857][496]LogAudioMixer: Display: 0: FrontLeft
[2020.11.02-04.37.04:857][496]LogAudioMixer: Display: 1: FrontRight
[2020.11.02-04.37.04:889][496]LogAudioMixer: Display: Using Audio Device 扬声器 (Realtek(R) Audio)
[2020.11.02-04.37.04:889][496]LogAudioMixer: Display: Initializing Sound Submixes...
[2020.11.02-04.37.04:889][496]LogAudioMixer: Display: Creating Master Submix 'MasterSubmixDefault'
[2020.11.02-04.37.04:889][496]LogAudioMixer: Display: Creating Master Submix 'MasterReverbSubmixDefault'
[2020.11.02-04.37.04:890][496]LogAudioMixer: Display: Creating Master Submix 'MasterEQSubmixDefault'
[2020.11.02-04.37.04:907][496]LogInit: FAudioDevice initialized.
[2020.11.02-04.37.04:919][496]LogLoad: Game class is 'BP_TargetGameModeBase_C'
[2020.11.02-04.37.04:921][496]LogWorld: Bringing World /Game/ThirdPersonCPP/Maps/UEDPIE_0_ThirdPersonExampleMap.ThirdPersonExampleMap up for play (max tick rate 60) at 2020.11.02-12.37.04
[2020.11.02-04.37.04:921][496]LogWorld: Bringing up level for play took: 0.002232
[2020.11.02-04.37.04:921][496]LogOnline: OSS: Creating online subsystem instance for: :Context_6
[2020.11.02-04.37.04:925][496]PIE: 登陆的服务器
[2020.11.02-04.37.04:925][496]PIE: PIE总开始时间：0.111秒。
[2020.11.02-04.37.05:875][552]LogCharacterMovement: BP_TPSCharacter_2 is stuck and failed to move! Velocity: X=0.12 Y=68.27 Z=0.00 Location: X=-668.50 Y=313.98 Z=226.35 Normal: X=0.19 Y=-0.95 Z=-0.26 PenetrationDepth:5.853 Actor:BP_Target2_2 Component:SkeletalMesh BoneName:spine_03 (0 other events since notify)
[2020.11.02-04.37.07:237][615]LogBlueprintUserMessages: [BP_Target_2] 40.0
[2020.11.02-04.37.07:412][622]LogBlueprintUserMessages: [BP_Target_2] 80.0
[2020.11.02-04.37.10:037][727]LogBlueprintUserMessages: [BP_Target_2] 120.0
[2020.11.02-04.38.46:640][590]LogSlate: Updating window title bar state: overlay mode, drag disabled, window buttons hidden, title bar hidden
[2020.11.02-04.38.46:640][590]LogWorld: BeginTearingDown for /Game/ThirdPersonCPP/Maps/UEDPIE_0_ThirdPersonExampleMap
[2020.11.02-04.38.46:640][590]LogWorld: UWorld::CleanupWorld for ThirdPersonExampleMap, bSessionEnded=true, bCleanupResources=true
[2020.11.02-04.38.46:641][590]LogSlate: InvalidateAllWidgets triggered.  All widgets were invalidated
[2020.11.02-04.38.46:652][590]LogPlayLevel: Display: Shutting down PIE online subsystems
[2020.11.02-04.38.46:654][590]LogSlate: InvalidateAllWidgets triggered.  All widgets were invalidated
[2020.11.02-04.38.46:685][590]LogSlate: Updating window title bar state: overlay mode, drag disabled, window buttons hidden, title bar hidden
[2020.11.02-04.38.46:686][590]LogAISub: UAISubsystem::~UAISubsystem AIPerceptionSystem (000001B7CFF202C0), frame # 6590
[2020.11.02-04.38.46:686][590]LogAISub: UAISubsystem::~UAISubsystem EnvQueryManager (000001B825ACB200), frame # 6590
[2020.11.02-04.38.46:688][590]LogUObjectHash: Compacting FUObjectHashTables data took   1.66ms
[2020.11.02-04.38.46:712][591]LogPlayLevel: Display: Destroying online subsystem :Context_6
[2020.11.02-04.38.48:795][659]LogAssetEditorSubsystem: Opening Asset editor for Blueprint /Game/BluePrints/BP_PlayerController.BP_PlayerController
[2020.11.02-04.41.02:690][161]Cmd: OBJ SAVEPACKAGE PACKAGE="/Game/BluePrints/BP_PlayerController" FILE="../../../../TencentGameDevelop/HOMEWORK3/Content/BluePrints/BP_PlayerController.uasset" SILENT=true
[2020.11.02-04.41.02:706][161]LogSavePackage: Moving '../../../../TencentGameDevelop/HOMEWORK3/Saved/BP_PlayerController165B1009487ED6B565F30D8FBF09D26E.tmp' to '../../../../TencentGameDevelop/HOMEWORK3/Content/BluePrints/BP_PlayerController.uasset'
[2020.11.02-04.41.02:773][161]AssetCheck: New page: 资产保存：BP_PlayerController
[2020.11.02-04.41.02:773][161]LogContentValidation: Display: 正在验证Blueprint /Game/BluePrints/BP_PlayerController.BP_PlayerController
[2020.11.02-04.41.02:965][164]Cmd: OBJ SAVEPACKAGE PACKAGE="/Game/BluePrints/BP_PlayerController" FILE="../../../../TencentGameDevelop/HOMEWORK3/Content/BluePrints/BP_PlayerController.uasset" SILENT=true
[2020.11.02-04.41.02:979][164]LogSavePackage: Moving '../../../../TencentGameDevelop/HOMEWORK3/Saved/BP_PlayerController0A04ADC748A6A3EF7C9A9BA8A84477D1.tmp' to '../../../../TencentGameDevelop/HOMEWORK3/Content/BluePrints/BP_PlayerController.uasset'
[2020.11.02-04.41.03:048][164]AssetCheck: New page: 资产保存：BP_PlayerController
[2020.11.02-04.41.03:048][164]LogContentValidation: Display: 正在验证Blueprint /Game/BluePrints/BP_PlayerController.BP_PlayerController
[2020.11.02-04.41.06:390][226]LogSlate: Window 'BP_PlayerController' being destroyed
[2020.11.02-04.41.06:446][226]LogSlate: Window 'BP_PlayerController' being destroyed
[2020.11.02-04.41.06:447][226]LogWorld: UWorld::CleanupWorld for World_4, bSessionEnded=true, bCleanupResources=true
[2020.11.02-04.41.06:447][226]LogSlate: InvalidateAllWidgets triggered.  All widgets were invalidated
[2020.11.02-04.41.19:636][745]LogUObjectHash: Compacting FUObjectHashTables data took   2.00ms
[2020.11.02-04.41.19:679][745]LogSlate: Window 'HOMEWORK3 - 虚幻编辑器' being destroyed
[2020.11.02-04.41.19:691][745]LogWindowsTextInputMethodSystem: Display: IME system now activated using TSF (搜狗拼音输入法).
[2020.11.02-04.41.19:797][746]Cmd: QUIT_EDITOR
[2020.11.02-04.41.19:797][746]LogCore: Engine exit requested (reason: UUnrealEdEngine::CloseEditor())
[2020.11.02-04.41.19:804][746]LogCore: Engine exit requested (reason: EngineExit() was called; note: exit was already requested)
[2020.11.02-04.41.19:845][746]LogEditorSessionSummary: EditorSessionSummary sent report. Type=Shutdown, SessionId={037F7507-481C-5C2A-23ED-A591188E525D}
[2020.11.02-04.41.19:965][746]LogExit: Preparing to exit.
[2020.11.02-04.41.21:095][746]LogActorComponent: UnregisterComponent: (None.None) Not registered. Aborting.
[2020.11.02-04.41.21:095][746]LogActorComponent: UnregisterComponent: (None.None) Not registered. Aborting.
[2020.11.02-04.41.21:095][746]LogActorComponent: UnregisterComponent: (None.None) Not registered. Aborting.
[2020.11.02-04.41.21:095][746]LogActorComponent: UnregisterComponent: (None.None) Not registered. Aborting.
[2020.11.02-04.41.21:095][746]LogActorComponent: UnregisterComponent: (None.None) Not registered. Aborting.
[2020.11.02-04.41.21:095][746]LogActorComponent: UnregisterComponent: (None.None) Not registered. Aborting.
[2020.11.02-04.41.21:095][746]LogActorComponent: UnregisterComponent: (None.None) Not registered. Aborting.
[2020.11.02-04.41.21:095][746]LogWorld: UWorld::CleanupWorld for None, bSessionEnded=true, bCleanupResources=true
[2020.11.02-04.41.21:095][746]LogActorComponent: UnregisterComponent: (None.None) Not registered. Aborting.
[2020.11.02-04.41.21:095][746]LogActorComponent: UnregisterComponent: (None.None) Not registered. Aborting.
[2020.11.02-04.41.21:095][746]LogActorComponent: UnregisterComponent: (None.None) Not registered. Aborting.
[2020.11.02-04.41.21:095][746]LogActorComponent: UnregisterComponent: (None.None) Not registered. Aborting.
[2020.11.02-04.41.21:095][746]LogActorComponent: UnregisterComponent: (None.None) Not registered. Aborting.
[2020.11.02-04.41.21:095][746]LogActorComponent: UnregisterComponent: (None.None) Not registered. Aborting.
[2020.11.02-04.41.21:095][746]LogActorComponent: UnregisterComponent: (None.None) Not registered. Aborting.
[2020.11.02-04.41.21:095][746]LogWorld: UWorld::CleanupWorld for None, bSessionEnded=true, bCleanupResources=true
[2020.11.02-04.41.21:095][746]LogActorComponent: UnregisterComponent: (None.None) Not registered. Aborting.
[2020.11.02-04.41.21:095][746]LogActorComponent: UnregisterComponent: (None.None) Not registered. Aborting.
[2020.11.02-04.41.21:095][746]LogActorComponent: UnregisterComponent: (None.None) Not registered. Aborting.
[2020.11.02-04.41.21:095][746]LogActorComponent: UnregisterComponent: (None.None) Not registered. Aborting.
[2020.11.02-04.41.21:095][746]LogActorComponent: UnregisterComponent: (None.None) Not registered. Aborting.
[2020.11.02-04.41.21:095][746]LogActorComponent: UnregisterComponent: (None.None) Not registered. Aborting.
[2020.11.02-04.41.21:095][746]LogActorComponent: UnregisterComponent: (None.None) Not registered. Aborting.
[2020.11.02-04.41.21:095][746]LogWorld: UWorld::CleanupWorld for None, bSessionEnded=true, bCleanupResources=true
[2020.11.02-04.41.21:099][746]LogDemo: Cleaned up 0 splitscreen connections with owner deletion
[2020.11.02-04.41.21:106][746]LogExit: Editor shut down
[2020.11.02-04.41.21:106][746]LogExit: Transaction tracking system shut down
[2020.11.02-04.41.21:274][746]LogAISub: UAISubsystem::~UAISubsystem EnvQueryManager (000001B7C0624600), frame # 9746
[2020.11.02-04.41.21:275][746]LogAISub: UAISubsystem::~UAISubsystem AIPerceptionSystem (000001B7C05F3B00), frame # 9746
[2020.11.02-04.41.21:277][746]LogAISub: UAISubsystem::~UAISubsystem AISubsystem (000001B7C8F6DBC0), frame # 9746
[2020.11.02-04.41.21:277][746]LogAISub: UAISubsystem::~UAISubsystem AIPerceptionSystem (000001B7C8EBD1C0), frame # 9746
[2020.11.02-04.41.21:277][746]LogAISub: UAISubsystem::~UAISubsystem EnvQueryManager (000001B7C8F15C00), frame # 9746
[2020.11.02-04.41.21:342][746]LogExit: Object subsystem successfully closed.
[2020.11.02-04.41.21:383][746]LogShaderCompilers: Display: Shaders left to compile 0
[2020.11.02-04.41.21:394][746]LogModuleManager: Shutting down and abandoning module BlueprintGraph (780)
[2020.11.02-04.41.21:394][746]LogModuleManager: Shutting down and abandoning module MovieSceneCapture (778)
[2020.11.02-04.41.21:394][746]LogModuleManager: Shutting down and abandoning module Voice (776)
[2020.11.02-04.41.21:394][746]LogModuleManager: Shutting down and abandoning module HierarchicalLODOutliner (774)
[2020.11.02-04.41.21:394][746]LogModuleManager: Shutting down and abandoning module SceneOutliner (772)
[2020.11.02-04.41.21:394][746]LogModuleManager: Shutting down and abandoning module AddContentDialog (770)
[2020.11.02-04.41.21:394][746]LogModuleManager: Shutting down and abandoning module WidgetCarousel (769)
[2020.11.02-04.41.21:394][746]LogModuleManager: Shutting down and abandoning module EditorWidgets (766)
[2020.11.02-04.41.21:394][746]LogModuleManager: Shutting down and abandoning module CollectionManager (764)
[2020.11.02-04.41.21:395][746]LogModuleManager: Shutting down and abandoning module StatsViewer (762)
[2020.11.02-04.41.21:395][746]LogModuleManager: Shutting down and abandoning module VirtualTexturingEditor (760)
[2020.11.02-04.41.21:395][746]LogModuleManager: Shutting down and abandoning module FoliageEdit (758)
[2020.11.02-04.41.21:395][746]LogModuleManager: Shutting down and abandoning module LandscapeEditor (756)
[2020.11.02-04.41.21:395][746]LogModuleManager: Shutting down and abandoning module MeshPaintMode (754)
[2020.11.02-04.41.21:395][746]LogModuleManager: Shutting down and abandoning module SceneDepthPickerMode (752)
[2020.11.02-04.41.21:395][746]LogModuleManager: Shutting down and abandoning module ActorPickerMode (750)
[2020.11.02-04.41.21:395][746]LogModuleManager: Shutting down and abandoning module PIEPreviewDeviceProfileSelector (748)
[2020.11.02-04.41.21:395][746]LogModuleManager: Shutting down and abandoning module SequenceRecorderSections (746)
[2020.11.02-04.41.21:395][746]LogModuleManager: Shutting down and abandoning module AutomationWorker (744)
[2020.11.02-04.41.21:395][746]LogModuleManager: Shutting down and abandoning module SteamVREditor (742)
[2020.11.02-04.41.21:395][746]LogModuleManager: Shutting down and abandoning module OculusMR (740)
[2020.11.02-04.41.21:395][746]LogModuleManager: Shutting down and abandoning module GooglePADEditor (738)
[2020.11.02-04.41.21:395][746]LogModuleManager: Shutting down and abandoning module AudioCaptureEditor (736)
[2020.11.02-04.41.21:395][746]LogModuleManager: Shutting down and abandoning module TemplateSequenceEditor (734)
[2020.11.02-04.41.21:395][746]LogModuleManager: Shutting down and abandoning module MatineeToLevelSequence (732)
[2020.11.02-04.41.21:395][746]LogModuleManager: Shutting down and abandoning module LevelSequenceEditor (730)
[2020.11.02-04.41.21:395][746]LogModuleManager: Shutting down and abandoning module ActorSequenceEditor (728)
[2020.11.02-04.41.21:395][746]LogModuleManager: Shutting down and abandoning module WmfMediaFactory (726)
[2020.11.02-04.41.21:395][746]LogModuleManager: Shutting down and abandoning module WmfMediaEditor (724)
[2020.11.02-04.41.21:395][746]LogModuleManager: Shutting down and abandoning module WebMMediaFactory (722)
[2020.11.02-04.41.21:395][746]LogModuleManager: Shutting down and abandoning module WebMMediaEditor (720)
[2020.11.02-04.41.21:395][746]LogModuleManager: Shutting down and abandoning module WebMMedia (718)
[2020.11.02-04.41.21:395][746]LogModuleManager: Shutting down and abandoning module MediaPlayerEditor (716)
[2020.11.02-04.41.21:395][746]LogModuleManager: Shutting down and abandoning module MediaCompositingEditor (714)
[2020.11.02-04.41.21:395][746]LogModuleManager: Shutting down and abandoning module SequenceRecorder (713)
[2020.11.02-04.41.21:395][746]LogModuleManager: Shutting down and abandoning module OpenExrWrapper (710)
[2020.11.02-04.41.21:395][746]LogModuleManager: Shutting down and abandoning module ImgMediaFactory (708)
[2020.11.02-04.41.21:395][746]LogModuleManager: Shutting down and abandoning module ImgMediaEditor (706)
[2020.11.02-04.41.21:395][746]LogModuleManager: Shutting down and abandoning module AvfMediaFactory (704)
[2020.11.02-04.41.21:395][746]LogModuleManager: Shutting down and abandoning module AvfMediaEditor (702)
[2020.11.02-04.41.21:395][746]LogModuleManager: Shutting down and abandoning module AndroidMediaFactory (700)
[2020.11.02-04.41.21:395][746]LogModuleManager: Shutting down and abandoning module AndroidMediaEditor (698)
[2020.11.02-04.41.21:395][746]LogModuleManager: Shutting down and abandoning module MagicLeapMediaCodecFactory (696)
[2020.11.02-04.41.21:395][746]LogModuleManager: Shutting down and abandoning module MagicLeapMediaFactory (694)
[2020.11.02-04.41.21:395][746]LogModuleManager: Shutting down and abandoning module MagicLeapMediaEditor (692)
[2020.11.02-04.41.21:395][746]LogModuleManager: Shutting down and abandoning module PlanarCut (690)
[2020.11.02-04.41.21:395][746]LogModuleManager: Shutting down and abandoning module CharacterAI (688)
[2020.11.02-04.41.21:395][746]LogModuleManager: Shutting down and abandoning module TextureAlignMode (686)
[2020.11.02-04.41.21:395][746]LogModuleManager: Shutting down and abandoning module BspMode (684)
[2020.11.02-04.41.21:395][746]LogModuleManager: Shutting down and abandoning module PlacementMode (683)
[2020.11.02-04.41.21:395][746]LogModuleManager: Shutting down and abandoning module GeometryMode (680)
[2020.11.02-04.41.21:395][746]LogModuleManager: Shutting down and abandoning module CameraShakePreviewer (678)
[2020.11.02-04.41.21:395][746]LogModuleManager: Shutting down and abandoning module SmartSnapping (676)
[2020.11.02-04.41.21:395][746]LogModuleManager: Shutting down and abandoning module SessionServices (674)
[2020.11.02-04.41.21:395][746]LogModuleManager: Shutting down and abandoning module MeshPaint (672)
[2020.11.02-04.41.21:395][746]LogModuleManager: Shutting down and abandoning module ViewportSnapping (670)
[2020.11.02-04.41.21:395][746]LogModuleManager: Shutting down and abandoning module ViewportInteraction (668)
[2020.11.02-04.41.21:395][746]LogModuleManager: Shutting down and abandoning module ClothPainter (666)
[2020.11.02-04.41.21:395][746]LogModuleManager: Shutting down and abandoning module SkeletalMeshEditor (665)
[2020.11.02-04.41.21:395][746]LogModuleManager: Shutting down and abandoning module LogVisualizer (662)
[2020.11.02-04.41.21:396][746]LogModuleManager: Shutting down and abandoning module IntroTutorials (660)
[2020.11.02-04.41.21:396][746]LogModuleManager: Shutting down and abandoning module GameProjectGeneration (659)
[2020.11.02-04.41.21:396][746]LogModuleManager: Shutting down and abandoning module LuminPlatformEditor (656)
[2020.11.02-04.41.21:396][746]LogModuleManager: Shutting down and abandoning module IOSPlatformEditor (654)
[2020.11.02-04.41.21:396][746]LogModuleManager: Shutting down and abandoning module AndroidPlatformEditor (652)
[2020.11.02-04.41.21:396][746]LogModuleManager: Shutting down and abandoning module AndroidDeviceDetection (651)
